{"C:\\Users\\corcutt\\WebstormProjects\\Journey\\src\\index.ts": {"path":"C:\\Users\\corcutt\\WebstormProjects\\Journey\\src\\index.ts","statementMap":{"0":{"start":{"line":11,"column":0},"end":{"line":11,"column":16}},"1":{"start":{"line":1,"column":0},"end":{"line":1,"column":30}},"2":{"start":{"line":2,"column":0},"end":{"line":2,"column":24}},"3":{"start":{"line":3,"column":0},"end":{"line":3,"column":32}},"4":{"start":{"line":4,"column":0},"end":{"line":4,"column":59}},"5":{"start":{"line":5,"column":0},"end":{"line":5,"column":46}},"6":{"start":{"line":6,"column":0},"end":{"line":6,"column":46}},"7":{"start":{"line":7,"column":0},"end":{"line":7,"column":39}},"8":{"start":{"line":8,"column":0},"end":{"line":8,"column":57}},"9":{"start":{"line":9,"column":0},"end":{"line":9,"column":61}},"10":{"start":{"line":12,"column":14},"end":{"line":12,"column":23}},"11":{"start":{"line":13,"column":2},"end":{"line":13,"column":18}},"12":{"start":{"line":14,"column":2},"end":{"line":14,"column":26}},"13":{"start":{"line":16,"column":2},"end":{"line":16,"column":42}},"14":{"start":{"line":17,"column":2},"end":{"line":17,"column":42}},"15":{"start":{"line":18,"column":2},"end":{"line":18,"column":30}},"16":{"start":{"line":21,"column":2},"end":{"line":21,"column":64}},"17":{"start":{"line":21,"column":36},"end":{"line":21,"column":62}},"18":{"start":{"line":23,"column":2},"end":{"line":23,"column":24}},"19":{"start":{"line":24,"column":2},"end":{"line":24,"column":13}},"20":{"start":{"line":27,"column":0},"end":{"line":56,"column":1}},"21":{"start":{"line":28,"column":2},"end":{"line":55,"column":7}},"22":{"start":{"line":28,"column":14},"end":{"line":55,"column":4}},"23":{"start":{"line":29,"column":16},"end":{"line":29,"column":27}},"24":{"start":{"line":30,"column":4},"end":{"line":32,"column":7}},"25":{"start":{"line":31,"column":6},"end":{"line":31,"column":80}},"26":{"start":{"line":35,"column":4},"end":{"line":37,"column":7}},"27":{"start":{"line":36,"column":6},"end":{"line":36,"column":73}},"28":{"start":{"line":39,"column":19},"end":{"line":41,"column":6}},"29":{"start":{"line":40,"column":6},"end":{"line":40,"column":63}},"30":{"start":{"line":43,"column":21},"end":{"line":51,"column":6}},"31":{"start":{"line":43,"column":46},"end":{"line":51,"column":6}},"32":{"start":{"line":44,"column":6},"end":{"line":44,"column":67}},"33":{"start":{"line":45,"column":6},"end":{"line":50,"column":9}},"34":{"start":{"line":45,"column":30},"end":{"line":50,"column":8}},"35":{"start":{"line":47,"column":8},"end":{"line":47,"column":40}},"36":{"start":{"line":48,"column":8},"end":{"line":48,"column":29}},"37":{"start":{"line":49,"column":8},"end":{"line":49,"column":24}},"38":{"start":{"line":53,"column":4},"end":{"line":53,"column":51}},"39":{"start":{"line":53,"column":31},"end":{"line":53,"column":49}},"40":{"start":{"line":54,"column":4},"end":{"line":54,"column":53}},"41":{"start":{"line":54,"column":32},"end":{"line":54,"column":51}},"42":{"start":{"line":58,"column":0},"end":{"line":58,"column":25}}},"fnMap":{"0":{"name":"createApp","decl":{"start":{"line":11,"column":16},"end":{"line":11,"column":25}},"loc":{"start":{"line":11,"column":25},"end":{"line":25,"column":1}}},"1":{"name":"(anonymous_9)","decl":{"start":{"line":21,"column":21},"end":{"line":21,"column":22}},"loc":{"start":{"line":21,"column":36},"end":{"line":21,"column":62}}},"2":{"name":"(anonymous_10)","decl":{"start":{"line":28,"column":3},"end":{"line":28,"column":12}},"loc":{"start":{"line":28,"column":14},"end":{"line":55,"column":4}}},"3":{"name":"(anonymous_11)","decl":{"start":{"line":28,"column":14},"end":{"line":28,"column":null}},"loc":{"start":{"line":28,"column":14},"end":{"line":55,"column":3}}},"4":{"name":"(anonymous_12)","decl":{"start":{"line":30,"column":28},"end":{"line":30,"column":29}},"loc":{"start":{"line":30,"column":36},"end":{"line":32,"column":5}}},"5":{"name":"(anonymous_13)","decl":{"start":{"line":35,"column":49},"end":{"line":35,"column":50}},"loc":{"start":{"line":35,"column":57},"end":{"line":37,"column":5}}},"6":{"name":"(anonymous_14)","decl":{"start":{"line":39,"column":36},"end":{"line":39,"column":39}},"loc":{"start":{"line":39,"column":41},"end":{"line":41,"column":5}}},"7":{"name":"(anonymous_15)","decl":{"start":{"line":43,"column":21},"end":{"line":43,"column":28}},"loc":{"start":{"line":43,"column":46},"end":{"line":51,"column":6}}},"8":{"name":"(anonymous_16)","decl":{"start":{"line":43,"column":46},"end":{"line":43,"column":null}},"loc":{"start":{"line":43,"column":46},"end":{"line":51,"column":5}}},"9":{"name":"(anonymous_17)","decl":{"start":{"line":45,"column":19},"end":{"line":45,"column":28}},"loc":{"start":{"line":45,"column":30},"end":{"line":50,"column":8}}},"10":{"name":"(anonymous_18)","decl":{"start":{"line":45,"column":30},"end":{"line":45,"column":null}},"loc":{"start":{"line":45,"column":30},"end":{"line":50,"column":7}}},"11":{"name":"(anonymous_19)","decl":{"start":{"line":53,"column":25},"end":{"line":53,"column":28}},"loc":{"start":{"line":53,"column":31},"end":{"line":53,"column":49}}},"12":{"name":"(anonymous_20)","decl":{"start":{"line":54,"column":26},"end":{"line":54,"column":29}},"loc":{"start":{"line":54,"column":32},"end":{"line":54,"column":51}}}},"branchMap":{"0":{"loc":{"start":{"line":27,"column":0},"end":{"line":56,"column":1}},"type":"if","locations":[{"start":{"line":27,"column":0},"end":{"line":56,"column":1}}]}},"s":{"0":3,"1":3,"2":3,"3":3,"4":3,"5":3,"6":3,"7":3,"8":3,"9":3,"10":3,"11":3,"12":3,"13":3,"14":3,"15":3,"16":3,"17":0,"18":3,"19":3,"20":3,"21":0,"22":0,"23":0,"24":0,"25":0,"26":0,"27":0,"28":0,"29":0,"30":0,"31":0,"32":0,"33":0,"34":0,"35":0,"36":0,"37":0,"38":0,"39":0,"40":0,"41":0,"42":3},"f":{"0":3,"1":0,"2":0,"3":0,"4":0,"5":0,"6":0,"7":0,"8":0,"9":0,"10":0,"11":0,"12":0},"b":{"0":[0]}}
,"C:\\Users\\corcutt\\WebstormProjects\\Journey\\src\\config\\index.ts": {"path":"C:\\Users\\corcutt\\WebstormProjects\\Journey\\src\\config\\index.ts","statementMap":{"0":{"start":{"line":1,"column":0},"end":{"line":1,"column":28}},"1":{"start":{"line":3,"column":0},"end":{"line":3,"column":16}},"2":{"start":{"line":5,"column":13},"end":{"line":5,"column":62}},"3":{"start":{"line":6,"column":13},"end":{"line":6,"column":61}},"4":{"start":{"line":7,"column":13},"end":{"line":7,"column":90}}},"fnMap":{},"branchMap":{"0":{"loc":{"start":{"line":5,"column":24},"end":{"line":5,"column":61}},"type":"binary-expr","locations":[{"start":{"line":5,"column":24},"end":{"line":5,"column":44}},{"start":{"line":5,"column":48},"end":{"line":5,"column":61}}]},"1":{"loc":{"start":{"line":6,"column":29},"end":{"line":6,"column":55}},"type":"binary-expr","locations":[{"start":{"line":6,"column":29},"end":{"line":6,"column":45}},{"start":{"line":6,"column":49},"end":{"line":6,"column":55}}]},"2":{"loc":{"start":{"line":7,"column":27},"end":{"line":7,"column":89}},"type":"binary-expr","locations":[{"start":{"line":7,"column":27},"end":{"line":7,"column":50}},{"start":{"line":7,"column":54},"end":{"line":7,"column":89}}]}},"s":{"0":3,"1":3,"2":3,"3":3,"4":3},"f":{},"b":{"0":[3,0],"1":[3,3],"2":[3,3]}}
,"C:\\Users\\corcutt\\WebstormProjects\\Journey\\src\\controllers\\journeyController.ts": {"path":"C:\\Users\\corcutt\\WebstormProjects\\Journey\\src\\controllers\\journeyController.ts","statementMap":{"0":{"start":{"line":8,"column":0},"end":{"line":8,"column":22}},"1":{"start":{"line":18,"column":0},"end":{"line":18,"column":22}},"2":{"start":{"line":27,"column":0},"end":{"line":27,"column":22}},"3":{"start":{"line":37,"column":0},"end":{"line":37,"column":22}},"4":{"start":{"line":47,"column":0},"end":{"line":47,"column":22}},"5":{"start":{"line":57,"column":0},"end":{"line":57,"column":22}},"6":{"start":{"line":2,"column":0},"end":{"line":2,"column":44}},"7":{"start":{"line":3,"column":0},"end":{"line":3,"column":44}},"8":{"start":{"line":6,"column":0},"end":{"line":6,"column":62}},"9":{"start":{"line":9,"column":2},"end":{"line":15,"column":3}},"10":{"start":{"line":10,"column":20},"end":{"line":10,"column":50}},"11":{"start":{"line":11,"column":4},"end":{"line":11,"column":53}},"12":{"start":{"line":12,"column":4},"end":{"line":12,"column":43}},"13":{"start":{"line":14,"column":4},"end":{"line":14,"column":14}},"14":{"start":{"line":19,"column":2},"end":{"line":24,"column":3}},"15":{"start":{"line":20,"column":21},"end":{"line":20,"column":41}},"16":{"start":{"line":21,"column":4},"end":{"line":21,"column":44}},"17":{"start":{"line":21,"column":31},"end":{"line":21,"column":41}},"18":{"start":{"line":23,"column":4},"end":{"line":23,"column":14}},"19":{"start":{"line":28,"column":2},"end":{"line":34,"column":3}},"20":{"start":{"line":29,"column":20},"end":{"line":29,"column":57}},"21":{"start":{"line":30,"column":4},"end":{"line":30,"column":123}},"22":{"start":{"line":30,"column":18},"end":{"line":30,"column":123}},"23":{"start":{"line":31,"column":4},"end":{"line":31,"column":31}},"24":{"start":{"line":33,"column":4},"end":{"line":33,"column":14}},"25":{"start":{"line":38,"column":2},"end":{"line":44,"column":3}},"26":{"start":{"line":39,"column":20},"end":{"line":39,"column":112}},"27":{"start":{"line":40,"column":4},"end":{"line":40,"column":123}},"28":{"start":{"line":40,"column":18},"end":{"line":40,"column":123}},"29":{"start":{"line":41,"column":4},"end":{"line":41,"column":31}},"30":{"start":{"line":43,"column":4},"end":{"line":43,"column":14}},"31":{"start":{"line":48,"column":2},"end":{"line":54,"column":3}},"32":{"start":{"line":49,"column":20},"end":{"line":49,"column":66}},"33":{"start":{"line":50,"column":4},"end":{"line":50,"column":123}},"34":{"start":{"line":50,"column":18},"end":{"line":50,"column":123}},"35":{"start":{"line":51,"column":4},"end":{"line":51,"column":27}},"36":{"start":{"line":53,"column":4},"end":{"line":53,"column":14}},"37":{"start":{"line":58,"column":2},"end":{"line":81,"column":3}},"38":{"start":{"line":59,"column":20},"end":{"line":59,"column":57}},"39":{"start":{"line":60,"column":4},"end":{"line":60,"column":123}},"40":{"start":{"line":60,"column":18},"end":{"line":60,"column":123}},"41":{"start":{"line":62,"column":35},"end":{"line":62,"column":49}},"42":{"start":{"line":65,"column":4},"end":{"line":75,"column":5}},"43":{"start":{"line":66,"column":16},"end":{"line":66,"column":49}},"44":{"start":{"line":67,"column":6},"end":{"line":67,"column":119}},"45":{"start":{"line":67,"column":14},"end":{"line":67,"column":119}},"46":{"start":{"line":68,"column":6},"end":{"line":68,"column":17}},"47":{"start":{"line":69,"column":11},"end":{"line":75,"column":5}},"48":{"start":{"line":71,"column":22},"end":{"line":71,"column":51}},"49":{"start":{"line":72,"column":6},"end":{"line":72,"column":23}},"50":{"start":{"line":74,"column":6},"end":{"line":74,"column":147}},"51":{"start":{"line":77,"column":16},"end":{"line":77,"column":67}},"52":{"start":{"line":78,"column":4},"end":{"line":78,"column":30}},"53":{"start":{"line":80,"column":4},"end":{"line":80,"column":14}}},"fnMap":{"0":{"name":"createJourney","decl":{"start":{"line":8,"column":22},"end":{"line":8,"column":35}},"loc":{"start":{"line":8,"column":83},"end":{"line":16,"column":null}}},"1":{"name":"getJourneys","decl":{"start":{"line":18,"column":22},"end":{"line":18,"column":33}},"loc":{"start":{"line":18,"column":82},"end":{"line":25,"column":null}}},"2":{"name":"(anonymous_11)","decl":{"start":{"line":21,"column":26},"end":{"line":21,"column":27}},"loc":{"start":{"line":21,"column":31},"end":{"line":21,"column":41}}},"3":{"name":"getJourney","decl":{"start":{"line":27,"column":22},"end":{"line":27,"column":32}},"loc":{"start":{"line":27,"column":80},"end":{"line":35,"column":null}}},"4":{"name":"updateJourney","decl":{"start":{"line":37,"column":22},"end":{"line":37,"column":35}},"loc":{"start":{"line":37,"column":83},"end":{"line":45,"column":null}}},"5":{"name":"deleteJourney","decl":{"start":{"line":47,"column":22},"end":{"line":47,"column":35}},"loc":{"start":{"line":47,"column":83},"end":{"line":55,"column":null}}},"6":{"name":"startJourney","decl":{"start":{"line":57,"column":22},"end":{"line":57,"column":34}},"loc":{"start":{"line":57,"column":82},"end":{"line":82,"column":null}}}},"branchMap":{"0":{"loc":{"start":{"line":30,"column":4},"end":{"line":30,"column":123}},"type":"if","locations":[{"start":{"line":30,"column":4},"end":{"line":30,"column":123}}]},"1":{"loc":{"start":{"line":40,"column":4},"end":{"line":40,"column":123}},"type":"if","locations":[{"start":{"line":40,"column":4},"end":{"line":40,"column":123}}]},"2":{"loc":{"start":{"line":50,"column":4},"end":{"line":50,"column":123}},"type":"if","locations":[{"start":{"line":50,"column":4},"end":{"line":50,"column":123}}]},"3":{"loc":{"start":{"line":60,"column":4},"end":{"line":60,"column":123}},"type":"if","locations":[{"start":{"line":60,"column":4},"end":{"line":60,"column":123}}]},"4":{"loc":{"start":{"line":62,"column":35},"end":{"line":62,"column":49}},"type":"binary-expr","locations":[{"start":{"line":62,"column":35},"end":{"line":62,"column":43}},{"start":{"line":62,"column":47},"end":{"line":62,"column":49}}]},"5":{"loc":{"start":{"line":65,"column":4},"end":{"line":75,"column":5}},"type":"if","locations":[{"start":{"line":65,"column":4},"end":{"line":75,"column":5}},{"start":{"line":69,"column":11},"end":{"line":75,"column":5}}]},"6":{"loc":{"start":{"line":67,"column":6},"end":{"line":67,"column":119}},"type":"if","locations":[{"start":{"line":67,"column":6},"end":{"line":67,"column":119}}]},"7":{"loc":{"start":{"line":69,"column":11},"end":{"line":75,"column":5}},"type":"if","locations":[{"start":{"line":69,"column":11},"end":{"line":75,"column":5}},{"start":{"line":73,"column":11},"end":{"line":75,"column":5}}]}},"s":{"0":3,"1":3,"2":3,"3":3,"4":3,"5":3,"6":3,"7":3,"8":3,"9":2,"10":2,"11":2,"12":2,"13":0,"14":1,"15":1,"16":1,"17":1,"18":0,"19":2,"20":2,"21":2,"22":1,"23":1,"24":0,"25":1,"26":1,"27":1,"28":0,"29":1,"30":0,"31":1,"32":1,"33":1,"34":0,"35":1,"36":0,"37":5,"38":5,"39":5,"40":0,"41":5,"42":5,"43":4,"44":4,"45":0,"46":4,"47":1,"48":1,"49":1,"50":0,"51":5,"52":5,"53":0},"f":{"0":2,"1":1,"2":1,"3":2,"4":1,"5":1,"6":5},"b":{"0":[1],"1":[0],"2":[0],"3":[0],"4":[5,0],"5":[4,1],"6":[0],"7":[1,0]}}
,"C:\\Users\\corcutt\\WebstormProjects\\Journey\\src\\controllers\\patientController.ts": {"path":"C:\\Users\\corcutt\\WebstormProjects\\Journey\\src\\controllers\\patientController.ts","statementMap":{"0":{"start":{"line":4,"column":0},"end":{"line":4,"column":22}},"1":{"start":{"line":14,"column":0},"end":{"line":14,"column":22}},"2":{"start":{"line":23,"column":0},"end":{"line":23,"column":22}},"3":{"start":{"line":33,"column":0},"end":{"line":33,"column":22}},"4":{"start":{"line":43,"column":0},"end":{"line":43,"column":22}},"5":{"start":{"line":2,"column":0},"end":{"line":2,"column":44}},"6":{"start":{"line":5,"column":2},"end":{"line":11,"column":3}},"7":{"start":{"line":6,"column":20},"end":{"line":6,"column":50}},"8":{"start":{"line":7,"column":4},"end":{"line":7,"column":53}},"9":{"start":{"line":8,"column":4},"end":{"line":8,"column":43}},"10":{"start":{"line":10,"column":4},"end":{"line":10,"column":14}},"11":{"start":{"line":15,"column":2},"end":{"line":20,"column":3}},"12":{"start":{"line":16,"column":21},"end":{"line":16,"column":41}},"13":{"start":{"line":17,"column":4},"end":{"line":17,"column":44}},"14":{"start":{"line":17,"column":31},"end":{"line":17,"column":41}},"15":{"start":{"line":19,"column":4},"end":{"line":19,"column":14}},"16":{"start":{"line":24,"column":2},"end":{"line":30,"column":3}},"17":{"start":{"line":25,"column":20},"end":{"line":25,"column":57}},"18":{"start":{"line":26,"column":4},"end":{"line":26,"column":123}},"19":{"start":{"line":26,"column":18},"end":{"line":26,"column":123}},"20":{"start":{"line":27,"column":4},"end":{"line":27,"column":31}},"21":{"start":{"line":29,"column":4},"end":{"line":29,"column":14}},"22":{"start":{"line":34,"column":2},"end":{"line":40,"column":3}},"23":{"start":{"line":35,"column":20},"end":{"line":35,"column":112}},"24":{"start":{"line":36,"column":4},"end":{"line":36,"column":123}},"25":{"start":{"line":36,"column":18},"end":{"line":36,"column":123}},"26":{"start":{"line":37,"column":4},"end":{"line":37,"column":31}},"27":{"start":{"line":39,"column":4},"end":{"line":39,"column":14}},"28":{"start":{"line":44,"column":2},"end":{"line":50,"column":3}},"29":{"start":{"line":45,"column":20},"end":{"line":45,"column":66}},"30":{"start":{"line":46,"column":4},"end":{"line":46,"column":123}},"31":{"start":{"line":46,"column":18},"end":{"line":46,"column":123}},"32":{"start":{"line":47,"column":4},"end":{"line":47,"column":27}},"33":{"start":{"line":49,"column":4},"end":{"line":49,"column":14}}},"fnMap":{"0":{"name":"createPatient","decl":{"start":{"line":4,"column":22},"end":{"line":4,"column":35}},"loc":{"start":{"line":4,"column":83},"end":{"line":12,"column":null}}},"1":{"name":"getPatients","decl":{"start":{"line":14,"column":22},"end":{"line":14,"column":33}},"loc":{"start":{"line":14,"column":82},"end":{"line":21,"column":null}}},"2":{"name":"(anonymous_11)","decl":{"start":{"line":17,"column":26},"end":{"line":17,"column":27}},"loc":{"start":{"line":17,"column":31},"end":{"line":17,"column":41}}},"3":{"name":"getPatient","decl":{"start":{"line":23,"column":22},"end":{"line":23,"column":32}},"loc":{"start":{"line":23,"column":80},"end":{"line":31,"column":null}}},"4":{"name":"updatePatient","decl":{"start":{"line":33,"column":22},"end":{"line":33,"column":35}},"loc":{"start":{"line":33,"column":83},"end":{"line":41,"column":null}}},"5":{"name":"deletePatient","decl":{"start":{"line":43,"column":22},"end":{"line":43,"column":35}},"loc":{"start":{"line":43,"column":83},"end":{"line":51,"column":null}}}},"branchMap":{"0":{"loc":{"start":{"line":26,"column":4},"end":{"line":26,"column":123}},"type":"if","locations":[{"start":{"line":26,"column":4},"end":{"line":26,"column":123}}]},"1":{"loc":{"start":{"line":36,"column":4},"end":{"line":36,"column":123}},"type":"if","locations":[{"start":{"line":36,"column":4},"end":{"line":36,"column":123}}]},"2":{"loc":{"start":{"line":46,"column":4},"end":{"line":46,"column":123}},"type":"if","locations":[{"start":{"line":46,"column":4},"end":{"line":46,"column":123}}]}},"s":{"0":3,"1":3,"2":3,"3":3,"4":3,"5":3,"6":2,"7":2,"8":2,"9":2,"10":0,"11":1,"12":1,"13":1,"14":1,"15":0,"16":2,"17":2,"18":2,"19":1,"20":1,"21":0,"22":1,"23":1,"24":1,"25":0,"26":1,"27":0,"28":1,"29":1,"30":1,"31":0,"32":1,"33":0},"f":{"0":2,"1":1,"2":1,"3":2,"4":1,"5":1},"b":{"0":[1],"1":[0],"2":[0]}}
,"C:\\Users\\corcutt\\WebstormProjects\\Journey\\src\\controllers\\runController.ts": {"path":"C:\\Users\\corcutt\\WebstormProjects\\Journey\\src\\controllers\\runController.ts","statementMap":{"0":{"start":{"line":10,"column":0},"end":{"line":10,"column":22}},"1":{"start":{"line":22,"column":0},"end":{"line":22,"column":22}},"2":{"start":{"line":32,"column":0},"end":{"line":32,"column":22}},"3":{"start":{"line":42,"column":0},"end":{"line":42,"column":22}},"4":{"start":{"line":53,"column":0},"end":{"line":53,"column":22}},"5":{"start":{"line":2,"column":0},"end":{"line":2,"column":62}},"6":{"start":{"line":5,"column":17},"end":{"line":5,"column":35}},"7":{"start":{"line":6,"column":18},"end":{"line":6,"column":57}},"8":{"start":{"line":7,"column":2},"end":{"line":7,"column":144}},"9":{"start":{"line":11,"column":2},"end":{"line":19,"column":3}},"10":{"start":{"line":12,"column":26},"end":{"line":12,"column":40}},"11":{"start":{"line":13,"column":4},"end":{"line":13,"column":142}},"12":{"start":{"line":13,"column":20},"end":{"line":13,"column":142}},"13":{"start":{"line":14,"column":16},"end":{"line":14,"column":108}},"14":{"start":{"line":15,"column":4},"end":{"line":15,"column":30}},"15":{"start":{"line":17,"column":17},"end":{"line":17,"column":33}},"16":{"start":{"line":18,"column":4},"end":{"line":18,"column":44}},"17":{"start":{"line":23,"column":2},"end":{"line":29,"column":3}},"18":{"start":{"line":24,"column":4},"end":{"line":24,"column":58}},"19":{"start":{"line":25,"column":4},"end":{"line":25,"column":49}},"20":{"start":{"line":27,"column":17},"end":{"line":27,"column":33}},"21":{"start":{"line":28,"column":4},"end":{"line":28,"column":44}},"22":{"start":{"line":33,"column":2},"end":{"line":39,"column":3}},"23":{"start":{"line":34,"column":16},"end":{"line":34,"column":68}},"24":{"start":{"line":35,"column":4},"end":{"line":35,"column":18}},"25":{"start":{"line":37,"column":17},"end":{"line":37,"column":33}},"26":{"start":{"line":38,"column":4},"end":{"line":38,"column":44}},"27":{"start":{"line":43,"column":2},"end":{"line":50,"column":3}},"28":{"start":{"line":44,"column":23},"end":{"line":44,"column":38}},"29":{"start":{"line":45,"column":17},"end":{"line":45,"column":90}},"30":{"start":{"line":46,"column":4},"end":{"line":46,"column":19}},"31":{"start":{"line":48,"column":17},"end":{"line":48,"column":33}},"32":{"start":{"line":49,"column":4},"end":{"line":49,"column":44}},"33":{"start":{"line":54,"column":2},"end":{"line":60,"column":3}},"34":{"start":{"line":55,"column":4},"end":{"line":55,"column":54}},"35":{"start":{"line":56,"column":4},"end":{"line":56,"column":50}},"36":{"start":{"line":58,"column":17},"end":{"line":58,"column":33}},"37":{"start":{"line":59,"column":4},"end":{"line":59,"column":44}}},"fnMap":{"0":{"name":"toHttpError","decl":{"start":{"line":4,"column":9},"end":{"line":4,"column":20}},"loc":{"start":{"line":4,"column":29},"end":{"line":8,"column":1}}},"1":{"name":"startJourneyRun","decl":{"start":{"line":10,"column":22},"end":{"line":10,"column":37}},"loc":{"start":{"line":10,"column":85},"end":{"line":20,"column":null}}},"2":{"name":"resumeRun","decl":{"start":{"line":22,"column":22},"end":{"line":22,"column":31}},"loc":{"start":{"line":22,"column":59},"end":{"line":30,"column":null}}},"3":{"name":"getRun","decl":{"start":{"line":32,"column":22},"end":{"line":32,"column":28}},"loc":{"start":{"line":32,"column":56},"end":{"line":40,"column":null}}},"4":{"name":"listPatientRuns","decl":{"start":{"line":42,"column":22},"end":{"line":42,"column":37}},"loc":{"start":{"line":42,"column":65},"end":{"line":51,"column":null}}},"5":{"name":"cancelRun","decl":{"start":{"line":53,"column":22},"end":{"line":53,"column":31}},"loc":{"start":{"line":53,"column":59},"end":{"line":61,"column":null}}}},"branchMap":{"0":{"loc":{"start":{"line":5,"column":17},"end":{"line":5,"column":35}},"type":"binary-expr","locations":[{"start":{"line":5,"column":17},"end":{"line":5,"column":28}},{"start":{"line":5,"column":32},"end":{"line":5,"column":35}}]},"1":{"loc":{"start":{"line":5,"column":17},"end":{"line":5,"column":28}},"type":"cond-expr","locations":[{"start":{"line":5,"column":20},"end":{"line":5,"column":22}},{"start":{"line":5,"column":17},"end":{"line":5,"column":28}}]},"2":{"loc":{"start":{"line":5,"column":17},"end":{"line":5,"column":22}},"type":"binary-expr","locations":[{"start":{"line":5,"column":17},"end":{"line":5,"column":22}},{"start":{"line":5,"column":17},"end":{"line":5,"column":22}}]},"3":{"loc":{"start":{"line":6,"column":18},"end":{"line":6,"column":57}},"type":"binary-expr","locations":[{"start":{"line":6,"column":18},"end":{"line":6,"column":30}},{"start":{"line":6,"column":34},"end":{"line":6,"column":57}}]},"4":{"loc":{"start":{"line":6,"column":18},"end":{"line":6,"column":30}},"type":"cond-expr","locations":[{"start":{"line":6,"column":21},"end":{"line":6,"column":23}},{"start":{"line":6,"column":18},"end":{"line":6,"column":30}}]},"5":{"loc":{"start":{"line":6,"column":18},"end":{"line":6,"column":23}},"type":"binary-expr","locations":[{"start":{"line":6,"column":18},"end":{"line":6,"column":23}},{"start":{"line":6,"column":18},"end":{"line":6,"column":23}}]},"6":{"loc":{"start":{"line":7,"column":49},"end":{"line":7,"column":126}},"type":"cond-expr","locations":[{"start":{"line":7,"column":66},"end":{"line":7,"column":77}},{"start":{"line":7,"column":80},"end":{"line":7,"column":126}}]},"7":{"loc":{"start":{"line":7,"column":80},"end":{"line":7,"column":126}},"type":"cond-expr","locations":[{"start":{"line":7,"column":97},"end":{"line":7,"column":107}},{"start":{"line":7,"column":110},"end":{"line":7,"column":126}}]},"8":{"loc":{"start":{"line":12,"column":26},"end":{"line":12,"column":40}},"type":"binary-expr","locations":[{"start":{"line":12,"column":26},"end":{"line":12,"column":34}},{"start":{"line":12,"column":38},"end":{"line":12,"column":40}}]},"9":{"loc":{"start":{"line":13,"column":4},"end":{"line":13,"column":142}},"type":"if","locations":[{"start":{"line":13,"column":4},"end":{"line":13,"column":142}}]},"10":{"loc":{"start":{"line":14,"column":51},"end":{"line":14,"column":88}},"type":"binary-expr","locations":[{"start":{"line":14,"column":51},"end":{"line":14,"column":71}},{"start":{"line":14,"column":75},"end":{"line":14,"column":88}}]},"11":{"loc":{"start":{"line":44,"column":23},"end":{"line":44,"column":38}},"type":"binary-expr","locations":[{"start":{"line":44,"column":23},"end":{"line":44,"column":32}},{"start":{"line":44,"column":36},"end":{"line":44,"column":38}}]}},"s":{"0":3,"1":3,"2":3,"3":3,"4":3,"5":3,"6":1,"7":1,"8":1,"9":0,"10":0,"11":0,"12":0,"13":0,"14":0,"15":0,"16":0,"17":1,"18":1,"19":0,"20":1,"21":1,"22":2,"23":2,"24":2,"25":0,"26":0,"27":1,"28":1,"29":1,"30":1,"31":0,"32":0,"33":1,"34":1,"35":1,"36":0,"37":0},"f":{"0":1,"1":0,"2":1,"3":2,"4":1,"5":1},"b":{"0":[1,0],"1":[0,1],"2":[1,1],"3":[1,0],"4":[0,1],"5":[1,1],"6":[0,1],"7":[1,0],"8":[0,0],"9":[0],"10":[0,0],"11":[1,0]}}
,"C:\\Users\\corcutt\\WebstormProjects\\Journey\\src\\middleware\\errorHandler.ts": {"path":"C:\\Users\\corcutt\\WebstormProjects\\Journey\\src\\middleware\\errorHandler.ts","statementMap":{"0":{"start":{"line":3,"column":49},"end":{"line":29,"column":1}},"1":{"start":{"line":5,"column":15},"end":{"line":5,"column":18}},"2":{"start":{"line":6,"column":13},"end":{"line":6,"column":29}},"3":{"start":{"line":7,"column":43},"end":{"line":7,"column":45}},"4":{"start":{"line":10,"column":2},"end":{"line":14,"column":3}},"5":{"start":{"line":11,"column":4},"end":{"line":11,"column":17}},"6":{"start":{"line":12,"column":4},"end":{"line":12,"column":30}},"7":{"start":{"line":13,"column":4},"end":{"line":13,"column":41}},"8":{"start":{"line":16,"column":2},"end":{"line":20,"column":3}},"9":{"start":{"line":17,"column":4},"end":{"line":17,"column":17}},"10":{"start":{"line":18,"column":4},"end":{"line":18,"column":25}},"11":{"start":{"line":19,"column":4},"end":{"line":19,"column":43}},"12":{"start":{"line":23,"column":2},"end":{"line":25,"column":3}},"13":{"start":{"line":24,"column":4},"end":{"line":24,"column":34}},"14":{"start":{"line":27,"column":2},"end":{"line":27,"column":32}},"15":{"start":{"line":28,"column":2},"end":{"line":28,"column":61}},"16":{"start":{"line":3,"column":13},"end":{"line":3,"column":49}}},"fnMap":{"0":{"name":"(anonymous_0)","decl":{"start":{"line":3,"column":49},"end":{"line":3,"column":50}},"loc":{"start":{"line":3,"column":75},"end":{"line":29,"column":1}}}},"branchMap":{"0":{"loc":{"start":{"line":10,"column":2},"end":{"line":14,"column":3}},"type":"if","locations":[{"start":{"line":10,"column":2},"end":{"line":14,"column":3}}]},"1":{"loc":{"start":{"line":10,"column":6},"end":{"line":10,"column":43}},"type":"binary-expr","locations":[{"start":{"line":10,"column":6},"end":{"line":10,"column":9}},{"start":{"line":10,"column":13},"end":{"line":10,"column":43}}]},"2":{"loc":{"start":{"line":16,"column":2},"end":{"line":20,"column":3}},"type":"if","locations":[{"start":{"line":16,"column":2},"end":{"line":20,"column":3}}]},"3":{"loc":{"start":{"line":16,"column":6},"end":{"line":16,"column":37}},"type":"binary-expr","locations":[{"start":{"line":16,"column":6},"end":{"line":16,"column":9}},{"start":{"line":16,"column":13},"end":{"line":16,"column":37}}]},"4":{"loc":{"start":{"line":23,"column":2},"end":{"line":25,"column":3}},"type":"if","locations":[{"start":{"line":23,"column":2},"end":{"line":25,"column":3}}]},"5":{"loc":{"start":{"line":23,"column":6},"end":{"line":23,"column":55}},"type":"binary-expr","locations":[{"start":{"line":23,"column":6},"end":{"line":23,"column":26}},{"start":{"line":23,"column":30},"end":{"line":23,"column":55}}]}},"s":{"0":3,"1":0,"2":0,"3":0,"4":0,"5":0,"6":0,"7":0,"8":0,"9":0,"10":0,"11":0,"12":0,"13":0,"14":0,"15":0,"16":3},"f":{"0":0},"b":{"0":[0],"1":[0,0],"2":[0],"3":[0,0],"4":[0],"5":[0,0]}}
,"C:\\Users\\corcutt\\WebstormProjects\\Journey\\src\\middleware\\validation.ts": {"path":"C:\\Users\\corcutt\\WebstormProjects\\Journey\\src\\middleware\\validation.ts","statementMap":{"0":{"start":{"line":7,"column":0},"end":{"line":7,"column":16}},"1":{"start":{"line":15,"column":0},"end":{"line":15,"column":16}},"2":{"start":{"line":4,"column":2},"end":{"line":4,"column":111}},"3":{"start":{"line":8,"column":39},"end":{"line":8,"column":53}},"4":{"start":{"line":9,"column":2},"end":{"line":9,"column":86}},"5":{"start":{"line":9,"column":31},"end":{"line":9,"column":86}},"6":{"start":{"line":10,"column":2},"end":{"line":10,"column":104}},"7":{"start":{"line":10,"column":40},"end":{"line":10,"column":104}},"8":{"start":{"line":11,"column":2},"end":{"line":11,"column":120}},"9":{"start":{"line":11,"column":68},"end":{"line":11,"column":120}},"10":{"start":{"line":12,"column":2},"end":{"line":12,"column":9}},"11":{"start":{"line":16,"column":18},"end":{"line":16,"column":32}},"12":{"start":{"line":17,"column":2},"end":{"line":19,"column":3}},"13":{"start":{"line":18,"column":4},"end":{"line":18,"column":66}},"14":{"start":{"line":20,"column":2},"end":{"line":22,"column":3}},"15":{"start":{"line":21,"column":4},"end":{"line":21,"column":69}},"16":{"start":{"line":23,"column":14},"end":{"line":23,"column":58}},"17":{"start":{"line":23,"column":52},"end":{"line":23,"column":56}},"18":{"start":{"line":24,"column":2},"end":{"line":26,"column":3}},"19":{"start":{"line":25,"column":4},"end":{"line":25,"column":76}},"20":{"start":{"line":27,"column":2},"end":{"line":48,"column":3}},"21":{"start":{"line":28,"column":4},"end":{"line":30,"column":5}},"22":{"start":{"line":29,"column":6},"end":{"line":29,"column":64}},"23":{"start":{"line":31,"column":4},"end":{"line":47,"column":5}},"24":{"start":{"line":32,"column":6},"end":{"line":34,"column":7}},"25":{"start":{"line":33,"column":8},"end":{"line":33,"column":97}},"26":{"start":{"line":35,"column":11},"end":{"line":47,"column":5}},"27":{"start":{"line":36,"column":6},"end":{"line":38,"column":7}},"28":{"start":{"line":37,"column":8},"end":{"line":37,"column":93}},"29":{"start":{"line":39,"column":6},"end":{"line":41,"column":7}},"30":{"start":{"line":40,"column":8},"end":{"line":40,"column":113}},"31":{"start":{"line":42,"column":6},"end":{"line":44,"column":7}},"32":{"start":{"line":43,"column":8},"end":{"line":43,"column":115}},"33":{"start":{"line":46,"column":6},"end":{"line":46,"column":65}},"34":{"start":{"line":49,"column":2},"end":{"line":49,"column":9}}},"fnMap":{"0":{"name":"badRequest","decl":{"start":{"line":3,"column":9},"end":{"line":3,"column":19}},"loc":{"start":{"line":3,"column":89},"end":{"line":5,"column":1}}},"1":{"name":"validatePatient","decl":{"start":{"line":7,"column":16},"end":{"line":7,"column":31}},"loc":{"start":{"line":7,"column":79},"end":{"line":13,"column":1}}},"2":{"name":"validateJourney","decl":{"start":{"line":15,"column":16},"end":{"line":15,"column":31}},"loc":{"start":{"line":15,"column":79},"end":{"line":50,"column":1}}},"3":{"name":"(anonymous_3)","decl":{"start":{"line":23,"column":40},"end":{"line":23,"column":41}},"loc":{"start":{"line":23,"column":52},"end":{"line":23,"column":56}}}},"branchMap":{"0":{"loc":{"start":{"line":3,"column":52},"end":{"line":3,"column":89}},"type":"default-arg","locations":[{"start":{"line":3,"column":87},"end":{"line":3,"column":89}}]},"1":{"loc":{"start":{"line":8,"column":39},"end":{"line":8,"column":53}},"type":"binary-expr","locations":[{"start":{"line":8,"column":39},"end":{"line":8,"column":47}},{"start":{"line":8,"column":51},"end":{"line":8,"column":53}}]},"2":{"loc":{"start":{"line":9,"column":2},"end":{"line":9,"column":86}},"type":"if","locations":[{"start":{"line":9,"column":2},"end":{"line":9,"column":86}}]},"3":{"loc":{"start":{"line":10,"column":2},"end":{"line":10,"column":104}},"type":"if","locations":[{"start":{"line":10,"column":2},"end":{"line":10,"column":104}}]},"4":{"loc":{"start":{"line":11,"column":2},"end":{"line":11,"column":120}},"type":"if","locations":[{"start":{"line":11,"column":2},"end":{"line":11,"column":120}}]},"5":{"loc":{"start":{"line":16,"column":18},"end":{"line":16,"column":32}},"type":"binary-expr","locations":[{"start":{"line":16,"column":18},"end":{"line":16,"column":26}},{"start":{"line":16,"column":30},"end":{"line":16,"column":32}}]},"6":{"loc":{"start":{"line":17,"column":2},"end":{"line":19,"column":3}},"type":"if","locations":[{"start":{"line":17,"column":2},"end":{"line":19,"column":3}}]},"7":{"loc":{"start":{"line":17,"column":6},"end":{"line":17,"column":65}},"type":"binary-expr","locations":[{"start":{"line":17,"column":6},"end":{"line":17,"column":35}},{"start":{"line":17,"column":39},"end":{"line":17,"column":65}}]},"8":{"loc":{"start":{"line":20,"column":2},"end":{"line":22,"column":3}},"type":"if","locations":[{"start":{"line":20,"column":2},"end":{"line":22,"column":3}}]},"9":{"loc":{"start":{"line":24,"column":2},"end":{"line":26,"column":3}},"type":"if","locations":[{"start":{"line":24,"column":2},"end":{"line":26,"column":3}}]},"10":{"loc":{"start":{"line":28,"column":4},"end":{"line":30,"column":5}},"type":"if","locations":[{"start":{"line":28,"column":4},"end":{"line":30,"column":5}}]},"11":{"loc":{"start":{"line":28,"column":8},"end":{"line":28,"column":68}},"type":"binary-expr","locations":[{"start":{"line":28,"column":8},"end":{"line":28,"column":10}},{"start":{"line":28,"column":14},"end":{"line":28,"column":38}},{"start":{"line":28,"column":42},"end":{"line":28,"column":68}}]},"12":{"loc":{"start":{"line":31,"column":4},"end":{"line":47,"column":5}},"type":"if","locations":[{"start":{"line":31,"column":4},"end":{"line":47,"column":5}},{"start":{"line":35,"column":11},"end":{"line":47,"column":5}}]},"13":{"loc":{"start":{"line":31,"column":8},"end":{"line":31,"column":50}},"type":"binary-expr","locations":[{"start":{"line":31,"column":8},"end":{"line":31,"column":28}},{"start":{"line":31,"column":32},"end":{"line":31,"column":50}}]},"14":{"loc":{"start":{"line":32,"column":6},"end":{"line":34,"column":7}},"type":"if","locations":[{"start":{"line":32,"column":6},"end":{"line":34,"column":7}}]},"15":{"loc":{"start":{"line":32,"column":10},"end":{"line":32,"column":60}},"type":"binary-expr","locations":[{"start":{"line":32,"column":10},"end":{"line":32,"column":32}},{"start":{"line":32,"column":36},"end":{"line":32,"column":60}}]},"16":{"loc":{"start":{"line":35,"column":11},"end":{"line":47,"column":5}},"type":"if","locations":[{"start":{"line":35,"column":11},"end":{"line":47,"column":5}},{"start":{"line":45,"column":11},"end":{"line":47,"column":5}}]},"17":{"loc":{"start":{"line":36,"column":6},"end":{"line":38,"column":7}},"type":"if","locations":[{"start":{"line":36,"column":6},"end":{"line":38,"column":7}}]},"18":{"loc":{"start":{"line":36,"column":10},"end":{"line":36,"column":107}},"type":"binary-expr","locations":[{"start":{"line":36,"column":10},"end":{"line":36,"column":22}},{"start":{"line":36,"column":26},"end":{"line":36,"column":63}},{"start":{"line":36,"column":67},"end":{"line":36,"column":107}}]},"19":{"loc":{"start":{"line":39,"column":6},"end":{"line":41,"column":7}},"type":"if","locations":[{"start":{"line":39,"column":6},"end":{"line":41,"column":7}}]},"20":{"loc":{"start":{"line":39,"column":10},"end":{"line":39,"column":76}},"type":"binary-expr","locations":[{"start":{"line":39,"column":10},"end":{"line":39,"column":40}},{"start":{"line":39,"column":44},"end":{"line":39,"column":76}}]},"21":{"loc":{"start":{"line":42,"column":6},"end":{"line":44,"column":7}},"type":"if","locations":[{"start":{"line":42,"column":6},"end":{"line":44,"column":7}}]},"22":{"loc":{"start":{"line":42,"column":10},"end":{"line":42,"column":78}},"type":"binary-expr","locations":[{"start":{"line":42,"column":10},"end":{"line":42,"column":41}},{"start":{"line":42,"column":45},"end":{"line":42,"column":78}}]}},"s":{"0":3,"1":3,"2":2,"3":4,"4":4,"5":1,"6":3,"7":0,"8":3,"9":0,"10":3,"11":4,"12":4,"13":1,"14":3,"15":0,"16":3,"17":3,"18":3,"19":0,"20":3,"21":3,"22":0,"23":3,"24":3,"25":0,"26":0,"27":0,"28":0,"29":0,"30":0,"31":0,"32":0,"33":0,"34":3},"f":{"0":2,"1":4,"2":4,"3":3},"b":{"0":[2],"1":[4,0],"2":[1],"3":[0],"4":[0],"5":[4,0],"6":[1],"7":[4,4],"8":[0],"9":[0],"10":[0],"11":[3,3,3],"12":[3,0],"13":[3,0],"14":[0],"15":[3,0],"16":[0,0],"17":[0],"18":[0,0,0],"19":[0],"20":[0,0],"21":[0],"22":[0,0]}}
,"C:\\Users\\corcutt\\WebstormProjects\\Journey\\src\\models\\Journey.ts": {"path":"C:\\Users\\corcutt\\WebstormProjects\\Journey\\src\\models\\Journey.ts","statementMap":{"0":{"start":{"line":1,"column":0},"end":{"line":1,"column":61}},"1":{"start":{"line":2,"column":0},"end":{"line":2,"column":36}},"2":{"start":{"line":11,"column":22},"end":{"line":19,"column":4}},"3":{"start":{"line":16,"column":2},"end":{"line":16,"column":39}},"4":{"start":{"line":17,"column":2},"end":{"line":17,"column":17}},"5":{"start":{"line":18,"column":2},"end":{"line":18,"column":13}},"6":{"start":{"line":22,"column":0},"end":{"line":46,"column":3}},"7":{"start":{"line":23,"column":14},"end":{"line":23,"column":58}},"8":{"start":{"line":24,"column":2},"end":{"line":26,"column":3}},"9":{"start":{"line":25,"column":4},"end":{"line":25,"column":66}},"10":{"start":{"line":27,"column":14},"end":{"line":27,"column":62}},"11":{"start":{"line":27,"column":56},"end":{"line":27,"column":60}},"12":{"start":{"line":28,"column":2},"end":{"line":30,"column":3}},"13":{"start":{"line":29,"column":4},"end":{"line":29,"column":76}},"14":{"start":{"line":31,"column":2},"end":{"line":44,"column":3}},"15":{"start":{"line":32,"column":4},"end":{"line":43,"column":5}},"16":{"start":{"line":33,"column":6},"end":{"line":35,"column":7}},"17":{"start":{"line":34,"column":8},"end":{"line":34,"column":97}},"18":{"start":{"line":36,"column":11},"end":{"line":43,"column":5}},"19":{"start":{"line":37,"column":6},"end":{"line":39,"column":7}},"20":{"start":{"line":38,"column":8},"end":{"line":38,"column":113}},"21":{"start":{"line":40,"column":6},"end":{"line":42,"column":7}},"22":{"start":{"line":41,"column":8},"end":{"line":41,"column":115}},"23":{"start":{"line":45,"column":2},"end":{"line":45,"column":9}},"24":{"start":{"line":48,"column":13},"end":{"line":48,"column":122}}},"fnMap":{"0":{"name":"(anonymous_9)","decl":{"start":{"line":15,"column":79},"end":{"line":15,"column":80}},"loc":{"start":{"line":15,"column":100},"end":{"line":19,"column":1}}},"1":{"name":"(anonymous_10)","decl":{"start":{"line":22,"column":30},"end":{"line":22,"column":40}},"loc":{"start":{"line":22,"column":44},"end":{"line":46,"column":1}}},"2":{"name":"(anonymous_11)","decl":{"start":{"line":27,"column":44},"end":{"line":27,"column":45}},"loc":{"start":{"line":27,"column":56},"end":{"line":27,"column":60}}}},"branchMap":{"0":{"loc":{"start":{"line":24,"column":2},"end":{"line":26,"column":3}},"type":"if","locations":[{"start":{"line":24,"column":2},"end":{"line":26,"column":3}}]},"1":{"loc":{"start":{"line":24,"column":6},"end":{"line":24,"column":42}},"type":"binary-expr","locations":[{"start":{"line":24,"column":6},"end":{"line":24,"column":16}},{"start":{"line":24,"column":20},"end":{"line":24,"column":42}}]},"2":{"loc":{"start":{"line":28,"column":2},"end":{"line":30,"column":3}},"type":"if","locations":[{"start":{"line":28,"column":2},"end":{"line":30,"column":3}}]},"3":{"loc":{"start":{"line":32,"column":4},"end":{"line":43,"column":5}},"type":"if","locations":[{"start":{"line":32,"column":4},"end":{"line":43,"column":5}},{"start":{"line":36,"column":11},"end":{"line":43,"column":5}}]},"4":{"loc":{"start":{"line":32,"column":8},"end":{"line":32,"column":50}},"type":"binary-expr","locations":[{"start":{"line":32,"column":8},"end":{"line":32,"column":28}},{"start":{"line":32,"column":32},"end":{"line":32,"column":50}}]},"5":{"loc":{"start":{"line":33,"column":6},"end":{"line":35,"column":7}},"type":"if","locations":[{"start":{"line":33,"column":6},"end":{"line":35,"column":7}}]},"6":{"loc":{"start":{"line":33,"column":10},"end":{"line":33,"column":60}},"type":"binary-expr","locations":[{"start":{"line":33,"column":10},"end":{"line":33,"column":32}},{"start":{"line":33,"column":36},"end":{"line":33,"column":60}}]},"7":{"loc":{"start":{"line":36,"column":11},"end":{"line":43,"column":5}},"type":"if","locations":[{"start":{"line":36,"column":11},"end":{"line":43,"column":5}}]},"8":{"loc":{"start":{"line":37,"column":6},"end":{"line":39,"column":7}},"type":"if","locations":[{"start":{"line":37,"column":6},"end":{"line":39,"column":7}}]},"9":{"loc":{"start":{"line":37,"column":10},"end":{"line":37,"column":76}},"type":"binary-expr","locations":[{"start":{"line":37,"column":10},"end":{"line":37,"column":40}},{"start":{"line":37,"column":44},"end":{"line":37,"column":76}}]},"10":{"loc":{"start":{"line":40,"column":6},"end":{"line":42,"column":7}},"type":"if","locations":[{"start":{"line":40,"column":6},"end":{"line":42,"column":7}}]},"11":{"loc":{"start":{"line":40,"column":10},"end":{"line":40,"column":78}},"type":"binary-expr","locations":[{"start":{"line":40,"column":10},"end":{"line":40,"column":41}},{"start":{"line":40,"column":45},"end":{"line":40,"column":78}}]},"12":{"loc":{"start":{"line":48,"column":42},"end":{"line":48,"column":121}},"type":"binary-expr","locations":[{"start":{"line":48,"column":42},"end":{"line":48,"column":65}},{"start":{"line":48,"column":69},"end":{"line":48,"column":121}}]}},"s":{"0":1,"1":1,"2":1,"3":0,"4":0,"5":0,"6":1,"7":0,"8":0,"9":0,"10":0,"11":0,"12":0,"13":0,"14":0,"15":0,"16":0,"17":0,"18":0,"19":0,"20":0,"21":0,"22":0,"23":0,"24":1},"f":{"0":0,"1":0,"2":0},"b":{"0":[0],"1":[0,0],"2":[0],"3":[0,0],"4":[0,0],"5":[0],"6":[0,0],"7":[0],"8":[0],"9":[0,0],"10":[0],"11":[0,0],"12":[1,1]}}
,"C:\\Users\\corcutt\\WebstormProjects\\Journey\\src\\models\\JourneyRun.ts": {"path":"C:\\Users\\corcutt\\WebstormProjects\\Journey\\src\\models\\JourneyRun.ts","statementMap":{"0":{"start":{"line":1,"column":0},"end":{"line":1,"column":61}},"1":{"start":{"line":26,"column":32},"end":{"line":32,"column":18}},"2":{"start":{"line":34,"column":25},"end":{"line":67,"column":2}},"3":{"start":{"line":51,"column":6},"end":{"line":51,"column":21}},"4":{"start":{"line":53,"column":6},"end":{"line":54,"column":31}},"5":{"start":{"line":53,"column":24},"end":{"line":53,"column":76}},"6":{"start":{"line":54,"column":11},"end":{"line":54,"column":31}},"7":{"start":{"line":55,"column":6},"end":{"line":55,"column":79}},"8":{"start":{"line":55,"column":25},"end":{"line":55,"column":79}},"9":{"start":{"line":56,"column":6},"end":{"line":57,"column":34}},"10":{"start":{"line":56,"column":27},"end":{"line":56,"column":85}},"11":{"start":{"line":57,"column":11},"end":{"line":57,"column":34}},"12":{"start":{"line":58,"column":6},"end":{"line":63,"column":7}},"13":{"start":{"line":59,"column":8},"end":{"line":62,"column":12}},"14":{"start":{"line":59,"column":60},"end":{"line":61,"column":null}},"15":{"start":{"line":64,"column":6},"end":{"line":64,"column":17}},"16":{"start":{"line":70,"column":0},"end":{"line":70,"column":55}},"17":{"start":{"line":71,"column":0},"end":{"line":71,"column":65}},"18":{"start":{"line":72,"column":0},"end":{"line":72,"column":51}},"19":{"start":{"line":74,"column":13},"end":{"line":74,"column":140}}},"fnMap":{"0":{"name":"(anonymous_9)","decl":{"start":{"line":49,"column":15},"end":{"line":49,"column":16}},"loc":{"start":{"line":49,"column":34},"end":{"line":65,"column":5}}},"1":{"name":"(anonymous_10)","decl":{"start":{"line":59,"column":48},"end":{"line":59,"column":49}},"loc":{"start":{"line":59,"column":60},"end":{"line":61,"column":null}}}},"branchMap":{"0":{"loc":{"start":{"line":53,"column":6},"end":{"line":54,"column":31}},"type":"if","locations":[{"start":{"line":53,"column":6},"end":{"line":54,"column":31}},{"start":{"line":54,"column":11},"end":{"line":54,"column":31}}]},"1":{"loc":{"start":{"line":55,"column":6},"end":{"line":55,"column":79}},"type":"if","locations":[{"start":{"line":55,"column":6},"end":{"line":55,"column":79}}]},"2":{"loc":{"start":{"line":56,"column":6},"end":{"line":57,"column":34}},"type":"if","locations":[{"start":{"line":56,"column":6},"end":{"line":57,"column":34}},{"start":{"line":57,"column":11},"end":{"line":57,"column":34}}]},"3":{"loc":{"start":{"line":58,"column":6},"end":{"line":63,"column":7}},"type":"if","locations":[{"start":{"line":58,"column":6},"end":{"line":63,"column":7}}]},"4":{"loc":{"start":{"line":61,"column":21},"end":{"line":61,"column":82}},"type":"cond-expr","locations":[{"start":{"line":61,"column":35},"end":{"line":61,"column":70}},{"start":{"line":61,"column":73},"end":{"line":61,"column":82}}]},"5":{"loc":{"start":{"line":74,"column":48},"end":{"line":74,"column":139}},"type":"binary-expr","locations":[{"start":{"line":74,"column":48},"end":{"line":74,"column":74}},{"start":{"line":74,"column":78},"end":{"line":74,"column":139}}]}},"s":{"0":1,"1":1,"2":1,"3":0,"4":0,"5":0,"6":0,"7":0,"8":0,"9":0,"10":0,"11":0,"12":0,"13":0,"14":0,"15":0,"16":1,"17":1,"18":1,"19":1},"f":{"0":0,"1":0},"b":{"0":[0,0],"1":[0],"2":[0,0],"3":[0],"4":[0,0],"5":[1,1]}}
,"C:\\Users\\corcutt\\WebstormProjects\\Journey\\src\\models\\Node.ts": {"path":"C:\\Users\\corcutt\\WebstormProjects\\Journey\\src\\models\\Node.ts","statementMap":{"0":{"start":{"line":1,"column":0},"end":{"line":1,"column":34}},"1":{"start":{"line":6,"column":13},"end":{"line":10,"column":19}},"2":{"start":{"line":12,"column":13},"end":{"line":24,"column":19}},"3":{"start":{"line":27,"column":0},"end":{"line":41,"column":3}},"4":{"start":{"line":28,"column":19},"end":{"line":28,"column":30}},"5":{"start":{"line":29,"column":2},"end":{"line":31,"column":3}},"6":{"start":{"line":30,"column":4},"end":{"line":30,"column":97}},"7":{"start":{"line":30,"column":41},"end":{"line":30,"column":97}},"8":{"start":{"line":32,"column":2},"end":{"line":34,"column":3}},"9":{"start":{"line":33,"column":4},"end":{"line":33,"column":113}},"10":{"start":{"line":33,"column":50},"end":{"line":33,"column":113}},"11":{"start":{"line":35,"column":2},"end":{"line":39,"column":3}},"12":{"start":{"line":36,"column":4},"end":{"line":38,"column":5}},"13":{"start":{"line":37,"column":6},"end":{"line":37,"column":95}},"14":{"start":{"line":40,"column":2},"end":{"line":40,"column":9}}},"fnMap":{"0":{"name":"(anonymous_0)","decl":{"start":{"line":27,"column":27},"end":{"line":27,"column":37}},"loc":{"start":{"line":27,"column":41},"end":{"line":41,"column":1}}}},"branchMap":{"0":{"loc":{"start":{"line":29,"column":2},"end":{"line":31,"column":3}},"type":"if","locations":[{"start":{"line":29,"column":2},"end":{"line":31,"column":3}}]},"1":{"loc":{"start":{"line":30,"column":4},"end":{"line":30,"column":97}},"type":"if","locations":[{"start":{"line":30,"column":4},"end":{"line":30,"column":97}}]},"2":{"loc":{"start":{"line":32,"column":2},"end":{"line":34,"column":3}},"type":"if","locations":[{"start":{"line":32,"column":2},"end":{"line":34,"column":3}}]},"3":{"loc":{"start":{"line":33,"column":4},"end":{"line":33,"column":113}},"type":"if","locations":[{"start":{"line":33,"column":4},"end":{"line":33,"column":113}}]},"4":{"loc":{"start":{"line":35,"column":2},"end":{"line":39,"column":3}},"type":"if","locations":[{"start":{"line":35,"column":2},"end":{"line":39,"column":3}}]},"5":{"loc":{"start":{"line":36,"column":4},"end":{"line":38,"column":5}},"type":"if","locations":[{"start":{"line":36,"column":4},"end":{"line":38,"column":5}}]},"6":{"loc":{"start":{"line":36,"column":8},"end":{"line":36,"column":111}},"type":"binary-expr","locations":[{"start":{"line":36,"column":8},"end":{"line":36,"column":22}},{"start":{"line":36,"column":26},"end":{"line":36,"column":65}},{"start":{"line":36,"column":69},"end":{"line":36,"column":111}}]}},"s":{"0":1,"1":1,"2":1,"3":1,"4":0,"5":0,"6":0,"7":0,"8":0,"9":0,"10":0,"11":0,"12":0,"13":0,"14":0},"f":{"0":0},"b":{"0":[0],"1":[0],"2":[0],"3":[0],"4":[0],"5":[0],"6":[0,0,0]}}
,"C:\\Users\\corcutt\\WebstormProjects\\Journey\\src\\routes\\journeys.ts": {"path":"C:\\Users\\corcutt\\WebstormProjects\\Journey\\src\\routes\\journeys.ts","statementMap":{"0":{"start":{"line":1,"column":0},"end":{"line":1,"column":33}},"1":{"start":{"line":2,"column":0},"end":{"line":2,"column":134}},"2":{"start":{"line":3,"column":0},"end":{"line":3,"column":59}},"3":{"start":{"line":5,"column":15},"end":{"line":5,"column":23}},"4":{"start":{"line":7,"column":0},"end":{"line":7,"column":29}},"5":{"start":{"line":8,"column":0},"end":{"line":8,"column":49}},"6":{"start":{"line":9,"column":0},"end":{"line":9,"column":31}},"7":{"start":{"line":10,"column":0},"end":{"line":10,"column":51}},"8":{"start":{"line":11,"column":0},"end":{"line":11,"column":37}},"9":{"start":{"line":12,"column":0},"end":{"line":12,"column":40}},"10":{"start":{"line":14,"column":0},"end":{"line":14,"column":22}}},"fnMap":{},"branchMap":{},"s":{"0":3,"1":3,"2":3,"3":3,"4":3,"5":3,"6":3,"7":3,"8":3,"9":3,"10":3},"f":{},"b":{}}
,"C:\\Users\\corcutt\\WebstormProjects\\Journey\\src\\routes\\patients.ts": {"path":"C:\\Users\\corcutt\\WebstormProjects\\Journey\\src\\routes\\patients.ts","statementMap":{"0":{"start":{"line":1,"column":0},"end":{"line":1,"column":33}},"1":{"start":{"line":2,"column":0},"end":{"line":2,"column":120}},"2":{"start":{"line":3,"column":0},"end":{"line":3,"column":59}},"3":{"start":{"line":5,"column":15},"end":{"line":5,"column":23}},"4":{"start":{"line":7,"column":0},"end":{"line":7,"column":29}},"5":{"start":{"line":8,"column":0},"end":{"line":8,"column":49}},"6":{"start":{"line":9,"column":0},"end":{"line":9,"column":31}},"7":{"start":{"line":10,"column":0},"end":{"line":10,"column":51}},"8":{"start":{"line":11,"column":0},"end":{"line":11,"column":37}},"9":{"start":{"line":13,"column":0},"end":{"line":13,"column":22}}},"fnMap":{},"branchMap":{},"s":{"0":3,"1":3,"2":3,"3":3,"4":3,"5":3,"6":3,"7":3,"8":3,"9":3},"f":{},"b":{}}
,"C:\\Users\\corcutt\\WebstormProjects\\Journey\\src\\routes\\runs.ts": {"path":"C:\\Users\\corcutt\\WebstormProjects\\Journey\\src\\routes\\runs.ts","statementMap":{"0":{"start":{"line":1,"column":0},"end":{"line":1,"column":33}},"1":{"start":{"line":2,"column":0},"end":{"line":2,"column":110}},"2":{"start":{"line":4,"column":15},"end":{"line":4,"column":23}},"3":{"start":{"line":7,"column":0},"end":{"line":7,"column":59}},"4":{"start":{"line":10,"column":0},"end":{"line":10,"column":46}},"5":{"start":{"line":11,"column":0},"end":{"line":11,"column":35}},"6":{"start":{"line":12,"column":0},"end":{"line":12,"column":57}},"7":{"start":{"line":13,"column":0},"end":{"line":13,"column":41}},"8":{"start":{"line":15,"column":0},"end":{"line":15,"column":22}}},"fnMap":{},"branchMap":{},"s":{"0":3,"1":3,"2":3,"3":3,"4":3,"5":3,"6":3,"7":3,"8":3},"f":{},"b":{}}
,"C:\\Users\\corcutt\\WebstormProjects\\Journey\\src\\services\\journeyEngine.ts": {"path":"C:\\Users\\corcutt\\WebstormProjects\\Journey\\src\\services\\journeyEngine.ts","statementMap":{"0":{"start":{"line":39,"column":0},"end":{"line":39,"column":16}},"1":{"start":{"line":2,"column":0},"end":{"line":2,"column":58}},"2":{"start":{"line":9,"column":43},"end":{"line":9,"column":45}},"3":{"start":{"line":10,"column":2},"end":{"line":12,"column":3}},"4":{"start":{"line":11,"column":4},"end":{"line":11,"column":24}},"5":{"start":{"line":13,"column":2},"end":{"line":13,"column":13}},"6":{"start":{"line":17,"column":2},"end":{"line":19,"column":3}},"7":{"start":{"line":18,"column":4},"end":{"line":18,"column":59}},"8":{"start":{"line":20,"column":2},"end":{"line":22,"column":3}},"9":{"start":{"line":21,"column":4},"end":{"line":21,"column":69}},"10":{"start":{"line":23,"column":14},"end":{"line":23,"column":39}},"11":{"start":{"line":24,"column":2},"end":{"line":36,"column":3}},"12":{"start":{"line":25,"column":4},"end":{"line":35,"column":5}},"13":{"start":{"line":26,"column":19},"end":{"line":26,"column":33}},"14":{"start":{"line":27,"column":6},"end":{"line":29,"column":7}},"15":{"start":{"line":28,"column":8},"end":{"line":28,"column":80}},"16":{"start":{"line":30,"column":11},"end":{"line":35,"column":5}},"17":{"start":{"line":31,"column":16},"end":{"line":31,"column":38}},"18":{"start":{"line":32,"column":16},"end":{"line":32,"column":39}},"19":{"start":{"line":33,"column":6},"end":{"line":33,"column":113}},"20":{"start":{"line":33,"column":36},"end":{"line":33,"column":113}},"21":{"start":{"line":34,"column":6},"end":{"line":34,"column":114}},"22":{"start":{"line":34,"column":36},"end":{"line":34,"column":114}},"23":{"start":{"line":40,"column":32},"end":{"line":40,"column":86}},"24":{"start":{"line":40,"column":67},"end":{"line":40,"column":85}},"25":{"start":{"line":41,"column":14},"end":{"line":41,"column":35}},"26":{"start":{"line":42,"column":2},"end":{"line":42,"column":32}},"27":{"start":{"line":44,"column":2},"end":{"line":44,"column":116}},"28":{"start":{"line":46,"column":14},"end":{"line":59,"column":3}},"29":{"start":{"line":47,"column":4},"end":{"line":50,"column":5}},"30":{"start":{"line":48,"column":6},"end":{"line":48,"column":88}},"31":{"start":{"line":49,"column":6},"end":{"line":49,"column":13}},"32":{"start":{"line":51,"column":17},"end":{"line":51,"column":28}},"33":{"start":{"line":52,"column":4},"end":{"line":54,"column":5}},"34":{"start":{"line":53,"column":6},"end":{"line":53,"column":51}},"35":{"start":{"line":55,"column":4},"end":{"line":55,"column":96}},"36":{"start":{"line":56,"column":4},"end":{"line":58,"column":7}},"37":{"start":{"line":57,"column":6},"end":{"line":57,"column":16}},"38":{"start":{"line":61,"column":2},"end":{"line":61,"column":29}}},"fnMap":{"0":{"name":"buildNodeMap","decl":{"start":{"line":8,"column":9},"end":{"line":8,"column":21}},"loc":{"start":{"line":8,"column":38},"end":{"line":14,"column":1}}},"1":{"name":"validateJourney","decl":{"start":{"line":16,"column":9},"end":{"line":16,"column":24}},"loc":{"start":{"line":16,"column":75},"end":{"line":37,"column":1}}},"2":{"name":"executeJourney","decl":{"start":{"line":39,"column":16},"end":{"line":39,"column":30}},"loc":{"start":{"line":39,"column":98},"end":{"line":62,"column":1}}},"3":{"name":"(anonymous_3)","decl":{"start":{"line":40,"column":55},"end":{"line":40,"column":56}},"loc":{"start":{"line":40,"column":67},"end":{"line":40,"column":85}}},"4":{"name":"(anonymous_4)","decl":{"start":{"line":46,"column":14},"end":{"line":46,"column":15}},"loc":{"start":{"line":46,"column":46},"end":{"line":59,"column":3}}},"5":{"name":"(anonymous_5)","decl":{"start":{"line":56,"column":42},"end":{"line":56,"column":43}},"loc":{"start":{"line":56,"column":51},"end":{"line":58,"column":5}}}},"branchMap":{"0":{"loc":{"start":{"line":17,"column":2},"end":{"line":19,"column":3}},"type":"if","locations":[{"start":{"line":17,"column":2},"end":{"line":19,"column":3}}]},"1":{"loc":{"start":{"line":17,"column":6},"end":{"line":17,"column":50}},"type":"binary-expr","locations":[{"start":{"line":17,"column":6},"end":{"line":17,"column":20}},{"start":{"line":17,"column":24},"end":{"line":17,"column":50}}]},"2":{"loc":{"start":{"line":20,"column":2},"end":{"line":22,"column":3}},"type":"if","locations":[{"start":{"line":20,"column":2},"end":{"line":22,"column":3}}]},"3":{"loc":{"start":{"line":25,"column":4},"end":{"line":35,"column":5}},"type":"if","locations":[{"start":{"line":25,"column":4},"end":{"line":35,"column":5}},{"start":{"line":30,"column":11},"end":{"line":35,"column":5}}]},"4":{"loc":{"start":{"line":25,"column":8},"end":{"line":25,"column":50}},"type":"binary-expr","locations":[{"start":{"line":25,"column":8},"end":{"line":25,"column":28}},{"start":{"line":25,"column":32},"end":{"line":25,"column":50}}]},"5":{"loc":{"start":{"line":27,"column":6},"end":{"line":29,"column":7}},"type":"if","locations":[{"start":{"line":27,"column":6},"end":{"line":29,"column":7}}]},"6":{"loc":{"start":{"line":27,"column":10},"end":{"line":27,"column":40}},"type":"binary-expr","locations":[{"start":{"line":27,"column":10},"end":{"line":27,"column":22}},{"start":{"line":27,"column":26},"end":{"line":27,"column":40}}]},"7":{"loc":{"start":{"line":30,"column":11},"end":{"line":35,"column":5}},"type":"if","locations":[{"start":{"line":30,"column":11},"end":{"line":35,"column":5}}]},"8":{"loc":{"start":{"line":33,"column":6},"end":{"line":33,"column":113}},"type":"if","locations":[{"start":{"line":33,"column":6},"end":{"line":33,"column":113}}]},"9":{"loc":{"start":{"line":33,"column":10},"end":{"line":33,"column":34}},"type":"binary-expr","locations":[{"start":{"line":33,"column":10},"end":{"line":33,"column":19}},{"start":{"line":33,"column":23},"end":{"line":33,"column":34}}]},"10":{"loc":{"start":{"line":34,"column":6},"end":{"line":34,"column":114}},"type":"if","locations":[{"start":{"line":34,"column":6},"end":{"line":34,"column":114}}]},"11":{"loc":{"start":{"line":34,"column":10},"end":{"line":34,"column":34}},"type":"binary-expr","locations":[{"start":{"line":34,"column":10},"end":{"line":34,"column":19}},{"start":{"line":34,"column":23},"end":{"line":34,"column":34}}]},"12":{"loc":{"start":{"line":40,"column":32},"end":{"line":40,"column":86}},"type":"binary-expr","locations":[{"start":{"line":40,"column":32},"end":{"line":40,"column":50}},{"start":{"line":40,"column":55},"end":{"line":40,"column":85}}]},"13":{"loc":{"start":{"line":40,"column":32},"end":{"line":40,"column":50}},"type":"cond-expr","locations":[{"start":{"line":40,"column":39},"end":{"line":40,"column":41}},{"start":{"line":40,"column":32},"end":{"line":40,"column":50}}]},"14":{"loc":{"start":{"line":40,"column":32},"end":{"line":40,"column":41}},"type":"binary-expr","locations":[{"start":{"line":40,"column":32},"end":{"line":40,"column":41}},{"start":{"line":40,"column":32},"end":{"line":40,"column":41}}]},"15":{"loc":{"start":{"line":47,"column":4},"end":{"line":50,"column":5}},"type":"if","locations":[{"start":{"line":47,"column":4},"end":{"line":50,"column":5}}]},"16":{"loc":{"start":{"line":52,"column":4},"end":{"line":54,"column":5}},"type":"if","locations":[{"start":{"line":52,"column":4},"end":{"line":54,"column":5}}]}},"s":{"0":1,"1":1,"2":4,"3":4,"4":10,"5":4,"6":4,"7":0,"8":4,"9":0,"10":4,"11":4,"12":10,"13":9,"14":9,"15":1,"16":1,"17":1,"18":1,"19":1,"20":0,"21":1,"22":0,"23":4,"24":0,"25":4,"26":4,"27":3,"28":3,"29":11,"30":3,"31":3,"32":8,"33":8,"34":0,"35":8,"36":8,"37":8,"38":3},"f":{"0":4,"1":4,"2":4,"3":0,"4":11,"5":8},"b":{"0":[0],"1":[4,4],"2":[0],"3":[9,1],"4":[10,2],"5":[1],"6":[9,5],"7":[1],"8":[0],"9":[1,1],"10":[0],"11":[1,1],"12":[4,3],"13":[0,4],"14":[4,4],"15":[3],"16":[0]}}
,"C:\\Users\\corcutt\\WebstormProjects\\Journey\\src\\services\\journeyExecutor.ts": {"path":"C:\\Users\\corcutt\\WebstormProjects\\Journey\\src\\services\\journeyExecutor.ts","statementMap":{"0":{"start":{"line":1,"column":0},"end":{"line":1,"column":36}},"1":{"start":{"line":2,"column":0},"end":{"line":2,"column":44}},"2":{"start":{"line":3,"column":0},"end":{"line":3,"column":44}},"3":{"start":{"line":4,"column":0},"end":{"line":4,"column":65}},"4":{"start":{"line":6,"column":0},"end":{"line":6,"column":52}},"5":{"start":{"line":7,"column":0},"end":{"line":7,"column":47}},"6":{"start":{"line":9,"column":28},"end":{"line":9,"column":60}},"7":{"start":{"line":12,"column":43},"end":{"line":12,"column":45}},"8":{"start":{"line":13,"column":2},"end":{"line":13,"column":56}},"9":{"start":{"line":13,"column":36},"end":{"line":13,"column":56}},"10":{"start":{"line":14,"column":2},"end":{"line":14,"column":13}},"11":{"start":{"line":18,"column":2},"end":{"line":18,"column":107}},"12":{"start":{"line":18,"column":52},"end":{"line":18,"column":107}},"13":{"start":{"line":19,"column":2},"end":{"line":19,"column":100}},"14":{"start":{"line":19,"column":35},"end":{"line":19,"column":100}},"15":{"start":{"line":20,"column":14},"end":{"line":20,"column":39}},"16":{"start":{"line":21,"column":2},"end":{"line":31,"column":3}},"17":{"start":{"line":22,"column":4},"end":{"line":30,"column":5}},"18":{"start":{"line":23,"column":19},"end":{"line":23,"column":33}},"19":{"start":{"line":24,"column":6},"end":{"line":24,"column":114}},"20":{"start":{"line":24,"column":42},"end":{"line":24,"column":114}},"21":{"start":{"line":25,"column":11},"end":{"line":30,"column":5}},"22":{"start":{"line":26,"column":16},"end":{"line":26,"column":38}},"23":{"start":{"line":27,"column":16},"end":{"line":27,"column":39}},"24":{"start":{"line":28,"column":6},"end":{"line":28,"column":113}},"25":{"start":{"line":28,"column":36},"end":{"line":28,"column":113}},"26":{"start":{"line":29,"column":6},"end":{"line":29,"column":114}},"27":{"start":{"line":29,"column":36},"end":{"line":29,"column":114}},"28":{"start":{"line":35,"column":10},"end":{"line":35,"column":58}},"29":{"start":{"line":39,"column":4},"end":{"line":39,"column":27}},"30":{"start":{"line":40,"column":14},"end":{"line":45,"column":10}},"31":{"start":{"line":41,"column":6},"end":{"line":41,"column":32}},"32":{"start":{"line":42,"column":6},"end":{"line":44,"column":9}},"33":{"start":{"line":43,"column":8},"end":{"line":43,"column":68}},"34":{"start":{"line":46,"column":4},"end":{"line":46,"column":30}},"35":{"start":{"line":50,"column":14},"end":{"line":50,"column":36}},"36":{"start":{"line":51,"column":4},"end":{"line":54,"column":5}},"37":{"start":{"line":52,"column":6},"end":{"line":52,"column":22}},"38":{"start":{"line":53,"column":6},"end":{"line":53,"column":32}},"39":{"start":{"line":58,"column":4},"end":{"line":61,"column":5}},"40":{"start":{"line":59,"column":6},"end":{"line":59,"column":22}},"41":{"start":{"line":60,"column":6},"end":{"line":60,"column":32}},"42":{"start":{"line":66,"column":22},"end":{"line":66,"column":49}},"43":{"start":{"line":67,"column":4},"end":{"line":67,"column":103}},"44":{"start":{"line":70,"column":26},"end":{"line":77,"column":null}},"45":{"start":{"line":71,"column":24},"end":{"line":71,"column":34}},"46":{"start":{"line":72,"column":4},"end":{"line":72,"column":94}},"47":{"start":{"line":72,"column":34},"end":{"line":72,"column":94}},"48":{"start":{"line":73,"column":4},"end":{"line":73,"column":79}},"49":{"start":{"line":73,"column":29},"end":{"line":73,"column":79}},"50":{"start":{"line":74,"column":4},"end":{"line":74,"column":88}},"51":{"start":{"line":74,"column":32},"end":{"line":74,"column":88}},"52":{"start":{"line":75,"column":4},"end":{"line":75,"column":83}},"53":{"start":{"line":75,"column":33},"end":{"line":75,"column":83}},"54":{"start":{"line":76,"column":4},"end":{"line":76,"column":67}},"55":{"start":{"line":80,"column":23},"end":{"line":80,"column":56}},"56":{"start":{"line":81,"column":4},"end":{"line":81,"column":58}},"57":{"start":{"line":81,"column":21},"end":{"line":81,"column":58}},"58":{"start":{"line":82,"column":20},"end":{"line":82,"column":61}},"59":{"start":{"line":83,"column":16},"end":{"line":83,"column":37}},"60":{"start":{"line":84,"column":4},"end":{"line":84,"column":34}},"61":{"start":{"line":86,"column":23},"end":{"line":86,"column":56}},"62":{"start":{"line":87,"column":4},"end":{"line":87,"column":58}},"63":{"start":{"line":87,"column":21},"end":{"line":87,"column":58}},"64":{"start":{"line":88,"column":36},"end":{"line":88,"column":165}},"65":{"start":{"line":89,"column":4},"end":{"line":89,"column":37}},"66":{"start":{"line":93,"column":16},"end":{"line":93,"column":58}},"67":{"start":{"line":94,"column":4},"end":{"line":94,"column":47}},"68":{"start":{"line":94,"column":14},"end":{"line":94,"column":47}},"69":{"start":{"line":96,"column":38},"end":{"line":96,"column":90}},"70":{"start":{"line":98,"column":39},"end":{"line":98,"column":63}},"71":{"start":{"line":100,"column":4},"end":{"line":154,"column":5}},"72":{"start":{"line":101,"column":6},"end":{"line":101,"column":71}},"73":{"start":{"line":102,"column":6},"end":{"line":142,"column":7}},"74":{"start":{"line":103,"column":21},"end":{"line":103,"column":39}},"75":{"start":{"line":104,"column":8},"end":{"line":110,"column":9}},"76":{"start":{"line":105,"column":22},"end":{"line":105,"column":56}},"77":{"start":{"line":106,"column":10},"end":{"line":106,"column":49}},"78":{"start":{"line":107,"column":10},"end":{"line":107,"column":117}},"79":{"start":{"line":108,"column":10},"end":{"line":108,"column":84}},"80":{"start":{"line":109,"column":10},"end":{"line":109,"column":17}},"81":{"start":{"line":111,"column":8},"end":{"line":111,"column":106}},"82":{"start":{"line":113,"column":8},"end":{"line":141,"column":9}},"83":{"start":{"line":115,"column":12},"end":{"line":115,"column":50}},"84":{"start":{"line":116,"column":12},"end":{"line":116,"column":123}},"85":{"start":{"line":117,"column":12},"end":{"line":117,"column":46}},"86":{"start":{"line":118,"column":12},"end":{"line":118,"column":76}},"87":{"start":{"line":119,"column":12},"end":{"line":119,"column":18}},"88":{"start":{"line":122,"column":28},"end":{"line":122,"column":76}},"89":{"start":{"line":123,"column":25},"end":{"line":123,"column":55}},"90":{"start":{"line":124,"column":12},"end":{"line":124,"column":161}},"91":{"start":{"line":125,"column":12},"end":{"line":125,"column":119}},"92":{"start":{"line":126,"column":12},"end":{"line":126,"column":130}},"93":{"start":{"line":127,"column":12},"end":{"line":127,"column":42}},"94":{"start":{"line":128,"column":12},"end":{"line":128,"column":19}},"95":{"start":{"line":131,"column":27},"end":{"line":131,"column":69}},"96":{"start":{"line":132,"column":12},"end":{"line":132,"column":232}},"97":{"start":{"line":133,"column":12},"end":{"line":133,"column":92}},"98":{"start":{"line":134,"column":12},"end":{"line":134,"column":76}},"99":{"start":{"line":135,"column":12},"end":{"line":135,"column":18}},"100":{"start":{"line":138,"column":37},"end":{"line":138,"column":50}},"101":{"start":{"line":139,"column":12},"end":{"line":139,"column":81}},"102":{"start":{"line":145,"column":6},"end":{"line":145,"column":103}},"103":{"start":{"line":146,"column":6},"end":{"line":146,"column":104}},"104":{"start":{"line":147,"column":6},"end":{"line":147,"column":29}},"105":{"start":{"line":148,"column":6},"end":{"line":148,"column":55}},"106":{"start":{"line":150,"column":6},"end":{"line":150,"column":62}},"107":{"start":{"line":151,"column":6},"end":{"line":151,"column":150}},"108":{"start":{"line":152,"column":6},"end":{"line":152,"column":108}},"109":{"start":{"line":153,"column":6},"end":{"line":153,"column":29}},"110":{"start":{"line":158,"column":18},"end":{"line":158,"column":131}},"111":{"start":{"line":159,"column":22},"end":{"line":159,"column":32}},"112":{"start":{"line":162,"column":23},"end":{"line":162,"column":56}},"113":{"start":{"line":163,"column":4},"end":{"line":163,"column":90}},"114":{"start":{"line":163,"column":21},"end":{"line":163,"column":90}},"115":{"start":{"line":164,"column":23},"end":{"line":164,"column":56}},"116":{"start":{"line":165,"column":4},"end":{"line":165,"column":90}},"117":{"start":{"line":165,"column":21},"end":{"line":165,"column":90}},"118":{"start":{"line":166,"column":20},"end":{"line":166,"column":61}},"119":{"start":{"line":167,"column":16},"end":{"line":167,"column":37}},"120":{"start":{"line":168,"column":4},"end":{"line":168,"column":34}},"121":{"start":{"line":170,"column":16},"end":{"line":180,"column":6}},"122":{"start":{"line":183,"column":4},"end":{"line":185,"column":7}},"123":{"start":{"line":184,"column":6},"end":{"line":184,"column":62}},"124":{"start":{"line":187,"column":4},"end":{"line":187,"column":24}},"125":{"start":{"line":191,"column":16},"end":{"line":191,"column":51}},"126":{"start":{"line":192,"column":4},"end":{"line":192,"column":79}},"127":{"start":{"line":192,"column":14},"end":{"line":192,"column":79}},"128":{"start":{"line":193,"column":4},"end":{"line":193,"column":104}},"129":{"start":{"line":193,"column":34},"end":{"line":193,"column":104}},"130":{"start":{"line":195,"column":4},"end":{"line":195,"column":69}},"131":{"start":{"line":196,"column":4},"end":{"line":196,"column":30}},"132":{"start":{"line":200,"column":16},"end":{"line":200,"column":51}},"133":{"start":{"line":201,"column":4},"end":{"line":201,"column":79}},"134":{"start":{"line":201,"column":14},"end":{"line":201,"column":79}},"135":{"start":{"line":202,"column":4},"end":{"line":202,"column":24}},"136":{"start":{"line":206,"column":23},"end":{"line":206,"column":36}},"137":{"start":{"line":207,"column":4},"end":{"line":207,"column":38}},"138":{"start":{"line":207,"column":16},"end":{"line":207,"column":38}},"139":{"start":{"line":208,"column":17},"end":{"line":208,"column":69}},"140":{"start":{"line":209,"column":4},"end":{"line":209,"column":37}},"141":{"start":{"line":209,"column":25},"end":{"line":209,"column":35}},"142":{"start":{"line":213,"column":16},"end":{"line":213,"column":51}},"143":{"start":{"line":214,"column":4},"end":{"line":214,"column":79}},"144":{"start":{"line":214,"column":14},"end":{"line":214,"column":79}},"145":{"start":{"line":215,"column":4},"end":{"line":215,"column":27}},"146":{"start":{"line":216,"column":4},"end":{"line":216,"column":126}},"147":{"start":{"line":217,"column":4},"end":{"line":217,"column":113}},"148":{"start":{"line":221,"column":16},"end":{"line":221,"column":92}},"149":{"start":{"line":222,"column":4},"end":{"line":227,"column":5}},"150":{"start":{"line":223,"column":22},"end":{"line":223,"column":23}},"151":{"start":{"line":224,"column":6},"end":{"line":224,"column":71}},"152":{"start":{"line":225,"column":6},"end":{"line":225,"column":33}},"153":{"start":{"line":226,"column":6},"end":{"line":226,"column":40}},"154":{"start":{"line":231,"column":13},"end":{"line":231,"column":53}}},"fnMap":{"0":{"name":"nowISO","decl":{"start":{"line":9,"column":9},"end":{"line":9,"column":15}},"loc":{"start":{"line":9,"column":15},"end":{"line":9,"column":62}}},"1":{"name":"buildNodeMap","decl":{"start":{"line":11,"column":9},"end":{"line":11,"column":21}},"loc":{"start":{"line":11,"column":42},"end":{"line":15,"column":1}}},"2":{"name":"validateJourney","decl":{"start":{"line":17,"column":9},"end":{"line":17,"column":24}},"loc":{"start":{"line":17,"column":79},"end":{"line":32,"column":1}}},"3":{"name":"(anonymous_10)","decl":{"start":{"line":34,"column":0},"end":{"line":34,"column":6}},"loc":{"start":{"line":34,"column":0},"end":{"line":229,"column":1}}},"4":{"name":"(anonymous_11)","decl":{"start":{"line":38,"column":10},"end":{"line":38,"column":18}},"loc":{"start":{"line":38,"column":44},"end":{"line":47,"column":3}}},"5":{"name":"(anonymous_12)","decl":{"start":{"line":40,"column":25},"end":{"line":40,"column":28}},"loc":{"start":{"line":40,"column":30},"end":{"line":45,"column":5}}},"6":{"name":"(anonymous_13)","decl":{"start":{"line":42,"column":38},"end":{"line":42,"column":39}},"loc":{"start":{"line":42,"column":46},"end":{"line":44,"column":7}}},"7":{"name":"(anonymous_14)","decl":{"start":{"line":49,"column":10},"end":{"line":49,"column":20}},"loc":{"start":{"line":49,"column":34},"end":{"line":55,"column":3}}},"8":{"name":"(anonymous_15)","decl":{"start":{"line":57,"column":2},"end":{"line":57,"column":15}},"loc":{"start":{"line":57,"column":15},"end":{"line":62,"column":3}}},"9":{"name":"(anonymous_16)","decl":{"start":{"line":65,"column":16},"end":{"line":65,"column":25}},"loc":{"start":{"line":65,"column":164},"end":{"line":68,"column":null}}},"10":{"name":"(anonymous_18)","decl":{"start":{"line":70,"column":16},"end":{"line":70,"column":25}},"loc":{"start":{"line":70,"column":25},"end":{"line":77,"column":null}}},"11":{"name":"(anonymous_19)","decl":{"start":{"line":70,"column":26},"end":{"line":70,"column":39}},"loc":{"start":{"line":70,"column":108},"end":{"line":77,"column":3}}},"12":{"name":"(anonymous_20)","decl":{"start":{"line":79,"column":16},"end":{"line":79,"column":27}},"loc":{"start":{"line":79,"column":64},"end":{"line":90,"column":null}}},"13":{"name":"(anonymous_22)","decl":{"start":{"line":92,"column":16},"end":{"line":92,"column":23}},"loc":{"start":{"line":92,"column":37},"end":{"line":155,"column":null}}},"14":{"name":"(anonymous_24)","decl":{"start":{"line":157,"column":8},"end":{"line":157,"column":20}},"loc":{"start":{"line":157,"column":57},"end":{"line":188,"column":null}}},"15":{"name":"(anonymous_26)","decl":{"start":{"line":183,"column":30},"end":{"line":183,"column":31}},"loc":{"start":{"line":183,"column":38},"end":{"line":185,"column":5}}},"16":{"name":"(anonymous_27)","decl":{"start":{"line":190,"column":8},"end":{"line":190,"column":21}},"loc":{"start":{"line":190,"column":35},"end":{"line":197,"column":null}}},"17":{"name":"(anonymous_29)","decl":{"start":{"line":199,"column":8},"end":{"line":199,"column":20}},"loc":{"start":{"line":199,"column":34},"end":{"line":203,"column":null}}},"18":{"name":"(anonymous_31)","decl":{"start":{"line":205,"column":8},"end":{"line":205,"column":22}},"loc":{"start":{"line":205,"column":74},"end":{"line":210,"column":null}}},"19":{"name":"(anonymous_33)","decl":{"start":{"line":209,"column":20},"end":{"line":209,"column":21}},"loc":{"start":{"line":209,"column":25},"end":{"line":209,"column":35}}},"20":{"name":"(anonymous_34)","decl":{"start":{"line":212,"column":8},"end":{"line":212,"column":17}},"loc":{"start":{"line":212,"column":31},"end":{"line":218,"column":null}}},"21":{"name":"(anonymous_36)","decl":{"start":{"line":220,"column":8},"end":{"line":220,"column":22}},"loc":{"start":{"line":220,"column":22},"end":{"line":228,"column":null}}}},"branchMap":{"0":{"loc":{"start":{"line":18,"column":2},"end":{"line":18,"column":107}},"type":"if","locations":[{"start":{"line":18,"column":2},"end":{"line":18,"column":107}}]},"1":{"loc":{"start":{"line":18,"column":6},"end":{"line":18,"column":50}},"type":"binary-expr","locations":[{"start":{"line":18,"column":6},"end":{"line":18,"column":20}},{"start":{"line":18,"column":24},"end":{"line":18,"column":50}}]},"2":{"loc":{"start":{"line":19,"column":2},"end":{"line":19,"column":100}},"type":"if","locations":[{"start":{"line":19,"column":2},"end":{"line":19,"column":100}}]},"3":{"loc":{"start":{"line":22,"column":4},"end":{"line":30,"column":5}},"type":"if","locations":[{"start":{"line":22,"column":4},"end":{"line":30,"column":5}},{"start":{"line":25,"column":11},"end":{"line":30,"column":5}}]},"4":{"loc":{"start":{"line":22,"column":8},"end":{"line":22,"column":50}},"type":"binary-expr","locations":[{"start":{"line":22,"column":8},"end":{"line":22,"column":28}},{"start":{"line":22,"column":32},"end":{"line":22,"column":50}}]},"5":{"loc":{"start":{"line":24,"column":6},"end":{"line":24,"column":114}},"type":"if","locations":[{"start":{"line":24,"column":6},"end":{"line":24,"column":114}}]},"6":{"loc":{"start":{"line":24,"column":10},"end":{"line":24,"column":40}},"type":"binary-expr","locations":[{"start":{"line":24,"column":10},"end":{"line":24,"column":22}},{"start":{"line":24,"column":26},"end":{"line":24,"column":40}}]},"7":{"loc":{"start":{"line":25,"column":11},"end":{"line":30,"column":5}},"type":"if","locations":[{"start":{"line":25,"column":11},"end":{"line":30,"column":5}}]},"8":{"loc":{"start":{"line":28,"column":6},"end":{"line":28,"column":113}},"type":"if","locations":[{"start":{"line":28,"column":6},"end":{"line":28,"column":113}}]},"9":{"loc":{"start":{"line":28,"column":10},"end":{"line":28,"column":34}},"type":"binary-expr","locations":[{"start":{"line":28,"column":10},"end":{"line":28,"column":19}},{"start":{"line":28,"column":23},"end":{"line":28,"column":34}}]},"10":{"loc":{"start":{"line":29,"column":6},"end":{"line":29,"column":114}},"type":"if","locations":[{"start":{"line":29,"column":6},"end":{"line":29,"column":114}}]},"11":{"loc":{"start":{"line":29,"column":10},"end":{"line":29,"column":34}},"type":"binary-expr","locations":[{"start":{"line":29,"column":10},"end":{"line":29,"column":19}},{"start":{"line":29,"column":23},"end":{"line":29,"column":34}}]},"12":{"loc":{"start":{"line":51,"column":4},"end":{"line":54,"column":5}},"type":"if","locations":[{"start":{"line":51,"column":4},"end":{"line":54,"column":5}}]},"13":{"loc":{"start":{"line":66,"column":22},"end":{"line":66,"column":49}},"type":"binary-expr","locations":[{"start":{"line":66,"column":22},"end":{"line":66,"column":37}},{"start":{"line":66,"column":41},"end":{"line":66,"column":49}}]},"14":{"loc":{"start":{"line":70,"column":74},"end":{"line":70,"column":108}},"type":"default-arg","locations":[{"start":{"line":70,"column":106},"end":{"line":70,"column":108}}]},"15":{"loc":{"start":{"line":72,"column":4},"end":{"line":72,"column":94}},"type":"if","locations":[{"start":{"line":72,"column":4},"end":{"line":72,"column":94}}]},"16":{"loc":{"start":{"line":72,"column":57},"end":{"line":72,"column":93}},"type":"cond-expr","locations":[{"start":{"line":72,"column":85},"end":{"line":72,"column":89}},{"start":{"line":72,"column":89},"end":{"line":72,"column":93}}]},"17":{"loc":{"start":{"line":72,"column":57},"end":{"line":72,"column":89}},"type":"binary-expr","locations":[{"start":{"line":72,"column":57},"end":{"line":72,"column":89}},{"start":{"line":72,"column":85},"end":{"line":72,"column":89}}]},"18":{"loc":{"start":{"line":73,"column":4},"end":{"line":73,"column":79}},"type":"if","locations":[{"start":{"line":73,"column":4},"end":{"line":73,"column":79}}]},"19":{"loc":{"start":{"line":73,"column":47},"end":{"line":73,"column":78}},"type":"cond-expr","locations":[{"start":{"line":73,"column":70},"end":{"line":73,"column":74}},{"start":{"line":73,"column":74},"end":{"line":73,"column":78}}]},"20":{"loc":{"start":{"line":73,"column":47},"end":{"line":73,"column":74}},"type":"binary-expr","locations":[{"start":{"line":73,"column":47},"end":{"line":73,"column":74}},{"start":{"line":73,"column":70},"end":{"line":73,"column":74}}]},"21":{"loc":{"start":{"line":74,"column":4},"end":{"line":74,"column":88}},"type":"if","locations":[{"start":{"line":74,"column":4},"end":{"line":74,"column":88}}]},"22":{"loc":{"start":{"line":74,"column":53},"end":{"line":74,"column":87}},"type":"cond-expr","locations":[{"start":{"line":74,"column":79},"end":{"line":74,"column":83}},{"start":{"line":74,"column":83},"end":{"line":74,"column":87}}]},"23":{"loc":{"start":{"line":74,"column":53},"end":{"line":74,"column":83}},"type":"binary-expr","locations":[{"start":{"line":74,"column":53},"end":{"line":74,"column":83}},{"start":{"line":74,"column":79},"end":{"line":74,"column":83}}]},"24":{"loc":{"start":{"line":75,"column":4},"end":{"line":75,"column":83}},"type":"if","locations":[{"start":{"line":75,"column":4},"end":{"line":75,"column":83}}]},"25":{"loc":{"start":{"line":81,"column":4},"end":{"line":81,"column":58}},"type":"if","locations":[{"start":{"line":81,"column":4},"end":{"line":81,"column":58}}]},"26":{"loc":{"start":{"line":87,"column":4},"end":{"line":87,"column":58}},"type":"if","locations":[{"start":{"line":87,"column":4},"end":{"line":87,"column":58}}]},"27":{"loc":{"start":{"line":94,"column":4},"end":{"line":94,"column":47}},"type":"if","locations":[{"start":{"line":94,"column":4},"end":{"line":94,"column":47}}]},"28":{"loc":{"start":{"line":104,"column":8},"end":{"line":110,"column":9}},"type":"if","locations":[{"start":{"line":104,"column":8},"end":{"line":110,"column":9}}]},"29":{"loc":{"start":{"line":113,"column":8},"end":{"line":141,"column":9}},"type":"switch","locations":[{"start":{"line":114,"column":10},"end":{"line":120,"column":11}},{"start":{"line":121,"column":10},"end":{"line":129,"column":11}},{"start":{"line":130,"column":10},"end":{"line":136,"column":11}},{"start":{"line":137,"column":10},"end":{"line":140,"column":11}}]},"30":{"loc":{"start":{"line":122,"column":41},"end":{"line":122,"column":67}},"type":"binary-expr","locations":[{"start":{"line":122,"column":41},"end":{"line":122,"column":62}},{"start":{"line":122,"column":66},"end":{"line":122,"column":67}}]},"31":{"loc":{"start":{"line":126,"column":100},"end":{"line":126,"column":126}},"type":"cond-expr","locations":[{"start":{"line":126,"column":117},"end":{"line":126,"column":121}},{"start":{"line":126,"column":121},"end":{"line":126,"column":126}}]},"32":{"loc":{"start":{"line":126,"column":100},"end":{"line":126,"column":121}},"type":"binary-expr","locations":[{"start":{"line":126,"column":100},"end":{"line":126,"column":121}},{"start":{"line":126,"column":117},"end":{"line":126,"column":121}}]},"33":{"loc":{"start":{"line":133,"column":28},"end":{"line":133,"column":91}},"type":"cond-expr","locations":[{"start":{"line":133,"column":37},"end":{"line":133,"column":62}},{"start":{"line":133,"column":65},"end":{"line":133,"column":91}}]},"34":{"loc":{"start":{"line":151,"column":44},"end":{"line":151,"column":70}},"type":"binary-expr","locations":[{"start":{"line":151,"column":44},"end":{"line":151,"column":57}},{"start":{"line":151,"column":61},"end":{"line":151,"column":70}}]},"35":{"loc":{"start":{"line":151,"column":119},"end":{"line":151,"column":146}},"type":"binary-expr","locations":[{"start":{"line":151,"column":119},"end":{"line":151,"column":131}},{"start":{"line":151,"column":135},"end":{"line":151,"column":146}}]},"36":{"loc":{"start":{"line":151,"column":119},"end":{"line":151,"column":131}},"type":"cond-expr","locations":[{"start":{"line":151,"column":122},"end":{"line":151,"column":124}},{"start":{"line":151,"column":119},"end":{"line":151,"column":131}}]},"37":{"loc":{"start":{"line":151,"column":119},"end":{"line":151,"column":124}},"type":"binary-expr","locations":[{"start":{"line":151,"column":119},"end":{"line":151,"column":124}},{"start":{"line":151,"column":119},"end":{"line":151,"column":124}}]},"38":{"loc":{"start":{"line":152,"column":60},"end":{"line":152,"column":72}},"type":"cond-expr","locations":[{"start":{"line":152,"column":63},"end":{"line":152,"column":65}},{"start":{"line":152,"column":60},"end":{"line":152,"column":72}}]},"39":{"loc":{"start":{"line":152,"column":60},"end":{"line":152,"column":65}},"type":"binary-expr","locations":[{"start":{"line":152,"column":60},"end":{"line":152,"column":65}},{"start":{"line":152,"column":60},"end":{"line":152,"column":65}}]},"40":{"loc":{"start":{"line":158,"column":18},"end":{"line":158,"column":131}},"type":"cond-expr","locations":[{"start":{"line":158,"column":55},"end":{"line":158,"column":67}},{"start":{"line":158,"column":70},"end":{"line":158,"column":131}}]},"41":{"loc":{"start":{"line":163,"column":4},"end":{"line":163,"column":90}},"type":"if","locations":[{"start":{"line":163,"column":4},"end":{"line":163,"column":90}}]},"42":{"loc":{"start":{"line":165,"column":4},"end":{"line":165,"column":90}},"type":"if","locations":[{"start":{"line":165,"column":4},"end":{"line":165,"column":90}}]},"43":{"loc":{"start":{"line":192,"column":4},"end":{"line":192,"column":79}},"type":"if","locations":[{"start":{"line":192,"column":4},"end":{"line":192,"column":79}}]},"44":{"loc":{"start":{"line":193,"column":4},"end":{"line":193,"column":104}},"type":"if","locations":[{"start":{"line":193,"column":4},"end":{"line":193,"column":104}}]},"45":{"loc":{"start":{"line":201,"column":4},"end":{"line":201,"column":79}},"type":"if","locations":[{"start":{"line":201,"column":4},"end":{"line":201,"column":79}}]},"46":{"loc":{"start":{"line":207,"column":4},"end":{"line":207,"column":38}},"type":"if","locations":[{"start":{"line":207,"column":4},"end":{"line":207,"column":38}}]},"47":{"loc":{"start":{"line":214,"column":4},"end":{"line":214,"column":79}},"type":"if","locations":[{"start":{"line":214,"column":4},"end":{"line":214,"column":79}}]},"48":{"loc":{"start":{"line":216,"column":42},"end":{"line":216,"column":72}},"type":"binary-expr","locations":[{"start":{"line":216,"column":42},"end":{"line":216,"column":59}},{"start":{"line":216,"column":63},"end":{"line":216,"column":72}}]}},"s":{"0":2,"1":2,"2":2,"3":2,"4":2,"5":2,"6":8,"7":7,"8":7,"9":13,"10":7,"11":7,"12":0,"13":7,"14":0,"15":7,"16":7,"17":13,"18":11,"19":11,"20":0,"21":2,"22":2,"23":2,"24":2,"25":0,"26":2,"27":0,"28":2,"29":1,"30":1,"31":1,"32":1,"33":0,"34":1,"35":5,"36":5,"37":0,"38":0,"39":0,"40":0,"41":0,"42":8,"43":8,"44":13,"45":13,"46":13,"47":6,"48":13,"49":6,"50":13,"51":4,"52":13,"53":2,"54":13,"55":4,"56":4,"57":0,"58":4,"59":4,"60":4,"61":4,"62":4,"63":0,"64":4,"65":4,"66":4,"67":4,"68":0,"69":4,"70":4,"71":4,"72":4,"73":4,"74":5,"75":5,"76":0,"77":0,"78":0,"79":0,"80":0,"81":5,"82":5,"83":3,"84":3,"85":3,"86":3,"87":3,"88":1,"89":1,"90":1,"91":1,"92":1,"93":1,"94":1,"95":1,"96":0,"97":0,"98":0,"99":0,"100":0,"101":0,"102":2,"103":2,"104":2,"105":2,"106":1,"107":1,"108":1,"109":1,"110":3,"111":3,"112":3,"113":3,"114":0,"115":3,"116":3,"117":0,"118":3,"119":3,"120":3,"121":3,"122":3,"123":0,"124":3,"125":1,"126":1,"127":0,"128":1,"129":0,"130":1,"131":1,"132":0,"133":0,"134":0,"135":0,"136":0,"137":0,"138":0,"139":0,"140":0,"141":0,"142":1,"143":1,"144":0,"145":1,"146":1,"147":1,"148":0,"149":0,"150":0,"151":0,"152":0,"153":0,"154":2},"f":{"0":8,"1":7,"2":7,"3":2,"4":1,"5":1,"6":0,"7":5,"8":0,"9":8,"10":13,"11":13,"12":4,"13":4,"14":3,"15":0,"16":1,"17":0,"18":0,"19":0,"20":1,"21":0},"b":{"0":[0],"1":[7,7],"2":[0],"3":[11,2],"4":[13,5],"5":[0],"6":[11,6],"7":[2],"8":[0],"9":[2,0],"10":[0],"11":[2,0],"12":[0],"13":[8,8],"14":[0],"15":[6],"16":[2,4],"17":[6,2],"18":[6],"19":[1,5],"20":[6,1],"21":[4],"22":[4,0],"23":[4,4],"24":[2],"25":[0],"26":[0],"27":[0],"28":[0],"29":[3,1,1,0],"30":[1,0],"31":[1,0],"32":[1,1],"33":[0,0],"34":[1,0],"35":[1,0],"36":[0,1],"37":[1,1],"38":[0,1],"39":[1,1],"40":[3,0],"41":[0],"42":[0],"43":[0],"44":[0],"45":[0],"46":[0],"47":[0],"48":[1,0]}}
,"C:\\Users\\corcutt\\WebstormProjects\\Journey\\src\\services\\messageService.ts": {"path":"C:\\Users\\corcutt\\WebstormProjects\\Journey\\src\\services\\messageService.ts","statementMap":{"0":{"start":{"line":1,"column":0},"end":{"line":1,"column":16}},"1":{"start":{"line":3,"column":2},"end":{"line":3,"column":80}}},"fnMap":{"0":{"name":"sendMessage","decl":{"start":{"line":1,"column":16},"end":{"line":1,"column":27}},"loc":{"start":{"line":1,"column":62},"end":{"line":4,"column":1}}}},"branchMap":{},"s":{"0":2,"1":3},"f":{"0":3},"b":{}}
,"C:\\Users\\corcutt\\WebstormProjects\\Journey\\src\\services\\nodeProcessor.ts": {"path":"C:\\Users\\corcutt\\WebstormProjects\\Journey\\src\\services\\nodeProcessor.ts","statementMap":{"0":{"start":{"line":6,"column":0},"end":{"line":6,"column":16}},"1":{"start":{"line":55,"column":0},"end":{"line":55,"column":16}},"2":{"start":{"line":60,"column":0},"end":{"line":60,"column":16}},"3":{"start":{"line":71,"column":0},"end":{"line":71,"column":16}},"4":{"start":{"line":80,"column":0},"end":{"line":80,"column":16}},"5":{"start":{"line":2,"column":0},"end":{"line":2,"column":47}},"6":{"start":{"line":10,"column":37},"end":{"line":10,"column":46}},"7":{"start":{"line":13,"column":14},"end":{"line":13,"column":83}},"8":{"start":{"line":14,"column":29},"end":{"line":14,"column":49}},"9":{"start":{"line":16,"column":22},"end":{"line":18,"column":3}},"10":{"start":{"line":17,"column":4},"end":{"line":17,"column":93}},"11":{"start":{"line":20,"column":31},"end":{"line":20,"column":64}},"12":{"start":{"line":21,"column":2},"end":{"line":23,"column":3}},"13":{"start":{"line":22,"column":4},"end":{"line":22,"column":57}},"14":{"start":{"line":25,"column":2},"end":{"line":35,"column":3}},"15":{"start":{"line":26,"column":4},"end":{"line":26,"column":18}},"16":{"start":{"line":27,"column":4},"end":{"line":34,"column":5}},"17":{"start":{"line":29,"column":8},"end":{"line":29,"column":44}},"18":{"start":{"line":31,"column":8},"end":{"line":31,"column":44}},"19":{"start":{"line":33,"column":8},"end":{"line":33,"column":21}},"20":{"start":{"line":37,"column":2},"end":{"line":52,"column":3}},"21":{"start":{"line":39,"column":6},"end":{"line":39,"column":36}},"22":{"start":{"line":41,"column":6},"end":{"line":41,"column":36}},"23":{"start":{"line":43,"column":6},"end":{"line":43,"column":50}},"24":{"start":{"line":45,"column":6},"end":{"line":45,"column":50}},"25":{"start":{"line":47,"column":6},"end":{"line":47,"column":51}},"26":{"start":{"line":49,"column":6},"end":{"line":49,"column":51}},"27":{"start":{"line":51,"column":6},"end":{"line":51,"column":59}},"28":{"start":{"line":56,"column":2},"end":{"line":56,"column":36}},"29":{"start":{"line":57,"column":2},"end":{"line":57,"column":43}},"30":{"start":{"line":66,"column":18},"end":{"line":66,"column":66}},"31":{"start":{"line":67,"column":2},"end":{"line":67,"column":126}},"32":{"start":{"line":68,"column":2},"end":{"line":68,"column":60}},"33":{"start":{"line":68,"column":18},"end":{"line":68,"column":49}},"34":{"start":{"line":72,"column":17},"end":{"line":72,"column":55}},"35":{"start":{"line":73,"column":21},"end":{"line":73,"column":84}},"36":{"start":{"line":74,"column":2},"end":{"line":76,"column":4}},"37":{"start":{"line":77,"column":2},"end":{"line":77,"column":32}},"38":{"start":{"line":86,"column":2},"end":{"line":105,"column":3}},"39":{"start":{"line":88,"column":29},"end":{"line":88,"column":54}},"40":{"start":{"line":89,"column":6},"end":{"line":89,"column":31}},"41":{"start":{"line":90,"column":6},"end":{"line":90,"column":13}},"42":{"start":{"line":93,"column":6},"end":{"line":93,"column":55}},"43":{"start":{"line":94,"column":6},"end":{"line":94,"column":13}},"44":{"start":{"line":97,"column":29},"end":{"line":97,"column":58}},"45":{"start":{"line":98,"column":6},"end":{"line":98,"column":31}},"46":{"start":{"line":99,"column":6},"end":{"line":99,"column":13}},"47":{"start":{"line":103,"column":31},"end":{"line":103,"column":44}},"48":{"start":{"line":104,"column":6},"end":{"line":104,"column":75}}},"fnMap":{"0":{"name":"evaluateCondition","decl":{"start":{"line":6,"column":16},"end":{"line":6,"column":33}},"loc":{"start":{"line":8,"column":25},"end":{"line":53,"column":1}}},"1":{"name":"(anonymous_1)","decl":{"start":{"line":16,"column":22},"end":{"line":16,"column":25}},"loc":{"start":{"line":16,"column":27},"end":{"line":18,"column":3}}},"2":{"name":"processMessage","decl":{"start":{"line":55,"column":16},"end":{"line":55,"column":30}},"loc":{"start":{"line":55,"column":68},"end":{"line":58,"column":1}}},"3":{"name":"processDelay","decl":{"start":{"line":60,"column":16},"end":{"line":60,"column":28}},"loc":{"start":{"line":64,"column":47},"end":{"line":69,"column":1}}},"4":{"name":"(anonymous_4)","decl":{"start":{"line":68,"column":12},"end":{"line":68,"column":15}},"loc":{"start":{"line":68,"column":18},"end":{"line":68,"column":49}}},"5":{"name":"processConditional","decl":{"start":{"line":71,"column":16},"end":{"line":71,"column":34}},"loc":{"start":{"line":71,"column":77},"end":{"line":78,"column":1}}},"6":{"name":"processNode","decl":{"start":{"line":80,"column":16},"end":{"line":80,"column":27}},"loc":{"start":{"line":84,"column":47},"end":{"line":106,"column":1}}}},"branchMap":{"0":{"loc":{"start":{"line":13,"column":14},"end":{"line":13,"column":83}},"type":"cond-expr","locations":[{"start":{"line":13,"column":45},"end":{"line":13,"column":75}},{"start":{"line":13,"column":78},"end":{"line":13,"column":83}}]},"1":{"loc":{"start":{"line":21,"column":2},"end":{"line":23,"column":3}},"type":"if","locations":[{"start":{"line":21,"column":2},"end":{"line":23,"column":3}}]},"2":{"loc":{"start":{"line":25,"column":2},"end":{"line":35,"column":3}},"type":"if","locations":[{"start":{"line":25,"column":2},"end":{"line":35,"column":3}}]},"3":{"loc":{"start":{"line":27,"column":4},"end":{"line":34,"column":5}},"type":"switch","locations":[{"start":{"line":28,"column":6},"end":{"line":29,"column":44}},{"start":{"line":30,"column":6},"end":{"line":31,"column":44}},{"start":{"line":32,"column":6},"end":{"line":33,"column":21}}]},"4":{"loc":{"start":{"line":37,"column":2},"end":{"line":52,"column":3}},"type":"switch","locations":[{"start":{"line":38,"column":4},"end":{"line":39,"column":36}},{"start":{"line":40,"column":4},"end":{"line":41,"column":36}},{"start":{"line":42,"column":4},"end":{"line":43,"column":50}},{"start":{"line":44,"column":4},"end":{"line":45,"column":50}},{"start":{"line":46,"column":4},"end":{"line":47,"column":51}},{"start":{"line":48,"column":4},"end":{"line":49,"column":51}},{"start":{"line":50,"column":4},"end":{"line":51,"column":59}}]},"5":{"loc":{"start":{"line":66,"column":31},"end":{"line":66,"column":57}},"type":"binary-expr","locations":[{"start":{"line":66,"column":31},"end":{"line":66,"column":52}},{"start":{"line":66,"column":56},"end":{"line":66,"column":57}}]},"6":{"loc":{"start":{"line":67,"column":76},"end":{"line":67,"column":102}},"type":"cond-expr","locations":[{"start":{"line":67,"column":93},"end":{"line":67,"column":97}},{"start":{"line":67,"column":97},"end":{"line":67,"column":102}}]},"7":{"loc":{"start":{"line":67,"column":76},"end":{"line":67,"column":97}},"type":"binary-expr","locations":[{"start":{"line":67,"column":76},"end":{"line":67,"column":97}},{"start":{"line":67,"column":93},"end":{"line":67,"column":97}}]},"8":{"loc":{"start":{"line":73,"column":21},"end":{"line":73,"column":84}},"type":"cond-expr","locations":[{"start":{"line":73,"column":30},"end":{"line":73,"column":55}},{"start":{"line":73,"column":58},"end":{"line":73,"column":84}}]},"9":{"loc":{"start":{"line":86,"column":2},"end":{"line":105,"column":3}},"type":"switch","locations":[{"start":{"line":87,"column":4},"end":{"line":91,"column":5}},{"start":{"line":92,"column":4},"end":{"line":95,"column":5}},{"start":{"line":96,"column":4},"end":{"line":100,"column":5}},{"start":{"line":101,"column":4},"end":{"line":104,"column":75}}]}},"s":{"0":4,"1":4,"2":4,"3":4,"4":4,"5":4,"6":17,"7":17,"8":17,"9":17,"10":3,"11":17,"12":17,"13":2,"14":15,"15":3,"16":3,"17":1,"18":1,"19":1,"20":12,"21":2,"22":2,"23":5,"24":1,"25":1,"26":1,"27":0,"28":8,"29":8,"30":4,"31":4,"32":4,"33":3,"34":2,"35":2,"36":2,"37":2,"38":10,"39":7,"40":7,"41":7,"42":2,"43":2,"44":1,"45":1,"46":1,"47":0,"48":0},"f":{"0":17,"1":3,"2":8,"3":4,"4":3,"5":2,"6":10},"b":{"0":[1,16],"1":[2],"2":[3],"3":[1,1,1],"4":[2,2,5,1,1,1,0],"5":[4,0],"6":[3,1],"7":[4,3],"8":[2,0],"9":[7,2,1,0]}}
,"C:\\Users\\corcutt\\WebstormProjects\\Journey\\src\\utils\\database.ts": {"path":"C:\\Users\\corcutt\\WebstormProjects\\Journey\\src\\utils\\database.ts","statementMap":{"0":{"start":{"line":8,"column":0},"end":{"line":8,"column":22}},"1":{"start":{"line":20,"column":0},"end":{"line":20,"column":22}},"2":{"start":{"line":1,"column":0},"end":{"line":1,"column":32}},"3":{"start":{"line":2,"column":0},"end":{"line":2,"column":40}},"4":{"start":{"line":5,"column":2},"end":{"line":5,"column":29}},"5":{"start":{"line":8,"column":32},"end":{"line":18,"column":null}},"6":{"start":{"line":9,"column":2},"end":{"line":17,"column":3}},"7":{"start":{"line":10,"column":4},"end":{"line":10,"column":32}},"8":{"start":{"line":11,"column":17},"end":{"line":11,"column":44}},"9":{"start":{"line":12,"column":4},"end":{"line":12,"column":21}},"10":{"start":{"line":13,"column":4},"end":{"line":13,"column":16}},"11":{"start":{"line":15,"column":4},"end":{"line":15,"column":56}},"12":{"start":{"line":16,"column":4},"end":{"line":16,"column":14}},"13":{"start":{"line":21,"column":2},"end":{"line":26,"column":3}},"14":{"start":{"line":22,"column":4},"end":{"line":22,"column":38}},"15":{"start":{"line":23,"column":4},"end":{"line":23,"column":24}},"16":{"start":{"line":25,"column":4},"end":{"line":25,"column":59}},"17":{"start":{"line":30,"column":0},"end":{"line":32,"column":3}},"18":{"start":{"line":31,"column":2},"end":{"line":31,"column":53}},"19":{"start":{"line":34,"column":0},"end":{"line":36,"column":3}},"20":{"start":{"line":35,"column":2},"end":{"line":35,"column":25}}},"fnMap":{"0":{"name":"log","decl":{"start":{"line":4,"column":9},"end":{"line":4,"column":12}},"loc":{"start":{"line":4,"column":24},"end":{"line":6,"column":1}}},"1":{"name":"connectDB","decl":{"start":{"line":8,"column":22},"end":{"line":8,"column":31}},"loc":{"start":{"line":8,"column":31},"end":{"line":18,"column":null}}},"2":{"name":"(anonymous_10)","decl":{"start":{"line":8,"column":32},"end":{"line":8,"column":35}},"loc":{"start":{"line":8,"column":49},"end":{"line":18,"column":1}}},"3":{"name":"disconnectDB","decl":{"start":{"line":20,"column":22},"end":{"line":20,"column":34}},"loc":{"start":{"line":20,"column":34},"end":{"line":27,"column":null}}},"4":{"name":"(anonymous_13)","decl":{"start":{"line":30,"column":32},"end":{"line":30,"column":33}},"loc":{"start":{"line":30,"column":40},"end":{"line":32,"column":1}}},"5":{"name":"(anonymous_14)","decl":{"start":{"line":34,"column":39},"end":{"line":34,"column":42}},"loc":{"start":{"line":34,"column":44},"end":{"line":36,"column":1}}}},"branchMap":{"0":{"loc":{"start":{"line":8,"column":32},"end":{"line":8,"column":49}},"type":"default-arg","locations":[{"start":{"line":8,"column":38},"end":{"line":8,"column":49}}]}},"s":{"0":3,"1":3,"2":3,"3":3,"4":0,"5":0,"6":0,"7":0,"8":0,"9":0,"10":0,"11":0,"12":0,"13":0,"14":0,"15":0,"16":0,"17":3,"18":0,"19":3,"20":0},"f":{"0":0,"1":0,"2":0,"3":0,"4":0,"5":0},"b":{"0":[0]}}
}
