{"C:\\Users\\corcutt\\WebstormProjects\\Journey\\src\\index.ts": {"path":"C:\\Users\\corcutt\\WebstormProjects\\Journey\\src\\index.ts","statementMap":{"0":{"start":{"line":9,"column":0},"end":{"line":9,"column":16}},"1":{"start":{"line":1,"column":0},"end":{"line":1,"column":30}},"2":{"start":{"line":2,"column":0},"end":{"line":2,"column":24}},"3":{"start":{"line":3,"column":0},"end":{"line":3,"column":32}},"4":{"start":{"line":4,"column":0},"end":{"line":4,"column":59}},"5":{"start":{"line":5,"column":0},"end":{"line":5,"column":46}},"6":{"start":{"line":6,"column":0},"end":{"line":6,"column":46}},"7":{"start":{"line":7,"column":0},"end":{"line":7,"column":57}},"8":{"start":{"line":10,"column":14},"end":{"line":10,"column":23}},"9":{"start":{"line":11,"column":2},"end":{"line":11,"column":18}},"10":{"start":{"line":12,"column":2},"end":{"line":12,"column":26}},"11":{"start":{"line":14,"column":2},"end":{"line":14,"column":42}},"12":{"start":{"line":15,"column":2},"end":{"line":15,"column":42}},"13":{"start":{"line":18,"column":2},"end":{"line":18,"column":64}},"14":{"start":{"line":18,"column":36},"end":{"line":18,"column":62}},"15":{"start":{"line":20,"column":2},"end":{"line":20,"column":24}},"16":{"start":{"line":21,"column":2},"end":{"line":21,"column":13}},"17":{"start":{"line":24,"column":0},"end":{"line":46,"column":1}},"18":{"start":{"line":25,"column":2},"end":{"line":45,"column":7}},"19":{"start":{"line":25,"column":14},"end":{"line":45,"column":4}},"20":{"start":{"line":26,"column":16},"end":{"line":26,"column":27}},"21":{"start":{"line":27,"column":4},"end":{"line":29,"column":7}},"22":{"start":{"line":28,"column":6},"end":{"line":28,"column":80}},"23":{"start":{"line":31,"column":19},"end":{"line":33,"column":6}},"24":{"start":{"line":32,"column":6},"end":{"line":32,"column":63}},"25":{"start":{"line":35,"column":21},"end":{"line":41,"column":6}},"26":{"start":{"line":35,"column":46},"end":{"line":41,"column":6}},"27":{"start":{"line":36,"column":6},"end":{"line":36,"column":67}},"28":{"start":{"line":37,"column":6},"end":{"line":40,"column":9}},"29":{"start":{"line":37,"column":30},"end":{"line":40,"column":8}},"30":{"start":{"line":38,"column":8},"end":{"line":38,"column":29}},"31":{"start":{"line":39,"column":8},"end":{"line":39,"column":24}},"32":{"start":{"line":43,"column":4},"end":{"line":43,"column":51}},"33":{"start":{"line":43,"column":31},"end":{"line":43,"column":49}},"34":{"start":{"line":44,"column":4},"end":{"line":44,"column":53}},"35":{"start":{"line":44,"column":32},"end":{"line":44,"column":51}},"36":{"start":{"line":48,"column":0},"end":{"line":48,"column":25}}},"fnMap":{"0":{"name":"createApp","decl":{"start":{"line":9,"column":16},"end":{"line":9,"column":25}},"loc":{"start":{"line":9,"column":25},"end":{"line":22,"column":1}}},"1":{"name":"(anonymous_9)","decl":{"start":{"line":18,"column":21},"end":{"line":18,"column":22}},"loc":{"start":{"line":18,"column":36},"end":{"line":18,"column":62}}},"2":{"name":"(anonymous_10)","decl":{"start":{"line":25,"column":3},"end":{"line":25,"column":12}},"loc":{"start":{"line":25,"column":14},"end":{"line":45,"column":4}}},"3":{"name":"(anonymous_11)","decl":{"start":{"line":25,"column":14},"end":{"line":25,"column":null}},"loc":{"start":{"line":25,"column":14},"end":{"line":45,"column":3}}},"4":{"name":"(anonymous_12)","decl":{"start":{"line":27,"column":28},"end":{"line":27,"column":29}},"loc":{"start":{"line":27,"column":36},"end":{"line":29,"column":5}}},"5":{"name":"(anonymous_13)","decl":{"start":{"line":31,"column":36},"end":{"line":31,"column":39}},"loc":{"start":{"line":31,"column":41},"end":{"line":33,"column":5}}},"6":{"name":"(anonymous_14)","decl":{"start":{"line":35,"column":21},"end":{"line":35,"column":28}},"loc":{"start":{"line":35,"column":46},"end":{"line":41,"column":6}}},"7":{"name":"(anonymous_15)","decl":{"start":{"line":35,"column":46},"end":{"line":35,"column":null}},"loc":{"start":{"line":35,"column":46},"end":{"line":41,"column":5}}},"8":{"name":"(anonymous_16)","decl":{"start":{"line":37,"column":19},"end":{"line":37,"column":28}},"loc":{"start":{"line":37,"column":30},"end":{"line":40,"column":8}}},"9":{"name":"(anonymous_17)","decl":{"start":{"line":37,"column":30},"end":{"line":37,"column":null}},"loc":{"start":{"line":37,"column":30},"end":{"line":40,"column":7}}},"10":{"name":"(anonymous_18)","decl":{"start":{"line":43,"column":25},"end":{"line":43,"column":28}},"loc":{"start":{"line":43,"column":31},"end":{"line":43,"column":49}}},"11":{"name":"(anonymous_19)","decl":{"start":{"line":44,"column":26},"end":{"line":44,"column":29}},"loc":{"start":{"line":44,"column":32},"end":{"line":44,"column":51}}}},"branchMap":{"0":{"loc":{"start":{"line":24,"column":0},"end":{"line":46,"column":1}},"type":"if","locations":[{"start":{"line":24,"column":0},"end":{"line":46,"column":1}}]}},"s":{"0":2,"1":2,"2":2,"3":2,"4":2,"5":2,"6":2,"7":2,"8":2,"9":2,"10":2,"11":2,"12":2,"13":2,"14":0,"15":2,"16":2,"17":2,"18":0,"19":0,"20":0,"21":0,"22":0,"23":0,"24":0,"25":0,"26":0,"27":0,"28":0,"29":0,"30":0,"31":0,"32":0,"33":0,"34":0,"35":0,"36":2},"f":{"0":2,"1":0,"2":0,"3":0,"4":0,"5":0,"6":0,"7":0,"8":0,"9":0,"10":0,"11":0},"b":{"0":[0]}}
,"C:\\Users\\corcutt\\WebstormProjects\\Journey\\src\\config\\index.ts": {"path":"C:\\Users\\corcutt\\WebstormProjects\\Journey\\src\\config\\index.ts","statementMap":{"0":{"start":{"line":1,"column":0},"end":{"line":1,"column":28}},"1":{"start":{"line":3,"column":0},"end":{"line":3,"column":16}},"2":{"start":{"line":5,"column":13},"end":{"line":5,"column":62}},"3":{"start":{"line":6,"column":13},"end":{"line":6,"column":61}},"4":{"start":{"line":7,"column":13},"end":{"line":7,"column":90}}},"fnMap":{},"branchMap":{"0":{"loc":{"start":{"line":5,"column":24},"end":{"line":5,"column":61}},"type":"binary-expr","locations":[{"start":{"line":5,"column":24},"end":{"line":5,"column":44}},{"start":{"line":5,"column":48},"end":{"line":5,"column":61}}]},"1":{"loc":{"start":{"line":6,"column":29},"end":{"line":6,"column":55}},"type":"binary-expr","locations":[{"start":{"line":6,"column":29},"end":{"line":6,"column":45}},{"start":{"line":6,"column":49},"end":{"line":6,"column":55}}]},"2":{"loc":{"start":{"line":7,"column":27},"end":{"line":7,"column":89}},"type":"binary-expr","locations":[{"start":{"line":7,"column":27},"end":{"line":7,"column":50}},{"start":{"line":7,"column":54},"end":{"line":7,"column":89}}]}},"s":{"0":2,"1":2,"2":2,"3":2,"4":2},"f":{},"b":{"0":[2,0],"1":[2,2],"2":[2,2]}}
,"C:\\Users\\corcutt\\WebstormProjects\\Journey\\src\\controllers\\journeyController.ts": {"path":"C:\\Users\\corcutt\\WebstormProjects\\Journey\\src\\controllers\\journeyController.ts","statementMap":{"0":{"start":{"line":7,"column":0},"end":{"line":7,"column":22}},"1":{"start":{"line":17,"column":0},"end":{"line":17,"column":22}},"2":{"start":{"line":26,"column":0},"end":{"line":26,"column":22}},"3":{"start":{"line":36,"column":0},"end":{"line":36,"column":22}},"4":{"start":{"line":46,"column":0},"end":{"line":46,"column":22}},"5":{"start":{"line":56,"column":0},"end":{"line":56,"column":22}},"6":{"start":{"line":2,"column":0},"end":{"line":2,"column":44}},"7":{"start":{"line":3,"column":0},"end":{"line":3,"column":44}},"8":{"start":{"line":4,"column":0},"end":{"line":4,"column":59}},"9":{"start":{"line":8,"column":2},"end":{"line":14,"column":3}},"10":{"start":{"line":9,"column":20},"end":{"line":9,"column":50}},"11":{"start":{"line":10,"column":4},"end":{"line":10,"column":53}},"12":{"start":{"line":11,"column":4},"end":{"line":11,"column":43}},"13":{"start":{"line":13,"column":4},"end":{"line":13,"column":14}},"14":{"start":{"line":18,"column":2},"end":{"line":23,"column":3}},"15":{"start":{"line":19,"column":21},"end":{"line":19,"column":41}},"16":{"start":{"line":20,"column":4},"end":{"line":20,"column":44}},"17":{"start":{"line":20,"column":31},"end":{"line":20,"column":41}},"18":{"start":{"line":22,"column":4},"end":{"line":22,"column":14}},"19":{"start":{"line":27,"column":2},"end":{"line":33,"column":3}},"20":{"start":{"line":28,"column":20},"end":{"line":28,"column":57}},"21":{"start":{"line":29,"column":4},"end":{"line":29,"column":123}},"22":{"start":{"line":29,"column":18},"end":{"line":29,"column":123}},"23":{"start":{"line":30,"column":4},"end":{"line":30,"column":31}},"24":{"start":{"line":32,"column":4},"end":{"line":32,"column":14}},"25":{"start":{"line":37,"column":2},"end":{"line":43,"column":3}},"26":{"start":{"line":38,"column":20},"end":{"line":38,"column":112}},"27":{"start":{"line":39,"column":4},"end":{"line":39,"column":123}},"28":{"start":{"line":39,"column":18},"end":{"line":39,"column":123}},"29":{"start":{"line":40,"column":4},"end":{"line":40,"column":31}},"30":{"start":{"line":42,"column":4},"end":{"line":42,"column":14}},"31":{"start":{"line":47,"column":2},"end":{"line":53,"column":3}},"32":{"start":{"line":48,"column":20},"end":{"line":48,"column":66}},"33":{"start":{"line":49,"column":4},"end":{"line":49,"column":123}},"34":{"start":{"line":49,"column":18},"end":{"line":49,"column":123}},"35":{"start":{"line":50,"column":4},"end":{"line":50,"column":27}},"36":{"start":{"line":52,"column":4},"end":{"line":52,"column":14}},"37":{"start":{"line":57,"column":2},"end":{"line":78,"column":3}},"38":{"start":{"line":58,"column":20},"end":{"line":58,"column":57}},"39":{"start":{"line":59,"column":4},"end":{"line":59,"column":123}},"40":{"start":{"line":59,"column":18},"end":{"line":59,"column":123}},"41":{"start":{"line":61,"column":44},"end":{"line":61,"column":48}},"42":{"start":{"line":62,"column":35},"end":{"line":62,"column":49}},"43":{"start":{"line":64,"column":4},"end":{"line":72,"column":5}},"44":{"start":{"line":65,"column":6},"end":{"line":65,"column":45}},"45":{"start":{"line":66,"column":11},"end":{"line":72,"column":5}},"46":{"start":{"line":67,"column":16},"end":{"line":67,"column":49}},"47":{"start":{"line":68,"column":6},"end":{"line":68,"column":119}},"48":{"start":{"line":68,"column":14},"end":{"line":68,"column":119}},"49":{"start":{"line":69,"column":6},"end":{"line":69,"column":104}},"50":{"start":{"line":71,"column":6},"end":{"line":71,"column":147}},"51":{"start":{"line":74,"column":4},"end":{"line":74,"column":49}},"52":{"start":{"line":75,"column":4},"end":{"line":75,"column":48}},"53":{"start":{"line":77,"column":4},"end":{"line":77,"column":14}}},"fnMap":{"0":{"name":"createJourney","decl":{"start":{"line":7,"column":22},"end":{"line":7,"column":35}},"loc":{"start":{"line":7,"column":83},"end":{"line":15,"column":null}}},"1":{"name":"getJourneys","decl":{"start":{"line":17,"column":22},"end":{"line":17,"column":33}},"loc":{"start":{"line":17,"column":82},"end":{"line":24,"column":null}}},"2":{"name":"(anonymous_11)","decl":{"start":{"line":20,"column":26},"end":{"line":20,"column":27}},"loc":{"start":{"line":20,"column":31},"end":{"line":20,"column":41}}},"3":{"name":"getJourney","decl":{"start":{"line":26,"column":22},"end":{"line":26,"column":32}},"loc":{"start":{"line":26,"column":80},"end":{"line":34,"column":null}}},"4":{"name":"updateJourney","decl":{"start":{"line":36,"column":22},"end":{"line":36,"column":35}},"loc":{"start":{"line":36,"column":83},"end":{"line":44,"column":null}}},"5":{"name":"deleteJourney","decl":{"start":{"line":46,"column":22},"end":{"line":46,"column":35}},"loc":{"start":{"line":46,"column":83},"end":{"line":54,"column":null}}},"6":{"name":"startJourney","decl":{"start":{"line":56,"column":22},"end":{"line":56,"column":34}},"loc":{"start":{"line":56,"column":82},"end":{"line":79,"column":null}}}},"branchMap":{"0":{"loc":{"start":{"line":29,"column":4},"end":{"line":29,"column":123}},"type":"if","locations":[{"start":{"line":29,"column":4},"end":{"line":29,"column":123}}]},"1":{"loc":{"start":{"line":39,"column":4},"end":{"line":39,"column":123}},"type":"if","locations":[{"start":{"line":39,"column":4},"end":{"line":39,"column":123}}]},"2":{"loc":{"start":{"line":49,"column":4},"end":{"line":49,"column":123}},"type":"if","locations":[{"start":{"line":49,"column":4},"end":{"line":49,"column":123}}]},"3":{"loc":{"start":{"line":59,"column":4},"end":{"line":59,"column":123}},"type":"if","locations":[{"start":{"line":59,"column":4},"end":{"line":59,"column":123}}]},"4":{"loc":{"start":{"line":62,"column":35},"end":{"line":62,"column":49}},"type":"binary-expr","locations":[{"start":{"line":62,"column":35},"end":{"line":62,"column":43}},{"start":{"line":62,"column":47},"end":{"line":62,"column":49}}]},"5":{"loc":{"start":{"line":64,"column":4},"end":{"line":72,"column":5}},"type":"if","locations":[{"start":{"line":64,"column":4},"end":{"line":72,"column":5}},{"start":{"line":66,"column":11},"end":{"line":72,"column":5}}]},"6":{"loc":{"start":{"line":66,"column":11},"end":{"line":72,"column":5}},"type":"if","locations":[{"start":{"line":66,"column":11},"end":{"line":72,"column":5}},{"start":{"line":70,"column":11},"end":{"line":72,"column":5}}]},"7":{"loc":{"start":{"line":68,"column":6},"end":{"line":68,"column":119}},"type":"if","locations":[{"start":{"line":68,"column":6},"end":{"line":68,"column":119}}]}},"s":{"0":2,"1":2,"2":2,"3":2,"4":2,"5":2,"6":2,"7":2,"8":2,"9":1,"10":1,"11":1,"12":1,"13":0,"14":1,"15":1,"16":1,"17":1,"18":0,"19":2,"20":2,"21":2,"22":1,"23":1,"24":0,"25":1,"26":1,"27":1,"28":0,"29":1,"30":0,"31":1,"32":1,"33":1,"34":0,"35":1,"36":0,"37":1,"38":1,"39":1,"40":0,"41":1,"42":1,"43":1,"44":1,"45":0,"46":0,"47":0,"48":0,"49":0,"50":0,"51":1,"52":1,"53":0},"f":{"0":1,"1":1,"2":1,"3":2,"4":1,"5":1,"6":1},"b":{"0":[1],"1":[0],"2":[0],"3":[0],"4":[1,0],"5":[1,0],"6":[0,0],"7":[0]}}
,"C:\\Users\\corcutt\\WebstormProjects\\Journey\\src\\controllers\\patientController.ts": {"path":"C:\\Users\\corcutt\\WebstormProjects\\Journey\\src\\controllers\\patientController.ts","statementMap":{"0":{"start":{"line":4,"column":0},"end":{"line":4,"column":22}},"1":{"start":{"line":14,"column":0},"end":{"line":14,"column":22}},"2":{"start":{"line":23,"column":0},"end":{"line":23,"column":22}},"3":{"start":{"line":33,"column":0},"end":{"line":33,"column":22}},"4":{"start":{"line":43,"column":0},"end":{"line":43,"column":22}},"5":{"start":{"line":2,"column":0},"end":{"line":2,"column":44}},"6":{"start":{"line":5,"column":2},"end":{"line":11,"column":3}},"7":{"start":{"line":6,"column":20},"end":{"line":6,"column":50}},"8":{"start":{"line":7,"column":4},"end":{"line":7,"column":53}},"9":{"start":{"line":8,"column":4},"end":{"line":8,"column":43}},"10":{"start":{"line":10,"column":4},"end":{"line":10,"column":14}},"11":{"start":{"line":15,"column":2},"end":{"line":20,"column":3}},"12":{"start":{"line":16,"column":21},"end":{"line":16,"column":41}},"13":{"start":{"line":17,"column":4},"end":{"line":17,"column":44}},"14":{"start":{"line":17,"column":31},"end":{"line":17,"column":41}},"15":{"start":{"line":19,"column":4},"end":{"line":19,"column":14}},"16":{"start":{"line":24,"column":2},"end":{"line":30,"column":3}},"17":{"start":{"line":25,"column":20},"end":{"line":25,"column":57}},"18":{"start":{"line":26,"column":4},"end":{"line":26,"column":123}},"19":{"start":{"line":26,"column":18},"end":{"line":26,"column":123}},"20":{"start":{"line":27,"column":4},"end":{"line":27,"column":31}},"21":{"start":{"line":29,"column":4},"end":{"line":29,"column":14}},"22":{"start":{"line":34,"column":2},"end":{"line":40,"column":3}},"23":{"start":{"line":35,"column":20},"end":{"line":35,"column":112}},"24":{"start":{"line":36,"column":4},"end":{"line":36,"column":123}},"25":{"start":{"line":36,"column":18},"end":{"line":36,"column":123}},"26":{"start":{"line":37,"column":4},"end":{"line":37,"column":31}},"27":{"start":{"line":39,"column":4},"end":{"line":39,"column":14}},"28":{"start":{"line":44,"column":2},"end":{"line":50,"column":3}},"29":{"start":{"line":45,"column":20},"end":{"line":45,"column":66}},"30":{"start":{"line":46,"column":4},"end":{"line":46,"column":123}},"31":{"start":{"line":46,"column":18},"end":{"line":46,"column":123}},"32":{"start":{"line":47,"column":4},"end":{"line":47,"column":27}},"33":{"start":{"line":49,"column":4},"end":{"line":49,"column":14}}},"fnMap":{"0":{"name":"createPatient","decl":{"start":{"line":4,"column":22},"end":{"line":4,"column":35}},"loc":{"start":{"line":4,"column":83},"end":{"line":12,"column":null}}},"1":{"name":"getPatients","decl":{"start":{"line":14,"column":22},"end":{"line":14,"column":33}},"loc":{"start":{"line":14,"column":82},"end":{"line":21,"column":null}}},"2":{"name":"(anonymous_11)","decl":{"start":{"line":17,"column":26},"end":{"line":17,"column":27}},"loc":{"start":{"line":17,"column":31},"end":{"line":17,"column":41}}},"3":{"name":"getPatient","decl":{"start":{"line":23,"column":22},"end":{"line":23,"column":32}},"loc":{"start":{"line":23,"column":80},"end":{"line":31,"column":null}}},"4":{"name":"updatePatient","decl":{"start":{"line":33,"column":22},"end":{"line":33,"column":35}},"loc":{"start":{"line":33,"column":83},"end":{"line":41,"column":null}}},"5":{"name":"deletePatient","decl":{"start":{"line":43,"column":22},"end":{"line":43,"column":35}},"loc":{"start":{"line":43,"column":83},"end":{"line":51,"column":null}}}},"branchMap":{"0":{"loc":{"start":{"line":26,"column":4},"end":{"line":26,"column":123}},"type":"if","locations":[{"start":{"line":26,"column":4},"end":{"line":26,"column":123}}]},"1":{"loc":{"start":{"line":36,"column":4},"end":{"line":36,"column":123}},"type":"if","locations":[{"start":{"line":36,"column":4},"end":{"line":36,"column":123}}]},"2":{"loc":{"start":{"line":46,"column":4},"end":{"line":46,"column":123}},"type":"if","locations":[{"start":{"line":46,"column":4},"end":{"line":46,"column":123}}]}},"s":{"0":2,"1":2,"2":2,"3":2,"4":2,"5":2,"6":1,"7":1,"8":1,"9":1,"10":0,"11":1,"12":1,"13":1,"14":1,"15":0,"16":2,"17":2,"18":2,"19":1,"20":1,"21":0,"22":1,"23":1,"24":1,"25":0,"26":1,"27":0,"28":1,"29":1,"30":1,"31":0,"32":1,"33":0},"f":{"0":1,"1":1,"2":1,"3":2,"4":1,"5":1},"b":{"0":[1],"1":[0],"2":[0]}}
,"C:\\Users\\corcutt\\WebstormProjects\\Journey\\src\\middleware\\errorHandler.ts": {"path":"C:\\Users\\corcutt\\WebstormProjects\\Journey\\src\\middleware\\errorHandler.ts","statementMap":{"0":{"start":{"line":3,"column":49},"end":{"line":29,"column":1}},"1":{"start":{"line":5,"column":15},"end":{"line":5,"column":18}},"2":{"start":{"line":6,"column":13},"end":{"line":6,"column":29}},"3":{"start":{"line":7,"column":43},"end":{"line":7,"column":45}},"4":{"start":{"line":10,"column":2},"end":{"line":14,"column":3}},"5":{"start":{"line":11,"column":4},"end":{"line":11,"column":17}},"6":{"start":{"line":12,"column":4},"end":{"line":12,"column":30}},"7":{"start":{"line":13,"column":4},"end":{"line":13,"column":41}},"8":{"start":{"line":16,"column":2},"end":{"line":20,"column":3}},"9":{"start":{"line":17,"column":4},"end":{"line":17,"column":17}},"10":{"start":{"line":18,"column":4},"end":{"line":18,"column":25}},"11":{"start":{"line":19,"column":4},"end":{"line":19,"column":43}},"12":{"start":{"line":23,"column":2},"end":{"line":25,"column":3}},"13":{"start":{"line":24,"column":4},"end":{"line":24,"column":34}},"14":{"start":{"line":27,"column":2},"end":{"line":27,"column":32}},"15":{"start":{"line":28,"column":2},"end":{"line":28,"column":61}},"16":{"start":{"line":3,"column":13},"end":{"line":3,"column":49}}},"fnMap":{"0":{"name":"(anonymous_0)","decl":{"start":{"line":3,"column":49},"end":{"line":3,"column":50}},"loc":{"start":{"line":3,"column":75},"end":{"line":29,"column":1}}}},"branchMap":{"0":{"loc":{"start":{"line":10,"column":2},"end":{"line":14,"column":3}},"type":"if","locations":[{"start":{"line":10,"column":2},"end":{"line":14,"column":3}}]},"1":{"loc":{"start":{"line":10,"column":6},"end":{"line":10,"column":43}},"type":"binary-expr","locations":[{"start":{"line":10,"column":6},"end":{"line":10,"column":9}},{"start":{"line":10,"column":13},"end":{"line":10,"column":43}}]},"2":{"loc":{"start":{"line":16,"column":2},"end":{"line":20,"column":3}},"type":"if","locations":[{"start":{"line":16,"column":2},"end":{"line":20,"column":3}}]},"3":{"loc":{"start":{"line":16,"column":6},"end":{"line":16,"column":37}},"type":"binary-expr","locations":[{"start":{"line":16,"column":6},"end":{"line":16,"column":9}},{"start":{"line":16,"column":13},"end":{"line":16,"column":37}}]},"4":{"loc":{"start":{"line":23,"column":2},"end":{"line":25,"column":3}},"type":"if","locations":[{"start":{"line":23,"column":2},"end":{"line":25,"column":3}}]},"5":{"loc":{"start":{"line":23,"column":6},"end":{"line":23,"column":55}},"type":"binary-expr","locations":[{"start":{"line":23,"column":6},"end":{"line":23,"column":26}},{"start":{"line":23,"column":30},"end":{"line":23,"column":55}}]}},"s":{"0":2,"1":0,"2":0,"3":0,"4":0,"5":0,"6":0,"7":0,"8":0,"9":0,"10":0,"11":0,"12":0,"13":0,"14":0,"15":0,"16":2},"f":{"0":0},"b":{"0":[0],"1":[0,0],"2":[0],"3":[0,0],"4":[0],"5":[0,0]}}
,"C:\\Users\\corcutt\\WebstormProjects\\Journey\\src\\middleware\\validation.ts": {"path":"C:\\Users\\corcutt\\WebstormProjects\\Journey\\src\\middleware\\validation.ts","statementMap":{"0":{"start":{"line":7,"column":0},"end":{"line":7,"column":16}},"1":{"start":{"line":15,"column":0},"end":{"line":15,"column":16}},"2":{"start":{"line":4,"column":2},"end":{"line":4,"column":111}},"3":{"start":{"line":8,"column":39},"end":{"line":8,"column":53}},"4":{"start":{"line":9,"column":2},"end":{"line":9,"column":86}},"5":{"start":{"line":9,"column":31},"end":{"line":9,"column":86}},"6":{"start":{"line":10,"column":2},"end":{"line":10,"column":104}},"7":{"start":{"line":10,"column":40},"end":{"line":10,"column":104}},"8":{"start":{"line":11,"column":2},"end":{"line":11,"column":120}},"9":{"start":{"line":11,"column":68},"end":{"line":11,"column":120}},"10":{"start":{"line":12,"column":2},"end":{"line":12,"column":9}},"11":{"start":{"line":16,"column":18},"end":{"line":16,"column":32}},"12":{"start":{"line":17,"column":2},"end":{"line":19,"column":3}},"13":{"start":{"line":18,"column":4},"end":{"line":18,"column":66}},"14":{"start":{"line":20,"column":2},"end":{"line":22,"column":3}},"15":{"start":{"line":21,"column":4},"end":{"line":21,"column":69}},"16":{"start":{"line":23,"column":14},"end":{"line":23,"column":58}},"17":{"start":{"line":23,"column":52},"end":{"line":23,"column":56}},"18":{"start":{"line":24,"column":2},"end":{"line":26,"column":3}},"19":{"start":{"line":25,"column":4},"end":{"line":25,"column":76}},"20":{"start":{"line":27,"column":2},"end":{"line":48,"column":3}},"21":{"start":{"line":28,"column":4},"end":{"line":30,"column":5}},"22":{"start":{"line":29,"column":6},"end":{"line":29,"column":64}},"23":{"start":{"line":31,"column":4},"end":{"line":47,"column":5}},"24":{"start":{"line":32,"column":6},"end":{"line":34,"column":7}},"25":{"start":{"line":33,"column":8},"end":{"line":33,"column":97}},"26":{"start":{"line":35,"column":11},"end":{"line":47,"column":5}},"27":{"start":{"line":36,"column":6},"end":{"line":38,"column":7}},"28":{"start":{"line":37,"column":8},"end":{"line":37,"column":93}},"29":{"start":{"line":39,"column":6},"end":{"line":41,"column":7}},"30":{"start":{"line":40,"column":8},"end":{"line":40,"column":113}},"31":{"start":{"line":42,"column":6},"end":{"line":44,"column":7}},"32":{"start":{"line":43,"column":8},"end":{"line":43,"column":115}},"33":{"start":{"line":46,"column":6},"end":{"line":46,"column":65}},"34":{"start":{"line":49,"column":2},"end":{"line":49,"column":9}}},"fnMap":{"0":{"name":"badRequest","decl":{"start":{"line":3,"column":9},"end":{"line":3,"column":19}},"loc":{"start":{"line":3,"column":89},"end":{"line":5,"column":1}}},"1":{"name":"validatePatient","decl":{"start":{"line":7,"column":16},"end":{"line":7,"column":31}},"loc":{"start":{"line":7,"column":79},"end":{"line":13,"column":1}}},"2":{"name":"validateJourney","decl":{"start":{"line":15,"column":16},"end":{"line":15,"column":31}},"loc":{"start":{"line":15,"column":79},"end":{"line":50,"column":1}}},"3":{"name":"(anonymous_3)","decl":{"start":{"line":23,"column":40},"end":{"line":23,"column":41}},"loc":{"start":{"line":23,"column":52},"end":{"line":23,"column":56}}}},"branchMap":{"0":{"loc":{"start":{"line":3,"column":52},"end":{"line":3,"column":89}},"type":"default-arg","locations":[{"start":{"line":3,"column":87},"end":{"line":3,"column":89}}]},"1":{"loc":{"start":{"line":8,"column":39},"end":{"line":8,"column":53}},"type":"binary-expr","locations":[{"start":{"line":8,"column":39},"end":{"line":8,"column":47}},{"start":{"line":8,"column":51},"end":{"line":8,"column":53}}]},"2":{"loc":{"start":{"line":9,"column":2},"end":{"line":9,"column":86}},"type":"if","locations":[{"start":{"line":9,"column":2},"end":{"line":9,"column":86}}]},"3":{"loc":{"start":{"line":10,"column":2},"end":{"line":10,"column":104}},"type":"if","locations":[{"start":{"line":10,"column":2},"end":{"line":10,"column":104}}]},"4":{"loc":{"start":{"line":11,"column":2},"end":{"line":11,"column":120}},"type":"if","locations":[{"start":{"line":11,"column":2},"end":{"line":11,"column":120}}]},"5":{"loc":{"start":{"line":16,"column":18},"end":{"line":16,"column":32}},"type":"binary-expr","locations":[{"start":{"line":16,"column":18},"end":{"line":16,"column":26}},{"start":{"line":16,"column":30},"end":{"line":16,"column":32}}]},"6":{"loc":{"start":{"line":17,"column":2},"end":{"line":19,"column":3}},"type":"if","locations":[{"start":{"line":17,"column":2},"end":{"line":19,"column":3}}]},"7":{"loc":{"start":{"line":17,"column":6},"end":{"line":17,"column":65}},"type":"binary-expr","locations":[{"start":{"line":17,"column":6},"end":{"line":17,"column":35}},{"start":{"line":17,"column":39},"end":{"line":17,"column":65}}]},"8":{"loc":{"start":{"line":20,"column":2},"end":{"line":22,"column":3}},"type":"if","locations":[{"start":{"line":20,"column":2},"end":{"line":22,"column":3}}]},"9":{"loc":{"start":{"line":24,"column":2},"end":{"line":26,"column":3}},"type":"if","locations":[{"start":{"line":24,"column":2},"end":{"line":26,"column":3}}]},"10":{"loc":{"start":{"line":28,"column":4},"end":{"line":30,"column":5}},"type":"if","locations":[{"start":{"line":28,"column":4},"end":{"line":30,"column":5}}]},"11":{"loc":{"start":{"line":28,"column":8},"end":{"line":28,"column":68}},"type":"binary-expr","locations":[{"start":{"line":28,"column":8},"end":{"line":28,"column":10}},{"start":{"line":28,"column":14},"end":{"line":28,"column":38}},{"start":{"line":28,"column":42},"end":{"line":28,"column":68}}]},"12":{"loc":{"start":{"line":31,"column":4},"end":{"line":47,"column":5}},"type":"if","locations":[{"start":{"line":31,"column":4},"end":{"line":47,"column":5}},{"start":{"line":35,"column":11},"end":{"line":47,"column":5}}]},"13":{"loc":{"start":{"line":31,"column":8},"end":{"line":31,"column":50}},"type":"binary-expr","locations":[{"start":{"line":31,"column":8},"end":{"line":31,"column":28}},{"start":{"line":31,"column":32},"end":{"line":31,"column":50}}]},"14":{"loc":{"start":{"line":32,"column":6},"end":{"line":34,"column":7}},"type":"if","locations":[{"start":{"line":32,"column":6},"end":{"line":34,"column":7}}]},"15":{"loc":{"start":{"line":32,"column":10},"end":{"line":32,"column":60}},"type":"binary-expr","locations":[{"start":{"line":32,"column":10},"end":{"line":32,"column":32}},{"start":{"line":32,"column":36},"end":{"line":32,"column":60}}]},"16":{"loc":{"start":{"line":35,"column":11},"end":{"line":47,"column":5}},"type":"if","locations":[{"start":{"line":35,"column":11},"end":{"line":47,"column":5}},{"start":{"line":45,"column":11},"end":{"line":47,"column":5}}]},"17":{"loc":{"start":{"line":36,"column":6},"end":{"line":38,"column":7}},"type":"if","locations":[{"start":{"line":36,"column":6},"end":{"line":38,"column":7}}]},"18":{"loc":{"start":{"line":36,"column":10},"end":{"line":36,"column":107}},"type":"binary-expr","locations":[{"start":{"line":36,"column":10},"end":{"line":36,"column":22}},{"start":{"line":36,"column":26},"end":{"line":36,"column":63}},{"start":{"line":36,"column":67},"end":{"line":36,"column":107}}]},"19":{"loc":{"start":{"line":39,"column":6},"end":{"line":41,"column":7}},"type":"if","locations":[{"start":{"line":39,"column":6},"end":{"line":41,"column":7}}]},"20":{"loc":{"start":{"line":39,"column":10},"end":{"line":39,"column":76}},"type":"binary-expr","locations":[{"start":{"line":39,"column":10},"end":{"line":39,"column":40}},{"start":{"line":39,"column":44},"end":{"line":39,"column":76}}]},"21":{"loc":{"start":{"line":42,"column":6},"end":{"line":44,"column":7}},"type":"if","locations":[{"start":{"line":42,"column":6},"end":{"line":44,"column":7}}]},"22":{"loc":{"start":{"line":42,"column":10},"end":{"line":42,"column":78}},"type":"binary-expr","locations":[{"start":{"line":42,"column":10},"end":{"line":42,"column":41}},{"start":{"line":42,"column":45},"end":{"line":42,"column":78}}]}},"s":{"0":2,"1":2,"2":2,"3":3,"4":3,"5":1,"6":2,"7":0,"8":2,"9":0,"10":2,"11":3,"12":3,"13":1,"14":2,"15":0,"16":2,"17":2,"18":2,"19":0,"20":2,"21":2,"22":0,"23":2,"24":2,"25":0,"26":0,"27":0,"28":0,"29":0,"30":0,"31":0,"32":0,"33":0,"34":2},"f":{"0":2,"1":3,"2":3,"3":2},"b":{"0":[2],"1":[3,0],"2":[1],"3":[0],"4":[0],"5":[3,0],"6":[1],"7":[3,3],"8":[0],"9":[0],"10":[0],"11":[2,2,2],"12":[2,0],"13":[2,0],"14":[0],"15":[2,0],"16":[0,0],"17":[0],"18":[0,0,0],"19":[0],"20":[0,0],"21":[0],"22":[0,0]}}
,"C:\\Users\\corcutt\\WebstormProjects\\Journey\\src\\models\\Journey.ts": {"path":"C:\\Users\\corcutt\\WebstormProjects\\Journey\\src\\models\\Journey.ts","statementMap":{"0":{"start":{"line":1,"column":0},"end":{"line":1,"column":61}},"1":{"start":{"line":2,"column":0},"end":{"line":2,"column":36}},"2":{"start":{"line":11,"column":22},"end":{"line":19,"column":4}},"3":{"start":{"line":16,"column":2},"end":{"line":16,"column":39}},"4":{"start":{"line":17,"column":2},"end":{"line":17,"column":17}},"5":{"start":{"line":18,"column":2},"end":{"line":18,"column":13}},"6":{"start":{"line":22,"column":0},"end":{"line":46,"column":3}},"7":{"start":{"line":23,"column":14},"end":{"line":23,"column":58}},"8":{"start":{"line":24,"column":2},"end":{"line":26,"column":3}},"9":{"start":{"line":25,"column":4},"end":{"line":25,"column":66}},"10":{"start":{"line":27,"column":14},"end":{"line":27,"column":62}},"11":{"start":{"line":27,"column":56},"end":{"line":27,"column":60}},"12":{"start":{"line":28,"column":2},"end":{"line":30,"column":3}},"13":{"start":{"line":29,"column":4},"end":{"line":29,"column":76}},"14":{"start":{"line":31,"column":2},"end":{"line":44,"column":3}},"15":{"start":{"line":32,"column":4},"end":{"line":43,"column":5}},"16":{"start":{"line":33,"column":6},"end":{"line":35,"column":7}},"17":{"start":{"line":34,"column":8},"end":{"line":34,"column":97}},"18":{"start":{"line":36,"column":11},"end":{"line":43,"column":5}},"19":{"start":{"line":37,"column":6},"end":{"line":39,"column":7}},"20":{"start":{"line":38,"column":8},"end":{"line":38,"column":113}},"21":{"start":{"line":40,"column":6},"end":{"line":42,"column":7}},"22":{"start":{"line":41,"column":8},"end":{"line":41,"column":115}},"23":{"start":{"line":45,"column":2},"end":{"line":45,"column":9}},"24":{"start":{"line":48,"column":13},"end":{"line":48,"column":122}}},"fnMap":{"0":{"name":"(anonymous_9)","decl":{"start":{"line":15,"column":79},"end":{"line":15,"column":80}},"loc":{"start":{"line":15,"column":100},"end":{"line":19,"column":1}}},"1":{"name":"(anonymous_10)","decl":{"start":{"line":22,"column":30},"end":{"line":22,"column":40}},"loc":{"start":{"line":22,"column":44},"end":{"line":46,"column":1}}},"2":{"name":"(anonymous_11)","decl":{"start":{"line":27,"column":44},"end":{"line":27,"column":45}},"loc":{"start":{"line":27,"column":56},"end":{"line":27,"column":60}}}},"branchMap":{"0":{"loc":{"start":{"line":24,"column":2},"end":{"line":26,"column":3}},"type":"if","locations":[{"start":{"line":24,"column":2},"end":{"line":26,"column":3}}]},"1":{"loc":{"start":{"line":24,"column":6},"end":{"line":24,"column":42}},"type":"binary-expr","locations":[{"start":{"line":24,"column":6},"end":{"line":24,"column":16}},{"start":{"line":24,"column":20},"end":{"line":24,"column":42}}]},"2":{"loc":{"start":{"line":28,"column":2},"end":{"line":30,"column":3}},"type":"if","locations":[{"start":{"line":28,"column":2},"end":{"line":30,"column":3}}]},"3":{"loc":{"start":{"line":32,"column":4},"end":{"line":43,"column":5}},"type":"if","locations":[{"start":{"line":32,"column":4},"end":{"line":43,"column":5}},{"start":{"line":36,"column":11},"end":{"line":43,"column":5}}]},"4":{"loc":{"start":{"line":32,"column":8},"end":{"line":32,"column":50}},"type":"binary-expr","locations":[{"start":{"line":32,"column":8},"end":{"line":32,"column":28}},{"start":{"line":32,"column":32},"end":{"line":32,"column":50}}]},"5":{"loc":{"start":{"line":33,"column":6},"end":{"line":35,"column":7}},"type":"if","locations":[{"start":{"line":33,"column":6},"end":{"line":35,"column":7}}]},"6":{"loc":{"start":{"line":33,"column":10},"end":{"line":33,"column":60}},"type":"binary-expr","locations":[{"start":{"line":33,"column":10},"end":{"line":33,"column":32}},{"start":{"line":33,"column":36},"end":{"line":33,"column":60}}]},"7":{"loc":{"start":{"line":36,"column":11},"end":{"line":43,"column":5}},"type":"if","locations":[{"start":{"line":36,"column":11},"end":{"line":43,"column":5}}]},"8":{"loc":{"start":{"line":37,"column":6},"end":{"line":39,"column":7}},"type":"if","locations":[{"start":{"line":37,"column":6},"end":{"line":39,"column":7}}]},"9":{"loc":{"start":{"line":37,"column":10},"end":{"line":37,"column":76}},"type":"binary-expr","locations":[{"start":{"line":37,"column":10},"end":{"line":37,"column":40}},{"start":{"line":37,"column":44},"end":{"line":37,"column":76}}]},"10":{"loc":{"start":{"line":40,"column":6},"end":{"line":42,"column":7}},"type":"if","locations":[{"start":{"line":40,"column":6},"end":{"line":42,"column":7}}]},"11":{"loc":{"start":{"line":40,"column":10},"end":{"line":40,"column":78}},"type":"binary-expr","locations":[{"start":{"line":40,"column":10},"end":{"line":40,"column":41}},{"start":{"line":40,"column":45},"end":{"line":40,"column":78}}]},"12":{"loc":{"start":{"line":48,"column":42},"end":{"line":48,"column":121}},"type":"binary-expr","locations":[{"start":{"line":48,"column":42},"end":{"line":48,"column":65}},{"start":{"line":48,"column":69},"end":{"line":48,"column":121}}]}},"s":{"0":1,"1":1,"2":1,"3":0,"4":0,"5":0,"6":1,"7":0,"8":0,"9":0,"10":0,"11":0,"12":0,"13":0,"14":0,"15":0,"16":0,"17":0,"18":0,"19":0,"20":0,"21":0,"22":0,"23":0,"24":1},"f":{"0":0,"1":0,"2":0},"b":{"0":[0],"1":[0,0],"2":[0],"3":[0,0],"4":[0,0],"5":[0],"6":[0,0],"7":[0],"8":[0],"9":[0,0],"10":[0],"11":[0,0],"12":[1,1]}}
,"C:\\Users\\corcutt\\WebstormProjects\\Journey\\src\\models\\Node.ts": {"path":"C:\\Users\\corcutt\\WebstormProjects\\Journey\\src\\models\\Node.ts","statementMap":{"0":{"start":{"line":1,"column":0},"end":{"line":1,"column":34}},"1":{"start":{"line":6,"column":13},"end":{"line":10,"column":19}},"2":{"start":{"line":12,"column":13},"end":{"line":24,"column":19}},"3":{"start":{"line":27,"column":0},"end":{"line":41,"column":3}},"4":{"start":{"line":28,"column":19},"end":{"line":28,"column":30}},"5":{"start":{"line":29,"column":2},"end":{"line":31,"column":3}},"6":{"start":{"line":30,"column":4},"end":{"line":30,"column":97}},"7":{"start":{"line":30,"column":41},"end":{"line":30,"column":97}},"8":{"start":{"line":32,"column":2},"end":{"line":34,"column":3}},"9":{"start":{"line":33,"column":4},"end":{"line":33,"column":113}},"10":{"start":{"line":33,"column":50},"end":{"line":33,"column":113}},"11":{"start":{"line":35,"column":2},"end":{"line":39,"column":3}},"12":{"start":{"line":36,"column":4},"end":{"line":38,"column":5}},"13":{"start":{"line":37,"column":6},"end":{"line":37,"column":95}},"14":{"start":{"line":40,"column":2},"end":{"line":40,"column":9}}},"fnMap":{"0":{"name":"(anonymous_0)","decl":{"start":{"line":27,"column":27},"end":{"line":27,"column":37}},"loc":{"start":{"line":27,"column":41},"end":{"line":41,"column":1}}}},"branchMap":{"0":{"loc":{"start":{"line":29,"column":2},"end":{"line":31,"column":3}},"type":"if","locations":[{"start":{"line":29,"column":2},"end":{"line":31,"column":3}}]},"1":{"loc":{"start":{"line":30,"column":4},"end":{"line":30,"column":97}},"type":"if","locations":[{"start":{"line":30,"column":4},"end":{"line":30,"column":97}}]},"2":{"loc":{"start":{"line":32,"column":2},"end":{"line":34,"column":3}},"type":"if","locations":[{"start":{"line":32,"column":2},"end":{"line":34,"column":3}}]},"3":{"loc":{"start":{"line":33,"column":4},"end":{"line":33,"column":113}},"type":"if","locations":[{"start":{"line":33,"column":4},"end":{"line":33,"column":113}}]},"4":{"loc":{"start":{"line":35,"column":2},"end":{"line":39,"column":3}},"type":"if","locations":[{"start":{"line":35,"column":2},"end":{"line":39,"column":3}}]},"5":{"loc":{"start":{"line":36,"column":4},"end":{"line":38,"column":5}},"type":"if","locations":[{"start":{"line":36,"column":4},"end":{"line":38,"column":5}}]},"6":{"loc":{"start":{"line":36,"column":8},"end":{"line":36,"column":111}},"type":"binary-expr","locations":[{"start":{"line":36,"column":8},"end":{"line":36,"column":22}},{"start":{"line":36,"column":26},"end":{"line":36,"column":65}},{"start":{"line":36,"column":69},"end":{"line":36,"column":111}}]}},"s":{"0":1,"1":1,"2":1,"3":1,"4":0,"5":0,"6":0,"7":0,"8":0,"9":0,"10":0,"11":0,"12":0,"13":0,"14":0},"f":{"0":0},"b":{"0":[0],"1":[0],"2":[0],"3":[0],"4":[0],"5":[0],"6":[0,0,0]}}
,"C:\\Users\\corcutt\\WebstormProjects\\Journey\\src\\routes\\journeys.ts": {"path":"C:\\Users\\corcutt\\WebstormProjects\\Journey\\src\\routes\\journeys.ts","statementMap":{"0":{"start":{"line":1,"column":0},"end":{"line":1,"column":33}},"1":{"start":{"line":2,"column":0},"end":{"line":2,"column":134}},"2":{"start":{"line":3,"column":0},"end":{"line":3,"column":59}},"3":{"start":{"line":5,"column":15},"end":{"line":5,"column":23}},"4":{"start":{"line":7,"column":0},"end":{"line":7,"column":29}},"5":{"start":{"line":8,"column":0},"end":{"line":8,"column":49}},"6":{"start":{"line":9,"column":0},"end":{"line":9,"column":31}},"7":{"start":{"line":10,"column":0},"end":{"line":10,"column":51}},"8":{"start":{"line":11,"column":0},"end":{"line":11,"column":37}},"9":{"start":{"line":12,"column":0},"end":{"line":12,"column":40}},"10":{"start":{"line":14,"column":0},"end":{"line":14,"column":22}}},"fnMap":{},"branchMap":{},"s":{"0":2,"1":2,"2":2,"3":2,"4":2,"5":2,"6":2,"7":2,"8":2,"9":2,"10":2},"f":{},"b":{}}
,"C:\\Users\\corcutt\\WebstormProjects\\Journey\\src\\routes\\patients.ts": {"path":"C:\\Users\\corcutt\\WebstormProjects\\Journey\\src\\routes\\patients.ts","statementMap":{"0":{"start":{"line":1,"column":0},"end":{"line":1,"column":33}},"1":{"start":{"line":2,"column":0},"end":{"line":2,"column":120}},"2":{"start":{"line":3,"column":0},"end":{"line":3,"column":59}},"3":{"start":{"line":5,"column":15},"end":{"line":5,"column":23}},"4":{"start":{"line":7,"column":0},"end":{"line":7,"column":29}},"5":{"start":{"line":8,"column":0},"end":{"line":8,"column":49}},"6":{"start":{"line":9,"column":0},"end":{"line":9,"column":31}},"7":{"start":{"line":10,"column":0},"end":{"line":10,"column":51}},"8":{"start":{"line":11,"column":0},"end":{"line":11,"column":37}},"9":{"start":{"line":13,"column":0},"end":{"line":13,"column":22}}},"fnMap":{},"branchMap":{},"s":{"0":2,"1":2,"2":2,"3":2,"4":2,"5":2,"6":2,"7":2,"8":2,"9":2},"f":{},"b":{}}
,"C:\\Users\\corcutt\\WebstormProjects\\Journey\\src\\services\\journeyEngine.ts": {"path":"C:\\Users\\corcutt\\WebstormProjects\\Journey\\src\\services\\journeyEngine.ts","statementMap":{"0":{"start":{"line":39,"column":0},"end":{"line":39,"column":16}},"1":{"start":{"line":2,"column":0},"end":{"line":2,"column":58}},"2":{"start":{"line":9,"column":43},"end":{"line":9,"column":45}},"3":{"start":{"line":10,"column":2},"end":{"line":12,"column":3}},"4":{"start":{"line":11,"column":4},"end":{"line":11,"column":24}},"5":{"start":{"line":13,"column":2},"end":{"line":13,"column":13}},"6":{"start":{"line":17,"column":2},"end":{"line":19,"column":3}},"7":{"start":{"line":18,"column":4},"end":{"line":18,"column":59}},"8":{"start":{"line":20,"column":2},"end":{"line":22,"column":3}},"9":{"start":{"line":21,"column":4},"end":{"line":21,"column":69}},"10":{"start":{"line":23,"column":14},"end":{"line":23,"column":39}},"11":{"start":{"line":24,"column":2},"end":{"line":36,"column":3}},"12":{"start":{"line":25,"column":4},"end":{"line":35,"column":5}},"13":{"start":{"line":26,"column":19},"end":{"line":26,"column":33}},"14":{"start":{"line":27,"column":6},"end":{"line":29,"column":7}},"15":{"start":{"line":28,"column":8},"end":{"line":28,"column":80}},"16":{"start":{"line":30,"column":11},"end":{"line":35,"column":5}},"17":{"start":{"line":31,"column":16},"end":{"line":31,"column":38}},"18":{"start":{"line":32,"column":16},"end":{"line":32,"column":39}},"19":{"start":{"line":33,"column":6},"end":{"line":33,"column":113}},"20":{"start":{"line":33,"column":36},"end":{"line":33,"column":113}},"21":{"start":{"line":34,"column":6},"end":{"line":34,"column":114}},"22":{"start":{"line":34,"column":36},"end":{"line":34,"column":114}},"23":{"start":{"line":40,"column":32},"end":{"line":40,"column":86}},"24":{"start":{"line":40,"column":67},"end":{"line":40,"column":85}},"25":{"start":{"line":41,"column":14},"end":{"line":41,"column":35}},"26":{"start":{"line":42,"column":2},"end":{"line":42,"column":32}},"27":{"start":{"line":44,"column":2},"end":{"line":44,"column":116}},"28":{"start":{"line":46,"column":14},"end":{"line":59,"column":3}},"29":{"start":{"line":47,"column":4},"end":{"line":50,"column":5}},"30":{"start":{"line":48,"column":6},"end":{"line":48,"column":88}},"31":{"start":{"line":49,"column":6},"end":{"line":49,"column":13}},"32":{"start":{"line":51,"column":17},"end":{"line":51,"column":28}},"33":{"start":{"line":52,"column":4},"end":{"line":54,"column":5}},"34":{"start":{"line":53,"column":6},"end":{"line":53,"column":51}},"35":{"start":{"line":55,"column":4},"end":{"line":55,"column":96}},"36":{"start":{"line":56,"column":4},"end":{"line":58,"column":7}},"37":{"start":{"line":57,"column":6},"end":{"line":57,"column":16}},"38":{"start":{"line":61,"column":2},"end":{"line":61,"column":29}}},"fnMap":{"0":{"name":"buildNodeMap","decl":{"start":{"line":8,"column":9},"end":{"line":8,"column":21}},"loc":{"start":{"line":8,"column":38},"end":{"line":14,"column":1}}},"1":{"name":"validateJourney","decl":{"start":{"line":16,"column":9},"end":{"line":16,"column":24}},"loc":{"start":{"line":16,"column":75},"end":{"line":37,"column":1}}},"2":{"name":"executeJourney","decl":{"start":{"line":39,"column":16},"end":{"line":39,"column":30}},"loc":{"start":{"line":39,"column":98},"end":{"line":62,"column":1}}},"3":{"name":"(anonymous_3)","decl":{"start":{"line":40,"column":55},"end":{"line":40,"column":56}},"loc":{"start":{"line":40,"column":67},"end":{"line":40,"column":85}}},"4":{"name":"(anonymous_4)","decl":{"start":{"line":46,"column":14},"end":{"line":46,"column":15}},"loc":{"start":{"line":46,"column":46},"end":{"line":59,"column":3}}},"5":{"name":"(anonymous_5)","decl":{"start":{"line":56,"column":42},"end":{"line":56,"column":43}},"loc":{"start":{"line":56,"column":51},"end":{"line":58,"column":5}}}},"branchMap":{"0":{"loc":{"start":{"line":17,"column":2},"end":{"line":19,"column":3}},"type":"if","locations":[{"start":{"line":17,"column":2},"end":{"line":19,"column":3}}]},"1":{"loc":{"start":{"line":17,"column":6},"end":{"line":17,"column":50}},"type":"binary-expr","locations":[{"start":{"line":17,"column":6},"end":{"line":17,"column":20}},{"start":{"line":17,"column":24},"end":{"line":17,"column":50}}]},"2":{"loc":{"start":{"line":20,"column":2},"end":{"line":22,"column":3}},"type":"if","locations":[{"start":{"line":20,"column":2},"end":{"line":22,"column":3}}]},"3":{"loc":{"start":{"line":25,"column":4},"end":{"line":35,"column":5}},"type":"if","locations":[{"start":{"line":25,"column":4},"end":{"line":35,"column":5}},{"start":{"line":30,"column":11},"end":{"line":35,"column":5}}]},"4":{"loc":{"start":{"line":25,"column":8},"end":{"line":25,"column":50}},"type":"binary-expr","locations":[{"start":{"line":25,"column":8},"end":{"line":25,"column":28}},{"start":{"line":25,"column":32},"end":{"line":25,"column":50}}]},"5":{"loc":{"start":{"line":27,"column":6},"end":{"line":29,"column":7}},"type":"if","locations":[{"start":{"line":27,"column":6},"end":{"line":29,"column":7}}]},"6":{"loc":{"start":{"line":27,"column":10},"end":{"line":27,"column":40}},"type":"binary-expr","locations":[{"start":{"line":27,"column":10},"end":{"line":27,"column":22}},{"start":{"line":27,"column":26},"end":{"line":27,"column":40}}]},"7":{"loc":{"start":{"line":30,"column":11},"end":{"line":35,"column":5}},"type":"if","locations":[{"start":{"line":30,"column":11},"end":{"line":35,"column":5}}]},"8":{"loc":{"start":{"line":33,"column":6},"end":{"line":33,"column":113}},"type":"if","locations":[{"start":{"line":33,"column":6},"end":{"line":33,"column":113}}]},"9":{"loc":{"start":{"line":33,"column":10},"end":{"line":33,"column":34}},"type":"binary-expr","locations":[{"start":{"line":33,"column":10},"end":{"line":33,"column":19}},{"start":{"line":33,"column":23},"end":{"line":33,"column":34}}]},"10":{"loc":{"start":{"line":34,"column":6},"end":{"line":34,"column":114}},"type":"if","locations":[{"start":{"line":34,"column":6},"end":{"line":34,"column":114}}]},"11":{"loc":{"start":{"line":34,"column":10},"end":{"line":34,"column":34}},"type":"binary-expr","locations":[{"start":{"line":34,"column":10},"end":{"line":34,"column":19}},{"start":{"line":34,"column":23},"end":{"line":34,"column":34}}]},"12":{"loc":{"start":{"line":40,"column":32},"end":{"line":40,"column":86}},"type":"binary-expr","locations":[{"start":{"line":40,"column":32},"end":{"line":40,"column":50}},{"start":{"line":40,"column":55},"end":{"line":40,"column":85}}]},"13":{"loc":{"start":{"line":40,"column":32},"end":{"line":40,"column":50}},"type":"cond-expr","locations":[{"start":{"line":40,"column":39},"end":{"line":40,"column":41}},{"start":{"line":40,"column":32},"end":{"line":40,"column":50}}]},"14":{"loc":{"start":{"line":40,"column":32},"end":{"line":40,"column":41}},"type":"binary-expr","locations":[{"start":{"line":40,"column":32},"end":{"line":40,"column":41}},{"start":{"line":40,"column":32},"end":{"line":40,"column":41}}]},"15":{"loc":{"start":{"line":47,"column":4},"end":{"line":50,"column":5}},"type":"if","locations":[{"start":{"line":47,"column":4},"end":{"line":50,"column":5}}]},"16":{"loc":{"start":{"line":52,"column":4},"end":{"line":54,"column":5}},"type":"if","locations":[{"start":{"line":52,"column":4},"end":{"line":54,"column":5}}]}},"s":{"0":3,"1":3,"2":5,"3":5,"4":11,"5":5,"6":5,"7":0,"8":5,"9":0,"10":5,"11":5,"12":11,"13":10,"14":10,"15":1,"16":1,"17":1,"18":1,"19":1,"20":0,"21":1,"22":0,"23":5,"24":0,"25":5,"26":5,"27":4,"28":4,"29":13,"30":4,"31":4,"32":9,"33":9,"34":0,"35":9,"36":9,"37":9,"38":4},"f":{"0":5,"1":5,"2":5,"3":0,"4":13,"5":9},"b":{"0":[0],"1":[5,5],"2":[0],"3":[10,1],"4":[11,2],"5":[1],"6":[10,5],"7":[1],"8":[0],"9":[1,1],"10":[0],"11":[1,1],"12":[5,4],"13":[1,4],"14":[5,5],"15":[4],"16":[0]}}
,"C:\\Users\\corcutt\\WebstormProjects\\Journey\\src\\services\\messageService.ts": {"path":"C:\\Users\\corcutt\\WebstormProjects\\Journey\\src\\services\\messageService.ts","statementMap":{"0":{"start":{"line":1,"column":0},"end":{"line":1,"column":16}},"1":{"start":{"line":3,"column":2},"end":{"line":3,"column":80}}},"fnMap":{"0":{"name":"sendMessage","decl":{"start":{"line":1,"column":16},"end":{"line":1,"column":27}},"loc":{"start":{"line":1,"column":62},"end":{"line":4,"column":1}}}},"branchMap":{},"s":{"0":2,"1":1},"f":{"0":1},"b":{}}
,"C:\\Users\\corcutt\\WebstormProjects\\Journey\\src\\services\\nodeProcessor.ts": {"path":"C:\\Users\\corcutt\\WebstormProjects\\Journey\\src\\services\\nodeProcessor.ts","statementMap":{"0":{"start":{"line":6,"column":0},"end":{"line":6,"column":16}},"1":{"start":{"line":55,"column":0},"end":{"line":55,"column":16}},"2":{"start":{"line":60,"column":0},"end":{"line":60,"column":16}},"3":{"start":{"line":71,"column":0},"end":{"line":71,"column":16}},"4":{"start":{"line":80,"column":0},"end":{"line":80,"column":16}},"5":{"start":{"line":2,"column":0},"end":{"line":2,"column":47}},"6":{"start":{"line":10,"column":37},"end":{"line":10,"column":46}},"7":{"start":{"line":13,"column":14},"end":{"line":13,"column":83}},"8":{"start":{"line":14,"column":29},"end":{"line":14,"column":49}},"9":{"start":{"line":16,"column":22},"end":{"line":18,"column":3}},"10":{"start":{"line":17,"column":4},"end":{"line":17,"column":93}},"11":{"start":{"line":20,"column":31},"end":{"line":20,"column":64}},"12":{"start":{"line":21,"column":2},"end":{"line":23,"column":3}},"13":{"start":{"line":22,"column":4},"end":{"line":22,"column":57}},"14":{"start":{"line":25,"column":2},"end":{"line":35,"column":3}},"15":{"start":{"line":26,"column":4},"end":{"line":26,"column":18}},"16":{"start":{"line":27,"column":4},"end":{"line":34,"column":5}},"17":{"start":{"line":29,"column":8},"end":{"line":29,"column":44}},"18":{"start":{"line":31,"column":8},"end":{"line":31,"column":44}},"19":{"start":{"line":33,"column":8},"end":{"line":33,"column":21}},"20":{"start":{"line":37,"column":2},"end":{"line":52,"column":3}},"21":{"start":{"line":39,"column":6},"end":{"line":39,"column":36}},"22":{"start":{"line":41,"column":6},"end":{"line":41,"column":36}},"23":{"start":{"line":43,"column":6},"end":{"line":43,"column":50}},"24":{"start":{"line":45,"column":6},"end":{"line":45,"column":50}},"25":{"start":{"line":47,"column":6},"end":{"line":47,"column":51}},"26":{"start":{"line":49,"column":6},"end":{"line":49,"column":51}},"27":{"start":{"line":51,"column":6},"end":{"line":51,"column":59}},"28":{"start":{"line":56,"column":2},"end":{"line":56,"column":36}},"29":{"start":{"line":57,"column":2},"end":{"line":57,"column":43}},"30":{"start":{"line":66,"column":18},"end":{"line":66,"column":66}},"31":{"start":{"line":67,"column":2},"end":{"line":67,"column":126}},"32":{"start":{"line":68,"column":2},"end":{"line":68,"column":60}},"33":{"start":{"line":68,"column":18},"end":{"line":68,"column":49}},"34":{"start":{"line":72,"column":17},"end":{"line":72,"column":55}},"35":{"start":{"line":73,"column":21},"end":{"line":73,"column":84}},"36":{"start":{"line":74,"column":2},"end":{"line":76,"column":4}},"37":{"start":{"line":77,"column":2},"end":{"line":77,"column":32}},"38":{"start":{"line":86,"column":2},"end":{"line":105,"column":3}},"39":{"start":{"line":88,"column":29},"end":{"line":88,"column":54}},"40":{"start":{"line":89,"column":6},"end":{"line":89,"column":31}},"41":{"start":{"line":90,"column":6},"end":{"line":90,"column":13}},"42":{"start":{"line":93,"column":6},"end":{"line":93,"column":55}},"43":{"start":{"line":94,"column":6},"end":{"line":94,"column":13}},"44":{"start":{"line":97,"column":29},"end":{"line":97,"column":58}},"45":{"start":{"line":98,"column":6},"end":{"line":98,"column":31}},"46":{"start":{"line":99,"column":6},"end":{"line":99,"column":13}},"47":{"start":{"line":103,"column":31},"end":{"line":103,"column":44}},"48":{"start":{"line":104,"column":6},"end":{"line":104,"column":75}}},"fnMap":{"0":{"name":"evaluateCondition","decl":{"start":{"line":6,"column":16},"end":{"line":6,"column":33}},"loc":{"start":{"line":8,"column":25},"end":{"line":53,"column":1}}},"1":{"name":"(anonymous_1)","decl":{"start":{"line":16,"column":22},"end":{"line":16,"column":25}},"loc":{"start":{"line":16,"column":27},"end":{"line":18,"column":3}}},"2":{"name":"processMessage","decl":{"start":{"line":55,"column":16},"end":{"line":55,"column":30}},"loc":{"start":{"line":55,"column":68},"end":{"line":58,"column":1}}},"3":{"name":"processDelay","decl":{"start":{"line":60,"column":16},"end":{"line":60,"column":28}},"loc":{"start":{"line":64,"column":47},"end":{"line":69,"column":1}}},"4":{"name":"(anonymous_4)","decl":{"start":{"line":68,"column":12},"end":{"line":68,"column":15}},"loc":{"start":{"line":68,"column":18},"end":{"line":68,"column":49}}},"5":{"name":"processConditional","decl":{"start":{"line":71,"column":16},"end":{"line":71,"column":34}},"loc":{"start":{"line":71,"column":77},"end":{"line":78,"column":1}}},"6":{"name":"processNode","decl":{"start":{"line":80,"column":16},"end":{"line":80,"column":27}},"loc":{"start":{"line":84,"column":47},"end":{"line":106,"column":1}}}},"branchMap":{"0":{"loc":{"start":{"line":13,"column":14},"end":{"line":13,"column":83}},"type":"cond-expr","locations":[{"start":{"line":13,"column":45},"end":{"line":13,"column":75}},{"start":{"line":13,"column":78},"end":{"line":13,"column":83}}]},"1":{"loc":{"start":{"line":21,"column":2},"end":{"line":23,"column":3}},"type":"if","locations":[{"start":{"line":21,"column":2},"end":{"line":23,"column":3}}]},"2":{"loc":{"start":{"line":25,"column":2},"end":{"line":35,"column":3}},"type":"if","locations":[{"start":{"line":25,"column":2},"end":{"line":35,"column":3}}]},"3":{"loc":{"start":{"line":27,"column":4},"end":{"line":34,"column":5}},"type":"switch","locations":[{"start":{"line":28,"column":6},"end":{"line":29,"column":44}},{"start":{"line":30,"column":6},"end":{"line":31,"column":44}},{"start":{"line":32,"column":6},"end":{"line":33,"column":21}}]},"4":{"loc":{"start":{"line":37,"column":2},"end":{"line":52,"column":3}},"type":"switch","locations":[{"start":{"line":38,"column":4},"end":{"line":39,"column":36}},{"start":{"line":40,"column":4},"end":{"line":41,"column":36}},{"start":{"line":42,"column":4},"end":{"line":43,"column":50}},{"start":{"line":44,"column":4},"end":{"line":45,"column":50}},{"start":{"line":46,"column":4},"end":{"line":47,"column":51}},{"start":{"line":48,"column":4},"end":{"line":49,"column":51}},{"start":{"line":50,"column":4},"end":{"line":51,"column":59}}]},"5":{"loc":{"start":{"line":66,"column":31},"end":{"line":66,"column":57}},"type":"binary-expr","locations":[{"start":{"line":66,"column":31},"end":{"line":66,"column":52}},{"start":{"line":66,"column":56},"end":{"line":66,"column":57}}]},"6":{"loc":{"start":{"line":67,"column":76},"end":{"line":67,"column":102}},"type":"cond-expr","locations":[{"start":{"line":67,"column":93},"end":{"line":67,"column":97}},{"start":{"line":67,"column":97},"end":{"line":67,"column":102}}]},"7":{"loc":{"start":{"line":67,"column":76},"end":{"line":67,"column":97}},"type":"binary-expr","locations":[{"start":{"line":67,"column":76},"end":{"line":67,"column":97}},{"start":{"line":67,"column":93},"end":{"line":67,"column":97}}]},"8":{"loc":{"start":{"line":73,"column":21},"end":{"line":73,"column":84}},"type":"cond-expr","locations":[{"start":{"line":73,"column":30},"end":{"line":73,"column":55}},{"start":{"line":73,"column":58},"end":{"line":73,"column":84}}]},"9":{"loc":{"start":{"line":86,"column":2},"end":{"line":105,"column":3}},"type":"switch","locations":[{"start":{"line":87,"column":4},"end":{"line":91,"column":5}},{"start":{"line":92,"column":4},"end":{"line":95,"column":5}},{"start":{"line":96,"column":4},"end":{"line":100,"column":5}},{"start":{"line":101,"column":4},"end":{"line":104,"column":75}}]}},"s":{"0":4,"1":4,"2":4,"3":4,"4":4,"5":4,"6":16,"7":16,"8":16,"9":16,"10":3,"11":16,"12":16,"13":1,"14":15,"15":3,"16":3,"17":1,"18":1,"19":1,"20":12,"21":2,"22":2,"23":5,"24":1,"25":1,"26":1,"27":0,"28":9,"29":9,"30":4,"31":4,"32":4,"33":3,"34":2,"35":2,"36":2,"37":2,"38":11,"39":8,"40":8,"41":8,"42":2,"43":2,"44":1,"45":1,"46":1,"47":0,"48":0},"f":{"0":16,"1":3,"2":9,"3":4,"4":3,"5":2,"6":11},"b":{"0":[1,15],"1":[1],"2":[3],"3":[1,1,1],"4":[2,2,5,1,1,1,0],"5":[4,0],"6":[3,1],"7":[4,3],"8":[2,0],"9":[8,2,1,0]}}
,"C:\\Users\\corcutt\\WebstormProjects\\Journey\\src\\utils\\database.ts": {"path":"C:\\Users\\corcutt\\WebstormProjects\\Journey\\src\\utils\\database.ts","statementMap":{"0":{"start":{"line":8,"column":0},"end":{"line":8,"column":22}},"1":{"start":{"line":20,"column":0},"end":{"line":20,"column":22}},"2":{"start":{"line":1,"column":0},"end":{"line":1,"column":32}},"3":{"start":{"line":2,"column":0},"end":{"line":2,"column":40}},"4":{"start":{"line":5,"column":2},"end":{"line":5,"column":29}},"5":{"start":{"line":8,"column":32},"end":{"line":18,"column":null}},"6":{"start":{"line":9,"column":2},"end":{"line":17,"column":3}},"7":{"start":{"line":10,"column":4},"end":{"line":10,"column":32}},"8":{"start":{"line":11,"column":17},"end":{"line":11,"column":44}},"9":{"start":{"line":12,"column":4},"end":{"line":12,"column":21}},"10":{"start":{"line":13,"column":4},"end":{"line":13,"column":16}},"11":{"start":{"line":15,"column":4},"end":{"line":15,"column":56}},"12":{"start":{"line":16,"column":4},"end":{"line":16,"column":14}},"13":{"start":{"line":21,"column":2},"end":{"line":26,"column":3}},"14":{"start":{"line":22,"column":4},"end":{"line":22,"column":38}},"15":{"start":{"line":23,"column":4},"end":{"line":23,"column":24}},"16":{"start":{"line":25,"column":4},"end":{"line":25,"column":59}},"17":{"start":{"line":30,"column":0},"end":{"line":32,"column":3}},"18":{"start":{"line":31,"column":2},"end":{"line":31,"column":53}},"19":{"start":{"line":34,"column":0},"end":{"line":36,"column":3}},"20":{"start":{"line":35,"column":2},"end":{"line":35,"column":25}}},"fnMap":{"0":{"name":"log","decl":{"start":{"line":4,"column":9},"end":{"line":4,"column":12}},"loc":{"start":{"line":4,"column":24},"end":{"line":6,"column":1}}},"1":{"name":"connectDB","decl":{"start":{"line":8,"column":22},"end":{"line":8,"column":31}},"loc":{"start":{"line":8,"column":31},"end":{"line":18,"column":null}}},"2":{"name":"(anonymous_10)","decl":{"start":{"line":8,"column":32},"end":{"line":8,"column":35}},"loc":{"start":{"line":8,"column":49},"end":{"line":18,"column":1}}},"3":{"name":"disconnectDB","decl":{"start":{"line":20,"column":22},"end":{"line":20,"column":34}},"loc":{"start":{"line":20,"column":34},"end":{"line":27,"column":null}}},"4":{"name":"(anonymous_13)","decl":{"start":{"line":30,"column":32},"end":{"line":30,"column":33}},"loc":{"start":{"line":30,"column":40},"end":{"line":32,"column":1}}},"5":{"name":"(anonymous_14)","decl":{"start":{"line":34,"column":39},"end":{"line":34,"column":42}},"loc":{"start":{"line":34,"column":44},"end":{"line":36,"column":1}}}},"branchMap":{"0":{"loc":{"start":{"line":8,"column":32},"end":{"line":8,"column":49}},"type":"default-arg","locations":[{"start":{"line":8,"column":38},"end":{"line":8,"column":49}}]}},"s":{"0":2,"1":2,"2":2,"3":2,"4":0,"5":0,"6":0,"7":0,"8":0,"9":0,"10":0,"11":0,"12":0,"13":0,"14":0,"15":0,"16":0,"17":2,"18":0,"19":2,"20":0},"f":{"0":0,"1":0,"2":0,"3":0,"4":0,"5":0},"b":{"0":[0]}}
}
