TN:
SF:src\index.ts
FN:11,createApp
FN:21,(anonymous_9)
FN:28,(anonymous_10)
FN:28,(anonymous_11)
FN:30,(anonymous_12)
FN:35,(anonymous_13)
FN:39,(anonymous_14)
FN:43,(anonymous_15)
FN:43,(anonymous_16)
FN:45,(anonymous_17)
FN:45,(anonymous_18)
FN:53,(anonymous_19)
FN:54,(anonymous_20)
FNF:13
FNH:1
FNDA:3,createApp
FNDA:0,(anonymous_9)
FNDA:0,(anonymous_10)
FNDA:0,(anonymous_11)
FNDA:0,(anonymous_12)
FNDA:0,(anonymous_13)
FNDA:0,(anonymous_14)
FNDA:0,(anonymous_15)
FNDA:0,(anonymous_16)
FNDA:0,(anonymous_17)
FNDA:0,(anonymous_18)
FNDA:0,(anonymous_19)
FNDA:0,(anonymous_20)
DA:1,3
DA:2,3
DA:3,3
DA:4,3
DA:5,3
DA:6,3
DA:7,3
DA:8,3
DA:9,3
DA:11,3
DA:12,3
DA:13,3
DA:14,3
DA:16,3
DA:17,3
DA:18,3
DA:21,3
DA:23,3
DA:24,3
DA:27,3
DA:28,0
DA:29,0
DA:30,0
DA:31,0
DA:35,0
DA:36,0
DA:39,0
DA:40,0
DA:43,0
DA:44,0
DA:45,0
DA:47,0
DA:48,0
DA:49,0
DA:53,0
DA:54,0
DA:58,3
LF:37
LH:21
BRDA:27,0,0,0
BRF:1
BRH:0
end_of_record
TN:
SF:src\config\index.ts
FNF:0
FNH:0
DA:1,3
DA:3,3
DA:5,3
DA:6,3
DA:7,3
LF:5
LH:5
BRDA:5,0,0,3
BRDA:5,0,1,0
BRDA:6,1,0,3
BRDA:6,1,1,3
BRDA:7,2,0,3
BRDA:7,2,1,3
BRF:6
BRH:5
end_of_record
TN:
SF:src\controllers\journeyController.ts
FN:8,createJourney
FN:18,getJourneys
FN:21,(anonymous_11)
FN:27,getJourney
FN:37,updateJourney
FN:47,deleteJourney
FN:57,startJourney
FNF:7
FNH:7
FNDA:2,createJourney
FNDA:1,getJourneys
FNDA:1,(anonymous_11)
FNDA:2,getJourney
FNDA:1,updateJourney
FNDA:1,deleteJourney
FNDA:5,startJourney
DA:2,3
DA:3,3
DA:6,3
DA:8,3
DA:9,2
DA:10,2
DA:11,2
DA:12,2
DA:14,0
DA:18,3
DA:19,1
DA:20,1
DA:21,1
DA:23,0
DA:27,3
DA:28,2
DA:29,2
DA:30,2
DA:31,1
DA:33,0
DA:37,3
DA:38,1
DA:39,1
DA:40,1
DA:41,1
DA:43,0
DA:47,3
DA:48,1
DA:49,1
DA:50,1
DA:51,1
DA:53,0
DA:57,3
DA:58,5
DA:59,5
DA:60,5
DA:62,5
DA:65,5
DA:66,4
DA:67,4
DA:68,4
DA:69,1
DA:71,1
DA:72,1
DA:74,0
DA:77,5
DA:78,5
DA:80,0
LF:48
LH:41
BRDA:30,0,0,1
BRDA:40,1,0,0
BRDA:50,2,0,0
BRDA:60,3,0,0
BRDA:62,4,0,5
BRDA:62,4,1,0
BRDA:65,5,0,4
BRDA:65,5,1,1
BRDA:67,6,0,0
BRDA:69,7,0,1
BRDA:69,7,1,0
BRF:11
BRH:5
end_of_record
TN:
SF:src\controllers\patientController.ts
FN:4,createPatient
FN:14,getPatients
FN:17,(anonymous_11)
FN:23,getPatient
FN:33,updatePatient
FN:43,deletePatient
FNF:6
FNH:6
FNDA:2,createPatient
FNDA:1,getPatients
FNDA:1,(anonymous_11)
FNDA:2,getPatient
FNDA:1,updatePatient
FNDA:1,deletePatient
DA:2,3
DA:4,3
DA:5,2
DA:6,2
DA:7,2
DA:8,2
DA:10,0
DA:14,3
DA:15,1
DA:16,1
DA:17,1
DA:19,0
DA:23,3
DA:24,2
DA:25,2
DA:26,2
DA:27,1
DA:29,0
DA:33,3
DA:34,1
DA:35,1
DA:36,1
DA:37,1
DA:39,0
DA:43,3
DA:44,1
DA:45,1
DA:46,1
DA:47,1
DA:49,0
LF:30
LH:25
BRDA:26,0,0,1
BRDA:36,1,0,0
BRDA:46,2,0,0
BRF:3
BRH:1
end_of_record
TN:
SF:src\controllers\runController.ts
FN:4,toHttpError
FN:10,startJourneyRun
FN:22,resumeRun
FN:32,getRun
FN:42,listPatientRuns
FN:53,cancelRun
FNF:6
FNH:5
FNDA:1,toHttpError
FNDA:0,startJourneyRun
FNDA:1,resumeRun
FNDA:2,getRun
FNDA:1,listPatientRuns
FNDA:1,cancelRun
DA:2,3
DA:5,1
DA:6,1
DA:7,1
DA:10,3
DA:11,0
DA:12,0
DA:13,0
DA:14,0
DA:15,0
DA:17,0
DA:18,0
DA:22,3
DA:23,1
DA:24,1
DA:25,0
DA:27,1
DA:28,1
DA:32,3
DA:33,2
DA:34,2
DA:35,2
DA:37,0
DA:38,0
DA:42,3
DA:43,1
DA:44,1
DA:45,1
DA:46,1
DA:48,0
DA:49,0
DA:53,3
DA:54,1
DA:55,1
DA:56,1
DA:58,0
DA:59,0
LF:37
LH:23
BRDA:5,0,0,1
BRDA:5,0,1,0
BRDA:5,1,0,0
BRDA:5,1,1,1
BRDA:5,2,0,1
BRDA:5,2,1,1
BRDA:6,3,0,1
BRDA:6,3,1,0
BRDA:6,4,0,0
BRDA:6,4,1,1
BRDA:6,5,0,1
BRDA:6,5,1,1
BRDA:7,6,0,0
BRDA:7,6,1,1
BRDA:7,7,0,1
BRDA:7,7,1,0
BRDA:12,8,0,0
BRDA:12,8,1,0
BRDA:13,9,0,0
BRDA:14,10,0,0
BRDA:14,10,1,0
BRDA:44,11,0,1
BRDA:44,11,1,0
BRF:23
BRH:11
end_of_record
TN:
SF:src\middleware\errorHandler.ts
FN:3,(anonymous_0)
FNF:1
FNH:0
FNDA:0,(anonymous_0)
DA:3,3
DA:5,0
DA:6,0
DA:7,0
DA:10,0
DA:11,0
DA:12,0
DA:13,0
DA:16,0
DA:17,0
DA:18,0
DA:19,0
DA:23,0
DA:24,0
DA:27,0
DA:28,0
LF:16
LH:1
BRDA:10,0,0,0
BRDA:10,1,0,0
BRDA:10,1,1,0
BRDA:16,2,0,0
BRDA:16,3,0,0
BRDA:16,3,1,0
BRDA:23,4,0,0
BRDA:23,5,0,0
BRDA:23,5,1,0
BRF:9
BRH:0
end_of_record
TN:
SF:src\middleware\validation.ts
FN:3,badRequest
FN:7,validatePatient
FN:15,validateJourney
FN:23,(anonymous_3)
FNF:4
FNH:4
FNDA:2,badRequest
FNDA:4,validatePatient
FNDA:4,validateJourney
FNDA:3,(anonymous_3)
DA:4,2
DA:7,3
DA:8,4
DA:9,4
DA:10,3
DA:11,3
DA:12,3
DA:15,3
DA:16,4
DA:17,4
DA:18,1
DA:20,3
DA:21,0
DA:23,3
DA:24,3
DA:25,0
DA:27,3
DA:28,3
DA:29,0
DA:31,3
DA:32,3
DA:33,0
DA:35,0
DA:36,0
DA:37,0
DA:39,0
DA:40,0
DA:42,0
DA:43,0
DA:46,0
DA:49,3
LF:31
LH:19
BRDA:3,0,0,2
BRDA:8,1,0,4
BRDA:8,1,1,0
BRDA:9,2,0,1
BRDA:10,3,0,0
BRDA:11,4,0,0
BRDA:16,5,0,4
BRDA:16,5,1,0
BRDA:17,6,0,1
BRDA:17,7,0,4
BRDA:17,7,1,4
BRDA:20,8,0,0
BRDA:24,9,0,0
BRDA:28,10,0,0
BRDA:28,11,0,3
BRDA:28,11,1,3
BRDA:28,11,2,3
BRDA:31,12,0,3
BRDA:31,12,1,0
BRDA:31,13,0,3
BRDA:31,13,1,0
BRDA:32,14,0,0
BRDA:32,15,0,3
BRDA:32,15,1,0
BRDA:35,16,0,0
BRDA:35,16,1,0
BRDA:36,17,0,0
BRDA:36,18,0,0
BRDA:36,18,1,0
BRDA:36,18,2,0
BRDA:39,19,0,0
BRDA:39,20,0,0
BRDA:39,20,1,0
BRDA:42,21,0,0
BRDA:42,22,0,0
BRDA:42,22,1,0
BRF:36
BRH:13
end_of_record
TN:
SF:src\models\Journey.ts
FN:15,(anonymous_9)
FN:22,(anonymous_10)
FN:27,(anonymous_11)
FNF:3
FNH:0
FNDA:0,(anonymous_9)
FNDA:0,(anonymous_10)
FNDA:0,(anonymous_11)
DA:1,1
DA:2,1
DA:11,1
DA:16,0
DA:17,0
DA:18,0
DA:22,1
DA:23,0
DA:24,0
DA:25,0
DA:27,0
DA:28,0
DA:29,0
DA:31,0
DA:32,0
DA:33,0
DA:34,0
DA:36,0
DA:37,0
DA:38,0
DA:40,0
DA:41,0
DA:45,0
DA:48,1
LF:24
LH:5
BRDA:24,0,0,0
BRDA:24,1,0,0
BRDA:24,1,1,0
BRDA:28,2,0,0
BRDA:32,3,0,0
BRDA:32,3,1,0
BRDA:32,4,0,0
BRDA:32,4,1,0
BRDA:33,5,0,0
BRDA:33,6,0,0
BRDA:33,6,1,0
BRDA:36,7,0,0
BRDA:37,8,0,0
BRDA:37,9,0,0
BRDA:37,9,1,0
BRDA:40,10,0,0
BRDA:40,11,0,0
BRDA:40,11,1,0
BRDA:48,12,0,1
BRDA:48,12,1,1
BRF:20
BRH:2
end_of_record
TN:
SF:src\models\JourneyRun.ts
FN:49,(anonymous_9)
FN:59,(anonymous_10)
FNF:2
FNH:0
FNDA:0,(anonymous_9)
FNDA:0,(anonymous_10)
DA:1,1
DA:26,1
DA:34,1
DA:51,0
DA:53,0
DA:54,0
DA:55,0
DA:56,0
DA:57,0
DA:58,0
DA:59,0
DA:64,0
DA:70,1
DA:71,1
DA:72,1
DA:74,1
LF:16
LH:7
BRDA:53,0,0,0
BRDA:53,0,1,0
BRDA:55,1,0,0
BRDA:56,2,0,0
BRDA:56,2,1,0
BRDA:58,3,0,0
BRDA:61,4,0,0
BRDA:61,4,1,0
BRDA:74,5,0,1
BRDA:74,5,1,1
BRF:10
BRH:2
end_of_record
TN:
SF:src\models\Node.ts
FN:27,(anonymous_0)
FNF:1
FNH:0
FNDA:0,(anonymous_0)
DA:1,1
DA:6,1
DA:12,1
DA:27,1
DA:28,0
DA:29,0
DA:30,0
DA:32,0
DA:33,0
DA:35,0
DA:36,0
DA:37,0
DA:40,0
LF:13
LH:4
BRDA:29,0,0,0
BRDA:30,1,0,0
BRDA:32,2,0,0
BRDA:33,3,0,0
BRDA:35,4,0,0
BRDA:36,5,0,0
BRDA:36,6,0,0
BRDA:36,6,1,0
BRDA:36,6,2,0
BRF:9
BRH:0
end_of_record
TN:
SF:src\routes\journeys.ts
FNF:0
FNH:0
DA:1,3
DA:2,3
DA:3,3
DA:5,3
DA:7,3
DA:8,3
DA:9,3
DA:10,3
DA:11,3
DA:12,3
DA:14,3
LF:11
LH:11
BRF:0
BRH:0
end_of_record
TN:
SF:src\routes\patients.ts
FNF:0
FNH:0
DA:1,3
DA:2,3
DA:3,3
DA:5,3
DA:7,3
DA:8,3
DA:9,3
DA:10,3
DA:11,3
DA:13,3
LF:10
LH:10
BRF:0
BRH:0
end_of_record
TN:
SF:src\routes\runs.ts
FNF:0
FNH:0
DA:1,3
DA:2,3
DA:4,3
DA:7,3
DA:10,3
DA:11,3
DA:12,3
DA:13,3
DA:15,3
LF:9
LH:9
BRF:0
BRH:0
end_of_record
TN:
SF:src\services\journeyEngine.ts
FN:8,buildNodeMap
FN:16,validateJourney
FN:39,executeJourney
FN:40,(anonymous_3)
FN:46,(anonymous_4)
FN:56,(anonymous_5)
FNF:6
FNH:5
FNDA:4,buildNodeMap
FNDA:4,validateJourney
FNDA:4,executeJourney
FNDA:0,(anonymous_3)
FNDA:11,(anonymous_4)
FNDA:8,(anonymous_5)
DA:2,1
DA:9,4
DA:10,4
DA:11,10
DA:13,4
DA:17,4
DA:18,0
DA:20,4
DA:21,0
DA:23,4
DA:24,4
DA:25,10
DA:26,9
DA:27,9
DA:28,1
DA:30,1
DA:31,1
DA:32,1
DA:33,1
DA:34,1
DA:39,1
DA:40,4
DA:41,4
DA:42,4
DA:44,3
DA:46,3
DA:47,11
DA:48,3
DA:49,3
DA:51,8
DA:52,8
DA:53,0
DA:55,8
DA:56,8
DA:57,8
DA:61,3
LF:36
LH:33
BRDA:17,0,0,0
BRDA:17,1,0,4
BRDA:17,1,1,4
BRDA:20,2,0,0
BRDA:25,3,0,9
BRDA:25,3,1,1
BRDA:25,4,0,10
BRDA:25,4,1,2
BRDA:27,5,0,1
BRDA:27,6,0,9
BRDA:27,6,1,5
BRDA:30,7,0,1
BRDA:33,8,0,0
BRDA:33,9,0,1
BRDA:33,9,1,1
BRDA:34,10,0,0
BRDA:34,11,0,1
BRDA:34,11,1,1
BRDA:40,12,0,4
BRDA:40,12,1,3
BRDA:40,13,0,0
BRDA:40,13,1,4
BRDA:40,14,0,4
BRDA:40,14,1,4
BRDA:47,15,0,3
BRDA:52,16,0,0
BRF:26
BRH:20
end_of_record
TN:
SF:src\services\journeyExecutor.ts
FN:9,nowISO
FN:11,buildNodeMap
FN:17,validateJourney
FN:34,(anonymous_10)
FN:38,(anonymous_11)
FN:40,(anonymous_12)
FN:42,(anonymous_13)
FN:49,(anonymous_14)
FN:57,(anonymous_15)
FN:65,(anonymous_16)
FN:70,(anonymous_18)
FN:70,(anonymous_19)
FN:79,(anonymous_20)
FN:92,(anonymous_22)
FN:157,(anonymous_24)
FN:183,(anonymous_26)
FN:190,(anonymous_27)
FN:199,(anonymous_29)
FN:205,(anonymous_31)
FN:209,(anonymous_33)
FN:212,(anonymous_34)
FN:220,(anonymous_36)
FNF:22
FNH:15
FNDA:8,nowISO
FNDA:7,buildNodeMap
FNDA:7,validateJourney
FNDA:2,(anonymous_10)
FNDA:1,(anonymous_11)
FNDA:1,(anonymous_12)
FNDA:0,(anonymous_13)
FNDA:5,(anonymous_14)
FNDA:0,(anonymous_15)
FNDA:8,(anonymous_16)
FNDA:13,(anonymous_18)
FNDA:13,(anonymous_19)
FNDA:4,(anonymous_20)
FNDA:4,(anonymous_22)
FNDA:3,(anonymous_24)
FNDA:0,(anonymous_26)
FNDA:1,(anonymous_27)
FNDA:0,(anonymous_29)
FNDA:0,(anonymous_31)
FNDA:0,(anonymous_33)
FNDA:1,(anonymous_34)
FNDA:0,(anonymous_36)
DA:1,2
DA:2,2
DA:3,2
DA:4,2
DA:6,2
DA:7,2
DA:9,8
DA:12,7
DA:13,13
DA:14,7
DA:18,7
DA:19,7
DA:20,7
DA:21,7
DA:22,13
DA:23,11
DA:24,11
DA:25,2
DA:26,2
DA:27,2
DA:28,2
DA:29,2
DA:35,2
DA:39,1
DA:40,1
DA:41,1
DA:42,1
DA:43,0
DA:46,1
DA:50,5
DA:51,5
DA:52,0
DA:53,0
DA:58,0
DA:59,0
DA:60,0
DA:66,8
DA:67,8
DA:70,13
DA:71,13
DA:72,13
DA:73,13
DA:74,13
DA:75,13
DA:76,13
DA:80,4
DA:81,4
DA:82,4
DA:83,4
DA:84,4
DA:86,4
DA:87,4
DA:88,4
DA:89,4
DA:93,4
DA:94,4
DA:96,4
DA:98,4
DA:100,4
DA:101,4
DA:102,4
DA:103,5
DA:104,5
DA:105,0
DA:106,0
DA:107,0
DA:108,0
DA:109,0
DA:111,5
DA:113,5
DA:115,3
DA:116,3
DA:117,3
DA:118,3
DA:119,3
DA:122,1
DA:123,1
DA:124,1
DA:125,1
DA:126,1
DA:127,1
DA:128,1
DA:131,1
DA:132,0
DA:133,0
DA:134,0
DA:135,0
DA:138,0
DA:139,0
DA:145,2
DA:146,2
DA:147,2
DA:148,2
DA:150,1
DA:151,1
DA:152,1
DA:153,1
DA:158,3
DA:159,3
DA:162,3
DA:163,3
DA:164,3
DA:165,3
DA:166,3
DA:167,3
DA:168,3
DA:170,3
DA:183,3
DA:184,0
DA:187,3
DA:191,1
DA:192,1
DA:193,1
DA:195,1
DA:196,1
DA:200,0
DA:201,0
DA:202,0
DA:206,0
DA:207,0
DA:208,0
DA:209,0
DA:213,1
DA:214,1
DA:215,1
DA:216,1
DA:217,1
DA:221,0
DA:222,0
DA:223,0
DA:224,0
DA:225,0
DA:226,0
DA:231,2
LF:134
LH:103
BRDA:18,0,0,0
BRDA:18,1,0,7
BRDA:18,1,1,7
BRDA:19,2,0,0
BRDA:22,3,0,11
BRDA:22,3,1,2
BRDA:22,4,0,13
BRDA:22,4,1,5
BRDA:24,5,0,0
BRDA:24,6,0,11
BRDA:24,6,1,6
BRDA:25,7,0,2
BRDA:28,8,0,0
BRDA:28,9,0,2
BRDA:28,9,1,0
BRDA:29,10,0,0
BRDA:29,11,0,2
BRDA:29,11,1,0
BRDA:51,12,0,0
BRDA:66,13,0,8
BRDA:66,13,1,8
BRDA:70,14,0,0
BRDA:72,15,0,6
BRDA:72,16,0,2
BRDA:72,16,1,4
BRDA:72,17,0,6
BRDA:72,17,1,2
BRDA:73,18,0,6
BRDA:73,19,0,1
BRDA:73,19,1,5
BRDA:73,20,0,6
BRDA:73,20,1,1
BRDA:74,21,0,4
BRDA:74,22,0,4
BRDA:74,22,1,0
BRDA:74,23,0,4
BRDA:74,23,1,4
BRDA:75,24,0,2
BRDA:81,25,0,0
BRDA:87,26,0,0
BRDA:94,27,0,0
BRDA:104,28,0,0
BRDA:113,29,0,3
BRDA:113,29,1,1
BRDA:113,29,2,1
BRDA:113,29,3,0
BRDA:122,30,0,1
BRDA:122,30,1,0
BRDA:126,31,0,1
BRDA:126,31,1,0
BRDA:126,32,0,1
BRDA:126,32,1,1
BRDA:133,33,0,0
BRDA:133,33,1,0
BRDA:151,34,0,1
BRDA:151,34,1,0
BRDA:151,35,0,1
BRDA:151,35,1,0
BRDA:151,36,0,0
BRDA:151,36,1,1
BRDA:151,37,0,1
BRDA:151,37,1,1
BRDA:152,38,0,0
BRDA:152,38,1,1
BRDA:152,39,0,1
BRDA:152,39,1,1
BRDA:158,40,0,3
BRDA:158,40,1,0
BRDA:163,41,0,0
BRDA:165,42,0,0
BRDA:192,43,0,0
BRDA:193,44,0,0
BRDA:201,45,0,0
BRDA:207,46,0,0
BRDA:214,47,0,0
BRDA:216,48,0,1
BRDA:216,48,1,0
BRF:77
BRH:45
end_of_record
TN:
SF:src\services\messageService.ts
FN:1,sendMessage
FNF:1
FNH:1
FNDA:3,sendMessage
DA:1,2
DA:3,3
LF:2
LH:2
BRF:0
BRH:0
end_of_record
TN:
SF:src\services\nodeProcessor.ts
FN:6,evaluateCondition
FN:16,(anonymous_1)
FN:55,processMessage
FN:60,processDelay
FN:68,(anonymous_4)
FN:71,processConditional
FN:80,processNode
FNF:7
FNH:7
FNDA:17,evaluateCondition
FNDA:3,(anonymous_1)
FNDA:8,processMessage
FNDA:4,processDelay
FNDA:3,(anonymous_4)
FNDA:2,processConditional
FNDA:10,processNode
DA:2,4
DA:6,4
DA:10,17
DA:13,17
DA:14,17
DA:16,17
DA:17,3
DA:20,17
DA:21,17
DA:22,2
DA:25,15
DA:26,3
DA:27,3
DA:29,1
DA:31,1
DA:33,1
DA:37,12
DA:39,2
DA:41,2
DA:43,5
DA:45,1
DA:47,1
DA:49,1
DA:51,0
DA:55,4
DA:56,8
DA:57,8
DA:60,4
DA:66,4
DA:67,4
DA:68,4
DA:71,4
DA:72,2
DA:73,2
DA:74,2
DA:77,2
DA:80,4
DA:86,10
DA:88,7
DA:89,7
DA:90,7
DA:93,2
DA:94,2
DA:97,1
DA:98,1
DA:99,1
DA:103,0
DA:104,0
LF:48
LH:45
BRDA:13,0,0,1
BRDA:13,0,1,16
BRDA:21,1,0,2
BRDA:25,2,0,3
BRDA:27,3,0,1
BRDA:27,3,1,1
BRDA:27,3,2,1
BRDA:37,4,0,2
BRDA:37,4,1,2
BRDA:37,4,2,5
BRDA:37,4,3,1
BRDA:37,4,4,1
BRDA:37,4,5,1
BRDA:37,4,6,0
BRDA:66,5,0,4
BRDA:66,5,1,0
BRDA:67,6,0,3
BRDA:67,6,1,1
BRDA:67,7,0,4
BRDA:67,7,1,3
BRDA:73,8,0,2
BRDA:73,8,1,0
BRDA:86,9,0,7
BRDA:86,9,1,2
BRDA:86,9,2,1
BRDA:86,9,3,0
BRF:26
BRH:22
end_of_record
TN:
SF:src\utils\database.ts
FN:4,log
FN:8,connectDB
FN:8,(anonymous_10)
FN:20,disconnectDB
FN:30,(anonymous_13)
FN:34,(anonymous_14)
FNF:6
FNH:0
FNDA:0,log
FNDA:0,connectDB
FNDA:0,(anonymous_10)
FNDA:0,disconnectDB
FNDA:0,(anonymous_13)
FNDA:0,(anonymous_14)
DA:1,3
DA:2,3
DA:5,0
DA:8,3
DA:9,0
DA:10,0
DA:11,0
DA:12,0
DA:13,0
DA:15,0
DA:16,0
DA:20,3
DA:21,0
DA:22,0
DA:23,0
DA:25,0
DA:30,3
DA:31,0
DA:34,3
DA:35,0
LF:20
LH:6
BRDA:8,0,0,0
BRF:1
BRH:0
end_of_record
