TN:
SF:src\index.ts
FN:9,createApp
FN:18,(anonymous_9)
FN:25,(anonymous_10)
FN:25,(anonymous_11)
FN:27,(anonymous_12)
FN:31,(anonymous_13)
FN:35,(anonymous_14)
FN:35,(anonymous_15)
FN:37,(anonymous_16)
FN:37,(anonymous_17)
FN:43,(anonymous_18)
FN:44,(anonymous_19)
FNF:12
FNH:1
FNDA:2,createApp
FNDA:0,(anonymous_9)
FNDA:0,(anonymous_10)
FNDA:0,(anonymous_11)
FNDA:0,(anonymous_12)
FNDA:0,(anonymous_13)
FNDA:0,(anonymous_14)
FNDA:0,(anonymous_15)
FNDA:0,(anonymous_16)
FNDA:0,(anonymous_17)
FNDA:0,(anonymous_18)
FNDA:0,(anonymous_19)
DA:1,2
DA:2,2
DA:3,2
DA:4,2
DA:5,2
DA:6,2
DA:7,2
DA:9,2
DA:10,2
DA:11,2
DA:12,2
DA:14,2
DA:15,2
DA:18,2
DA:20,2
DA:21,2
DA:24,2
DA:25,0
DA:26,0
DA:27,0
DA:28,0
DA:31,0
DA:32,0
DA:35,0
DA:36,0
DA:37,0
DA:38,0
DA:39,0
DA:43,0
DA:44,0
DA:48,2
LF:31
LH:18
BRDA:24,0,0,0
BRF:1
BRH:0
end_of_record
TN:
SF:src\config\index.ts
FNF:0
FNH:0
DA:1,2
DA:3,2
DA:5,2
DA:6,2
DA:7,2
LF:5
LH:5
BRDA:5,0,0,2
BRDA:5,0,1,0
BRDA:6,1,0,2
BRDA:6,1,1,2
BRDA:7,2,0,2
BRDA:7,2,1,2
BRF:6
BRH:5
end_of_record
TN:
SF:src\controllers\journeyController.ts
FN:7,createJourney
FN:17,getJourneys
FN:20,(anonymous_11)
FN:26,getJourney
FN:36,updateJourney
FN:46,deleteJourney
FN:56,startJourney
FNF:7
FNH:7
FNDA:1,createJourney
FNDA:1,getJourneys
FNDA:1,(anonymous_11)
FNDA:2,getJourney
FNDA:1,updateJourney
FNDA:1,deleteJourney
FNDA:1,startJourney
DA:2,2
DA:3,2
DA:4,2
DA:7,2
DA:8,1
DA:9,1
DA:10,1
DA:11,1
DA:13,0
DA:17,2
DA:18,1
DA:19,1
DA:20,1
DA:22,0
DA:26,2
DA:27,2
DA:28,2
DA:29,2
DA:30,1
DA:32,0
DA:36,2
DA:37,1
DA:38,1
DA:39,1
DA:40,1
DA:42,0
DA:46,2
DA:47,1
DA:48,1
DA:49,1
DA:50,1
DA:52,0
DA:56,2
DA:57,1
DA:58,1
DA:59,1
DA:61,1
DA:62,1
DA:64,1
DA:65,1
DA:66,0
DA:67,0
DA:68,0
DA:69,0
DA:71,0
DA:74,1
DA:75,1
DA:77,0
LF:48
LH:37
BRDA:29,0,0,1
BRDA:39,1,0,0
BRDA:49,2,0,0
BRDA:59,3,0,0
BRDA:62,4,0,1
BRDA:62,4,1,0
BRDA:64,5,0,1
BRDA:64,5,1,0
BRDA:66,6,0,0
BRDA:66,6,1,0
BRDA:68,7,0,0
BRF:11
BRH:3
end_of_record
TN:
SF:src\controllers\patientController.ts
FN:4,createPatient
FN:14,getPatients
FN:17,(anonymous_11)
FN:23,getPatient
FN:33,updatePatient
FN:43,deletePatient
FNF:6
FNH:6
FNDA:1,createPatient
FNDA:1,getPatients
FNDA:1,(anonymous_11)
FNDA:2,getPatient
FNDA:1,updatePatient
FNDA:1,deletePatient
DA:2,2
DA:4,2
DA:5,1
DA:6,1
DA:7,1
DA:8,1
DA:10,0
DA:14,2
DA:15,1
DA:16,1
DA:17,1
DA:19,0
DA:23,2
DA:24,2
DA:25,2
DA:26,2
DA:27,1
DA:29,0
DA:33,2
DA:34,1
DA:35,1
DA:36,1
DA:37,1
DA:39,0
DA:43,2
DA:44,1
DA:45,1
DA:46,1
DA:47,1
DA:49,0
LF:30
LH:25
BRDA:26,0,0,1
BRDA:36,1,0,0
BRDA:46,2,0,0
BRF:3
BRH:1
end_of_record
TN:
SF:src\middleware\errorHandler.ts
FN:3,(anonymous_0)
FNF:1
FNH:0
FNDA:0,(anonymous_0)
DA:3,2
DA:5,0
DA:6,0
DA:7,0
DA:10,0
DA:11,0
DA:12,0
DA:13,0
DA:16,0
DA:17,0
DA:18,0
DA:19,0
DA:23,0
DA:24,0
DA:27,0
DA:28,0
LF:16
LH:1
BRDA:10,0,0,0
BRDA:10,1,0,0
BRDA:10,1,1,0
BRDA:16,2,0,0
BRDA:16,3,0,0
BRDA:16,3,1,0
BRDA:23,4,0,0
BRDA:23,5,0,0
BRDA:23,5,1,0
BRF:9
BRH:0
end_of_record
TN:
SF:src\middleware\validation.ts
FN:3,badRequest
FN:7,validatePatient
FN:15,validateJourney
FN:23,(anonymous_3)
FNF:4
FNH:4
FNDA:2,badRequest
FNDA:3,validatePatient
FNDA:3,validateJourney
FNDA:2,(anonymous_3)
DA:4,2
DA:7,2
DA:8,3
DA:9,3
DA:10,2
DA:11,2
DA:12,2
DA:15,2
DA:16,3
DA:17,3
DA:18,1
DA:20,2
DA:21,0
DA:23,2
DA:24,2
DA:25,0
DA:27,2
DA:28,2
DA:29,0
DA:31,2
DA:32,2
DA:33,0
DA:35,0
DA:36,0
DA:37,0
DA:39,0
DA:40,0
DA:42,0
DA:43,0
DA:46,0
DA:49,2
LF:31
LH:19
BRDA:3,0,0,2
BRDA:8,1,0,3
BRDA:8,1,1,0
BRDA:9,2,0,1
BRDA:10,3,0,0
BRDA:11,4,0,0
BRDA:16,5,0,3
BRDA:16,5,1,0
BRDA:17,6,0,1
BRDA:17,7,0,3
BRDA:17,7,1,3
BRDA:20,8,0,0
BRDA:24,9,0,0
BRDA:28,10,0,0
BRDA:28,11,0,2
BRDA:28,11,1,2
BRDA:28,11,2,2
BRDA:31,12,0,2
BRDA:31,12,1,0
BRDA:31,13,0,2
BRDA:31,13,1,0
BRDA:32,14,0,0
BRDA:32,15,0,2
BRDA:32,15,1,0
BRDA:35,16,0,0
BRDA:35,16,1,0
BRDA:36,17,0,0
BRDA:36,18,0,0
BRDA:36,18,1,0
BRDA:36,18,2,0
BRDA:39,19,0,0
BRDA:39,20,0,0
BRDA:39,20,1,0
BRDA:42,21,0,0
BRDA:42,22,0,0
BRDA:42,22,1,0
BRF:36
BRH:13
end_of_record
TN:
SF:src\models\Journey.ts
FN:15,(anonymous_9)
FN:22,(anonymous_10)
FN:27,(anonymous_11)
FNF:3
FNH:0
FNDA:0,(anonymous_9)
FNDA:0,(anonymous_10)
FNDA:0,(anonymous_11)
DA:1,1
DA:2,1
DA:11,1
DA:16,0
DA:17,0
DA:18,0
DA:22,1
DA:23,0
DA:24,0
DA:25,0
DA:27,0
DA:28,0
DA:29,0
DA:31,0
DA:32,0
DA:33,0
DA:34,0
DA:36,0
DA:37,0
DA:38,0
DA:40,0
DA:41,0
DA:45,0
DA:48,1
LF:24
LH:5
BRDA:24,0,0,0
BRDA:24,1,0,0
BRDA:24,1,1,0
BRDA:28,2,0,0
BRDA:32,3,0,0
BRDA:32,3,1,0
BRDA:32,4,0,0
BRDA:32,4,1,0
BRDA:33,5,0,0
BRDA:33,6,0,0
BRDA:33,6,1,0
BRDA:36,7,0,0
BRDA:37,8,0,0
BRDA:37,9,0,0
BRDA:37,9,1,0
BRDA:40,10,0,0
BRDA:40,11,0,0
BRDA:40,11,1,0
BRDA:48,12,0,1
BRDA:48,12,1,1
BRF:20
BRH:2
end_of_record
TN:
SF:src\models\Node.ts
FN:27,(anonymous_0)
FNF:1
FNH:0
FNDA:0,(anonymous_0)
DA:1,1
DA:6,1
DA:12,1
DA:27,1
DA:28,0
DA:29,0
DA:30,0
DA:32,0
DA:33,0
DA:35,0
DA:36,0
DA:37,0
DA:40,0
LF:13
LH:4
BRDA:29,0,0,0
BRDA:30,1,0,0
BRDA:32,2,0,0
BRDA:33,3,0,0
BRDA:35,4,0,0
BRDA:36,5,0,0
BRDA:36,6,0,0
BRDA:36,6,1,0
BRDA:36,6,2,0
BRF:9
BRH:0
end_of_record
TN:
SF:src\routes\journeys.ts
FNF:0
FNH:0
DA:1,2
DA:2,2
DA:3,2
DA:5,2
DA:7,2
DA:8,2
DA:9,2
DA:10,2
DA:11,2
DA:12,2
DA:14,2
LF:11
LH:11
BRF:0
BRH:0
end_of_record
TN:
SF:src\routes\patients.ts
FNF:0
FNH:0
DA:1,2
DA:2,2
DA:3,2
DA:5,2
DA:7,2
DA:8,2
DA:9,2
DA:10,2
DA:11,2
DA:13,2
LF:10
LH:10
BRF:0
BRH:0
end_of_record
TN:
SF:src\services\journeyEngine.ts
FN:8,buildNodeMap
FN:16,validateJourney
FN:39,executeJourney
FN:40,(anonymous_3)
FN:46,(anonymous_4)
FN:56,(anonymous_5)
FNF:6
FNH:5
FNDA:5,buildNodeMap
FNDA:5,validateJourney
FNDA:5,executeJourney
FNDA:0,(anonymous_3)
FNDA:13,(anonymous_4)
FNDA:9,(anonymous_5)
DA:2,3
DA:9,5
DA:10,5
DA:11,11
DA:13,5
DA:17,5
DA:18,0
DA:20,5
DA:21,0
DA:23,5
DA:24,5
DA:25,11
DA:26,10
DA:27,10
DA:28,1
DA:30,1
DA:31,1
DA:32,1
DA:33,1
DA:34,1
DA:39,3
DA:40,5
DA:41,5
DA:42,5
DA:44,4
DA:46,4
DA:47,13
DA:48,4
DA:49,4
DA:51,9
DA:52,9
DA:53,0
DA:55,9
DA:56,9
DA:57,9
DA:61,4
LF:36
LH:33
BRDA:17,0,0,0
BRDA:17,1,0,5
BRDA:17,1,1,5
BRDA:20,2,0,0
BRDA:25,3,0,10
BRDA:25,3,1,1
BRDA:25,4,0,11
BRDA:25,4,1,2
BRDA:27,5,0,1
BRDA:27,6,0,10
BRDA:27,6,1,5
BRDA:30,7,0,1
BRDA:33,8,0,0
BRDA:33,9,0,1
BRDA:33,9,1,1
BRDA:34,10,0,0
BRDA:34,11,0,1
BRDA:34,11,1,1
BRDA:40,12,0,5
BRDA:40,12,1,4
BRDA:40,13,0,1
BRDA:40,13,1,4
BRDA:40,14,0,5
BRDA:40,14,1,5
BRDA:47,15,0,4
BRDA:52,16,0,0
BRF:26
BRH:21
end_of_record
TN:
SF:src\services\messageService.ts
FN:1,sendMessage
FNF:1
FNH:1
FNDA:1,sendMessage
DA:1,2
DA:3,1
LF:2
LH:2
BRF:0
BRH:0
end_of_record
TN:
SF:src\services\nodeProcessor.ts
FN:6,evaluateCondition
FN:16,(anonymous_1)
FN:55,processMessage
FN:60,processDelay
FN:68,(anonymous_4)
FN:71,processConditional
FN:80,processNode
FNF:7
FNH:7
FNDA:16,evaluateCondition
FNDA:3,(anonymous_1)
FNDA:9,processMessage
FNDA:4,processDelay
FNDA:3,(anonymous_4)
FNDA:2,processConditional
FNDA:11,processNode
DA:2,4
DA:6,4
DA:10,16
DA:13,16
DA:14,16
DA:16,16
DA:17,3
DA:20,16
DA:21,16
DA:22,1
DA:25,15
DA:26,3
DA:27,3
DA:29,1
DA:31,1
DA:33,1
DA:37,12
DA:39,2
DA:41,2
DA:43,5
DA:45,1
DA:47,1
DA:49,1
DA:51,0
DA:55,4
DA:56,9
DA:57,9
DA:60,4
DA:66,4
DA:67,4
DA:68,4
DA:71,4
DA:72,2
DA:73,2
DA:74,2
DA:77,2
DA:80,4
DA:86,11
DA:88,8
DA:89,8
DA:90,8
DA:93,2
DA:94,2
DA:97,1
DA:98,1
DA:99,1
DA:103,0
DA:104,0
LF:48
LH:45
BRDA:13,0,0,1
BRDA:13,0,1,15
BRDA:21,1,0,1
BRDA:25,2,0,3
BRDA:27,3,0,1
BRDA:27,3,1,1
BRDA:27,3,2,1
BRDA:37,4,0,2
BRDA:37,4,1,2
BRDA:37,4,2,5
BRDA:37,4,3,1
BRDA:37,4,4,1
BRDA:37,4,5,1
BRDA:37,4,6,0
BRDA:66,5,0,4
BRDA:66,5,1,0
BRDA:67,6,0,3
BRDA:67,6,1,1
BRDA:67,7,0,4
BRDA:67,7,1,3
BRDA:73,8,0,2
BRDA:73,8,1,0
BRDA:86,9,0,8
BRDA:86,9,1,2
BRDA:86,9,2,1
BRDA:86,9,3,0
BRF:26
BRH:22
end_of_record
TN:
SF:src\utils\database.ts
FN:4,log
FN:8,connectDB
FN:8,(anonymous_10)
FN:20,disconnectDB
FN:30,(anonymous_13)
FN:34,(anonymous_14)
FNF:6
FNH:0
FNDA:0,log
FNDA:0,connectDB
FNDA:0,(anonymous_10)
FNDA:0,disconnectDB
FNDA:0,(anonymous_13)
FNDA:0,(anonymous_14)
DA:1,2
DA:2,2
DA:5,0
DA:8,2
DA:9,0
DA:10,0
DA:11,0
DA:12,0
DA:13,0
DA:15,0
DA:16,0
DA:20,2
DA:21,0
DA:22,0
DA:23,0
DA:25,0
DA:30,2
DA:31,0
DA:34,2
DA:35,0
LF:20
LH:6
BRDA:8,0,0,0
BRF:1
BRH:0
end_of_record
